[0.033s] Invoking command in '/home/nmolla/ros2_ws/build/my_robot_bringup': CMAKE_PREFIX_PATH=/home/nmolla/ros2_ws/install/turtlesim_catch_them_all:/home/nmolla/ros2_ws/install/my_cpp_pkg:/home/nmolla/ros2_ws/install/my_robot_interfaces:/home/nmolla/ros2_ws/install/my_robot_bringup:/opt/ros/galactic /usr/bin/cmake --build /home/nmolla/ros2_ws/build/my_robot_bringup -- -j4 -l4
[0.102s] Invoked command in '/home/nmolla/ros2_ws/build/my_robot_bringup' returned '0': CMAKE_PREFIX_PATH=/home/nmolla/ros2_ws/install/turtlesim_catch_them_all:/home/nmolla/ros2_ws/install/my_cpp_pkg:/home/nmolla/ros2_ws/install/my_robot_interfaces:/home/nmolla/ros2_ws/install/my_robot_bringup:/opt/ros/galactic /usr/bin/cmake --build /home/nmolla/ros2_ws/build/my_robot_bringup -- -j4 -l4
[0.167s] Invoking command in '/home/nmolla/ros2_ws/build/my_robot_bringup': CMAKE_PREFIX_PATH=/home/nmolla/ros2_ws/install/turtlesim_catch_them_all:/home/nmolla/ros2_ws/install/my_cpp_pkg:/home/nmolla/ros2_ws/install/my_robot_interfaces:/home/nmolla/ros2_ws/install/my_robot_bringup:/opt/ros/galactic /usr/bin/cmake --install /home/nmolla/ros2_ws/build/my_robot_bringup
[0.182s] -- Install configuration: ""
[0.182s] -- Execute custom install script
[0.183s] -- Up-to-date symlink: /home/nmolla/ros2_ws/install/my_robot_bringup/share/my_robot_bringup/launch/number_app.launch.py
[0.183s] -- Up-to-date symlink: /home/nmolla/ros2_ws/install/my_robot_bringup/share/my_robot_bringup/launch/turtlsim_catch_them_all.launch.py
[0.184s] -- Up-to-date symlink: /home/nmolla/ros2_ws/install/my_robot_bringup/share/ament_index/resource_index/package_run_dependencies/my_robot_bringup
[0.185s] -- Up-to-date symlink: /home/nmolla/ros2_ws/install/my_robot_bringup/share/ament_index/resource_index/parent_prefix_path/my_robot_bringup
[0.185s] -- Up-to-date symlink: /home/nmolla/ros2_ws/install/my_robot_bringup/share/my_robot_bringup/environment/ament_prefix_path.sh
[0.186s] -- Up-to-date symlink: /home/nmolla/ros2_ws/install/my_robot_bringup/share/my_robot_bringup/environment/ament_prefix_path.dsv
[0.187s] -- Up-to-date symlink: /home/nmolla/ros2_ws/install/my_robot_bringup/share/my_robot_bringup/environment/path.sh
[0.187s] -- Up-to-date symlink: /home/nmolla/ros2_ws/install/my_robot_bringup/share/my_robot_bringup/environment/path.dsv
[0.188s] -- Up-to-date symlink: /home/nmolla/ros2_ws/install/my_robot_bringup/share/my_robot_bringup/local_setup.bash
[0.189s] -- Up-to-date symlink: /home/nmolla/ros2_ws/install/my_robot_bringup/share/my_robot_bringup/local_setup.sh
[0.189s] -- Up-to-date symlink: /home/nmolla/ros2_ws/install/my_robot_bringup/share/my_robot_bringup/local_setup.zsh
[0.190s] -- Up-to-date symlink: /home/nmolla/ros2_ws/install/my_robot_bringup/share/my_robot_bringup/local_setup.dsv
[0.190s] -- Symlinking: /home/nmolla/ros2_ws/install/my_robot_bringup/share/my_robot_bringup/package.dsv
[0.207s] -- Up-to-date symlink: /home/nmolla/ros2_ws/install/my_robot_bringup/share/ament_index/resource_index/packages/my_robot_bringup
[0.207s] -- Up-to-date symlink: /home/nmolla/ros2_ws/install/my_robot_bringup/share/my_robot_bringup/cmake/my_robot_bringupConfig.cmake
[0.207s] -- Up-to-date symlink: /home/nmolla/ros2_ws/install/my_robot_bringup/share/my_robot_bringup/cmake/my_robot_bringupConfig-version.cmake
[0.208s] -- Up-to-date symlink: /home/nmolla/ros2_ws/install/my_robot_bringup/share/my_robot_bringup/package.xml
[0.212s] Invoked command in '/home/nmolla/ros2_ws/build/my_robot_bringup' returned '0': CMAKE_PREFIX_PATH=/home/nmolla/ros2_ws/install/turtlesim_catch_them_all:/home/nmolla/ros2_ws/install/my_cpp_pkg:/home/nmolla/ros2_ws/install/my_robot_interfaces:/home/nmolla/ros2_ws/install/my_robot_bringup:/opt/ros/galactic /usr/bin/cmake --install /home/nmolla/ros2_ws/build/my_robot_bringup
