[0.028s] Invoking command in '/home/nmolla/ros2_ws/build/my_cpp_pkg': /usr/bin/cmake --build /home/nmolla/ros2_ws/build/my_cpp_pkg -- -j4 -l4
[0.097s] -- Found ament_cmake: 1.1.6 (/opt/ros/galactic/share/ament_cmake/cmake)
[0.156s] -- Using PYTHON_EXECUTABLE: /usr/bin/python3
[0.270s] -- Found rclcpp: 9.2.2 (/opt/ros/galactic/share/rclcpp/cmake)
[0.364s] -- Using all available rosidl_typesupport_c: rosidl_typesupport_fastrtps_c;rosidl_typesupport_introspection_c
[0.371s] -- Found rosidl_adapter: 2.2.3 (/opt/ros/galactic/share/rosidl_adapter/cmake)
[0.564s] -- Using all available rosidl_typesupport_cpp: rosidl_typesupport_fastrtps_cpp;rosidl_typesupport_introspection_cpp
[0.659s] -- Found rmw_implementation_cmake: 3.3.1 (/opt/ros/galactic/share/rmw_implementation_cmake/cmake)
[0.663s] -- Found rmw_cyclonedds_cpp: 0.22.6 (/opt/ros/galactic/share/rmw_cyclonedds_cpp/cmake)
[0.696s] -- Using RMW implementation 'rmw_cyclonedds_cpp' as default
[0.949s] -- Found example_interfaces: 0.9.2 (/opt/ros/galactic/share/example_interfaces/cmake)
[1.140s] CMake Error at CMakeLists.txt:18 (ament_targert_dependencies):
[1.140s]   Unknown CMake command "ament_targert_dependencies".
[1.140s] 
[1.140s] 
[1.143s] -- Configuring incomplete, errors occurred!
[1.143s] See also "/home/nmolla/ros2_ws/build/my_cpp_pkg/CMakeFiles/CMakeOutput.log".
[1.143s] See also "/home/nmolla/ros2_ws/build/my_cpp_pkg/CMakeFiles/CMakeError.log".
[1.153s] make: *** [Makefile:266: cmake_check_build_system] Error 1
[1.156s] Invoked command in '/home/nmolla/ros2_ws/build/my_cpp_pkg' returned '2': /usr/bin/cmake --build /home/nmolla/ros2_ws/build/my_cpp_pkg -- -j4 -l4
