[0.026s] Invoking command in '/home/nmolla/ros2_ws/build/my_cpp_pkg': CMAKE_PREFIX_PATH=${CMAKE_PREFIX_PATH}:/opt/ros/galactic /usr/bin/cmake --build /home/nmolla/ros2_ws/build/my_cpp_pkg -- -j4 -l4
[0.118s] [35m[1mScanning dependencies of target number_counter[0m
[0.145s] [ 12%] Built target cpp_node
[0.148s] [ 25%] Built target robot_news_station
[0.152s] [ 37%] Built target number_publisher
[0.201s] [ 43%] [32mBuilding CXX object CMakeFiles/number_counter.dir/src/number_counter.cpp.o[0m
[0.206s] [ 56%] Built target smartphone
[0.216s] [ 68%] Built target add_two_ints_server
[0.217s] [ 81%] Built target add_two_ints_client_no_oop
[0.237s] [35m[1mScanning dependencies of target add_two_ints_client[0m
[0.285s] [ 87%] [32mBuilding CXX object CMakeFiles/add_two_ints_client.dir/src/add_two_ints_client.cpp.o[0m
[2.729s] In file included from [01m[K/opt/ros/galactic/include/rclcpp/client.hpp:40[m[K,
[2.729s]                  from [01m[K/opt/ros/galactic/include/rclcpp/callback_group.hpp:23[m[K,
[2.730s]                  from [01m[K/opt/ros/galactic/include/rclcpp/any_executable.hpp:20[m[K,
[2.730s]                  from [01m[K/opt/ros/galactic/include/rclcpp/memory_strategy.hpp:25[m[K,
[2.730s]                  from [01m[K/opt/ros/galactic/include/rclcpp/memory_strategies.hpp:18[m[K,
[2.730s]                  from [01m[K/opt/ros/galactic/include/rclcpp/executor_options.hpp:20[m[K,
[2.730s]                  from [01m[K/opt/ros/galactic/include/rclcpp/executor.hpp:36[m[K,
[2.730s]                  from [01m[K/opt/ros/galactic/include/rclcpp/executors/multi_threaded_executor.hpp:26[m[K,
[2.730s]                  from [01m[K/opt/ros/galactic/include/rclcpp/executors.hpp:21[m[K,
[2.731s]                  from [01m[K/opt/ros/galactic/include/rclcpp/rclcpp.hpp:156[m[K,
[2.731s]                  from [01m[K/home/nmolla/ros2_ws/src/my_cpp_pkg/src/add_two_ints_client.cpp:1[m[K:
[2.731s] [01m[K/home/nmolla/ros2_ws/src/my_cpp_pkg/src/add_two_ints_client.cpp:[m[K In member function ‘[01m[Kvoid AddTwoIntsClientNode::callAddTwoIntsServoce(int, int)[m[K’:
[2.731s] [01m[K/home/nmolla/ros2_ws/src/my_cpp_pkg/src/add_two_ints_client.cpp:36:41:[m[K [01;35m[Kwarning: [m[Kformat ‘[01m[K%d[m[K’ expects argument of type ‘[01m[Kint[m[K’, but argument 5 has type ‘[01m[Kexample_interfaces::srv::AddTwoInts_Request_<std::allocator<void> >::_a_type[m[K’ {aka ‘[01m[Klong int[m[K’} [[01;35m[K-Wformat=[m[K]
[2.731s]    36 |         RCLCPP_INFO(this->get_logger(), [01;35m[K"%d + %d = %d"[m[K, [32m[Krequest->a[m[K, request->b, future.get()->sum);
[2.731s]       |                                         [01;35m[K^~~~~~~~~~~~~~[m[K  [32m[K~~~~~~~~~~[m[K
[2.732s]       |                                                                  [32m[K|[m[K
[2.732s]       |                                                                  [32m[Kexample_interfaces::srv::AddTwoInts_Request_<std::allocator<void> >::_a_type {aka long int}[m[K
[2.732s] [01m[K/home/nmolla/ros2_ws/src/my_cpp_pkg/src/add_two_ints_client.cpp:36:43:[m[K [01;36m[Knote: [m[Kformat string is defined here
[2.732s]    36 |         RCLCPP_INFO(this->get_logger(), "[01;36m[K%d[m[K + %d = %d", request->a, request->b, future.get()->sum);
[2.732s]       |                                          [01;36m[K~^[m[K
[2.732s]       |                                           [01;36m[K|[m[K
[2.733s]       |                                           [01;36m[Kint[m[K
[2.733s]       |                                          [32m[K%ld[m[K
[2.734s] In file included from [01m[K/opt/ros/galactic/include/rclcpp/client.hpp:40[m[K,
[2.734s]                  from [01m[K/opt/ros/galactic/include/rclcpp/callback_group.hpp:23[m[K,
[2.734s]                  from [01m[K/opt/ros/galactic/include/rclcpp/any_executable.hpp:20[m[K,
[2.734s]                  from [01m[K/opt/ros/galactic/include/rclcpp/memory_strategy.hpp:25[m[K,
[2.734s]                  from [01m[K/opt/ros/galactic/include/rclcpp/memory_strategies.hpp:18[m[K,
[2.735s]                  from [01m[K/opt/ros/galactic/include/rclcpp/executor_options.hpp:20[m[K,
[2.735s]                  from [01m[K/opt/ros/galactic/include/rclcpp/executor.hpp:36[m[K,
[2.735s]                  from [01m[K/opt/ros/galactic/include/rclcpp/executors/multi_threaded_executor.hpp:26[m[K,
[2.735s]                  from [01m[K/opt/ros/galactic/include/rclcpp/executors.hpp:21[m[K,
[2.735s]                  from [01m[K/opt/ros/galactic/include/rclcpp/rclcpp.hpp:156[m[K,
[2.735s]                  from [01m[K/home/nmolla/ros2_ws/src/my_cpp_pkg/src/add_two_ints_client.cpp:1[m[K:
[2.735s] [01m[K/home/nmolla/ros2_ws/src/my_cpp_pkg/src/add_two_ints_client.cpp:36:41:[m[K [01;35m[Kwarning: [m[Kformat ‘[01m[K%d[m[K’ expects argument of type ‘[01m[Kint[m[K’, but argument 6 has type ‘[01m[Kexample_interfaces::srv::AddTwoInts_Request_<std::allocator<void> >::_b_type[m[K’ {aka ‘[01m[Klong int[m[K’} [[01;35m[K-Wformat=[m[K]
[2.736s]    36 |         RCLCPP_INFO(this->get_logger(), [01;35m[K"%d + %d = %d"[m[K, request->a, [32m[Krequest->b[m[K, future.get()->sum);
[2.736s]       |                                         [01;35m[K^~~~~~~~~~~~~~[m[K              [32m[K~~~~~~~~~~[m[K
[2.736s]       |                                                                              [32m[K|[m[K
[2.736s]       |                                                                              [32m[Kexample_interfaces::srv::AddTwoInts_Request_<std::allocator<void> >::_b_type {aka long int}[m[K
[2.736s] [01m[K/home/nmolla/ros2_ws/src/my_cpp_pkg/src/add_two_ints_client.cpp:36:48:[m[K [01;36m[Knote: [m[Kformat string is defined here
[2.736s]    36 |         RCLCPP_INFO(this->get_logger(), "%d + [01;36m[K%d[m[K = %d", request->a, request->b, future.get()->sum);
[2.736s]       |                                               [01;36m[K~^[m[K
[2.737s]       |                                                [01;36m[K|[m[K
[2.737s]       |                                                [01;36m[Kint[m[K
[2.737s]       |                                               [32m[K%ld[m[K
[2.737s] In file included from [01m[K/opt/ros/galactic/include/rclcpp/client.hpp:40[m[K,
[2.737s]                  from [01m[K/opt/ros/galactic/include/rclcpp/callback_group.hpp:23[m[K,
[2.737s]                  from [01m[K/opt/ros/galactic/include/rclcpp/any_executable.hpp:20[m[K,
[2.738s]                  from [01m[K/opt/ros/galactic/include/rclcpp/memory_strategy.hpp:25[m[K,
[2.738s]                  from [01m[K/opt/ros/galactic/include/rclcpp/memory_strategies.hpp:18[m[K,
[2.738s]                  from [01m[K/opt/ros/galactic/include/rclcpp/executor_options.hpp:20[m[K,
[2.738s]                  from [01m[K/opt/ros/galactic/include/rclcpp/executor.hpp:36[m[K,
[2.738s]                  from [01m[K/opt/ros/galactic/include/rclcpp/executors/multi_threaded_executor.hpp:26[m[K,
[2.738s]                  from [01m[K/opt/ros/galactic/include/rclcpp/executors.hpp:21[m[K,
[2.738s]                  from [01m[K/opt/ros/galactic/include/rclcpp/rclcpp.hpp:156[m[K,
[2.739s]                  from [01m[K/home/nmolla/ros2_ws/src/my_cpp_pkg/src/add_two_ints_client.cpp:1[m[K:
[2.739s] [01m[K/home/nmolla/ros2_ws/src/my_cpp_pkg/src/add_two_ints_client.cpp:36:41:[m[K [01;35m[Kwarning: [m[Kformat ‘[01m[K%d[m[K’ expects argument of type ‘[01m[Kint[m[K’, but argument 7 has type ‘[01m[Kexample_interfaces::srv::AddTwoInts_Response_<std::allocator<void> >::_sum_type[m[K’ {aka ‘[01m[Klong int[m[K’} [[01;35m[K-Wformat=[m[K]
[2.739s]    36 |         RCLCPP_INFO(this->get_logger(), [01;35m[K"%d + %d = %d"[m[K, request->a, request->b, [32m[Kfuture.get()->sum[m[K);
[2.739s]       |                                         [01;35m[K^~~~~~~~~~~~~~[m[K                          [32m[K~~~~~~~~~~~~~~~~~[m[K
[2.739s]       |                                                                                               [32m[K|[m[K
[2.739s]       |                                                                                               [32m[Kexample_interfaces::srv::AddTwoInts_Response_<std::allocator<void> >::_sum_type {aka long int}[m[K
[2.740s] [01m[K/home/nmolla/ros2_ws/src/my_cpp_pkg/src/add_two_ints_client.cpp:36:53:[m[K [01;36m[Knote: [m[Kformat string is defined here
[2.740s]    36 |         RCLCPP_INFO(this->get_logger(), "%d + %d = [01;36m[K%d[m[K", request->a, request->b, future.get()->sum);
[2.740s]       |                                                    [01;36m[K~^[m[K
[2.740s]       |                                                     [01;36m[K|[m[K
[2.740s]       |                                                     [01;36m[Kint[m[K
[2.740s]       |                                                    [32m[K%ld[m[K
[3.055s] [01m[K/home/nmolla/ros2_ws/src/my_cpp_pkg/src/number_counter.cpp:[m[K In member function ‘[01m[Kvoid NumberCounterNode::subscriber_callback(example_interfaces::msg::Int64_<std::allocator<void> >::SharedPtr)[m[K’:
[3.056s] [01m[K/home/nmolla/ros2_ws/src/my_cpp_pkg/src/number_counter.cpp:47:78:[m[K [01;35m[Kwarning: [m[Kunused parameter ‘[01m[Kmsg[m[K’ [[01;35m[K-Wunused-parameter[m[K]
[3.056s]    47 |     void subscriber_callback([01;35m[Kconst example_interfaces::msg::Int64::SharedPtr msg[m[K)
[3.056s]       |                              [01;35m[K~~~~~~~~~~~~~~~~~~~~~~~~~~~~~~~~~~~~~~~~~~~~~~~~^~~[m[K
[4.621s] [ 93%] [32m[1mLinking CXX executable add_two_ints_client[0m
[4.903s] [ 93%] Built target add_two_ints_client
[10.437s] [100%] [32m[1mLinking CXX executable number_counter[0m
[11.009s] [100%] Built target number_counter
[11.026s] Invoked command in '/home/nmolla/ros2_ws/build/my_cpp_pkg' returned '0': CMAKE_PREFIX_PATH=${CMAKE_PREFIX_PATH}:/opt/ros/galactic /usr/bin/cmake --build /home/nmolla/ros2_ws/build/my_cpp_pkg -- -j4 -l4
[11.101s] Invoking command in '/home/nmolla/ros2_ws/build/my_cpp_pkg': CMAKE_PREFIX_PATH=${CMAKE_PREFIX_PATH}:/opt/ros/galactic /usr/bin/cmake --install /home/nmolla/ros2_ws/build/my_cpp_pkg
[11.114s] -- Install configuration: ""
[11.115s] -- Up-to-date: /home/nmolla/ros2_ws/install/my_cpp_pkg/lib/my_cpp_pkg/cpp_node
[11.117s] -- Up-to-date: /home/nmolla/ros2_ws/install/my_cpp_pkg/lib/my_cpp_pkg/robot_news_station
[11.118s] -- Up-to-date: /home/nmolla/ros2_ws/install/my_cpp_pkg/lib/my_cpp_pkg/smartphone
[11.119s] -- Up-to-date: /home/nmolla/ros2_ws/install/my_cpp_pkg/lib/my_cpp_pkg/number_publisher
[11.120s] -- Installing: /home/nmolla/ros2_ws/install/my_cpp_pkg/lib/my_cpp_pkg/number_counter
[11.125s] -- Set runtime path of "/home/nmolla/ros2_ws/install/my_cpp_pkg/lib/my_cpp_pkg/number_counter" to ""
[11.126s] -- Up-to-date: /home/nmolla/ros2_ws/install/my_cpp_pkg/lib/my_cpp_pkg/add_two_ints_server
[11.127s] -- Up-to-date: /home/nmolla/ros2_ws/install/my_cpp_pkg/lib/my_cpp_pkg/add_two_ints_client_no_oop
[11.128s] -- Installing: /home/nmolla/ros2_ws/install/my_cpp_pkg/lib/my_cpp_pkg/add_two_ints_client
[11.130s] -- Set runtime path of "/home/nmolla/ros2_ws/install/my_cpp_pkg/lib/my_cpp_pkg/add_two_ints_client" to ""
[11.130s] -- Up-to-date: /home/nmolla/ros2_ws/install/my_cpp_pkg/share/ament_index/resource_index/package_run_dependencies/my_cpp_pkg
[11.130s] -- Up-to-date: /home/nmolla/ros2_ws/install/my_cpp_pkg/share/ament_index/resource_index/parent_prefix_path/my_cpp_pkg
[11.131s] -- Up-to-date: /home/nmolla/ros2_ws/install/my_cpp_pkg/share/my_cpp_pkg/environment/ament_prefix_path.sh
[11.131s] -- Up-to-date: /home/nmolla/ros2_ws/install/my_cpp_pkg/share/my_cpp_pkg/environment/ament_prefix_path.dsv
[11.131s] -- Up-to-date: /home/nmolla/ros2_ws/install/my_cpp_pkg/share/my_cpp_pkg/environment/path.sh
[11.131s] -- Up-to-date: /home/nmolla/ros2_ws/install/my_cpp_pkg/share/my_cpp_pkg/environment/path.dsv
[11.131s] -- Up-to-date: /home/nmolla/ros2_ws/install/my_cpp_pkg/share/my_cpp_pkg/local_setup.bash
[11.132s] -- Up-to-date: /home/nmolla/ros2_ws/install/my_cpp_pkg/share/my_cpp_pkg/local_setup.sh
[11.132s] -- Up-to-date: /home/nmolla/ros2_ws/install/my_cpp_pkg/share/my_cpp_pkg/local_setup.zsh
[11.132s] -- Up-to-date: /home/nmolla/ros2_ws/install/my_cpp_pkg/share/my_cpp_pkg/local_setup.dsv
[11.132s] -- Installing: /home/nmolla/ros2_ws/install/my_cpp_pkg/share/my_cpp_pkg/package.dsv
[11.132s] -- Up-to-date: /home/nmolla/ros2_ws/install/my_cpp_pkg/share/ament_index/resource_index/packages/my_cpp_pkg
[11.132s] -- Up-to-date: /home/nmolla/ros2_ws/install/my_cpp_pkg/share/my_cpp_pkg/cmake/my_cpp_pkgConfig.cmake
[11.132s] -- Up-to-date: /home/nmolla/ros2_ws/install/my_cpp_pkg/share/my_cpp_pkg/cmake/my_cpp_pkgConfig-version.cmake
[11.132s] -- Up-to-date: /home/nmolla/ros2_ws/install/my_cpp_pkg/share/my_cpp_pkg/package.xml
[11.138s] Invoked command in '/home/nmolla/ros2_ws/build/my_cpp_pkg' returned '0': CMAKE_PREFIX_PATH=${CMAKE_PREFIX_PATH}:/opt/ros/galactic /usr/bin/cmake --install /home/nmolla/ros2_ws/build/my_cpp_pkg
