In file included from [01m[K/opt/ros/galactic/include/rclcpp/client.hpp:40[m[K,
                 from [01m[K/opt/ros/galactic/include/rclcpp/callback_group.hpp:23[m[K,
                 from [01m[K/opt/ros/galactic/include/rclcpp/any_executable.hpp:20[m[K,
                 from [01m[K/opt/ros/galactic/include/rclcpp/memory_strategy.hpp:25[m[K,
                 from [01m[K/opt/ros/galactic/include/rclcpp/memory_strategies.hpp:18[m[K,
                 from [01m[K/opt/ros/galactic/include/rclcpp/executor_options.hpp:20[m[K,
                 from [01m[K/opt/ros/galactic/include/rclcpp/executor.hpp:36[m[K,
                 from [01m[K/opt/ros/galactic/include/rclcpp/executors/multi_threaded_executor.hpp:26[m[K,
                 from [01m[K/opt/ros/galactic/include/rclcpp/executors.hpp:21[m[K,
                 from [01m[K/opt/ros/galactic/include/rclcpp/rclcpp.hpp:156[m[K,
                 from [01m[K/home/nmolla/ros2_ws/src/my_cpp_pkg/src/add_two_ints_server.cpp:1[m[K:
[01m[K/home/nmolla/ros2_ws/src/my_cpp_pkg/src/add_two_ints_server.cpp:[m[K In member function ‘[01m[Kvoid AddTwoIntsServerNode::callbackAddTwoInts(example_interfaces::srv::AddTwoInts_Request_<std::allocator<void> >::SharedPtr, example_interfaces::srv::AddTwoInts_Response_<std::allocator<void> >::SharedPtr)[m[K’:
[01m[K/home/nmolla/ros2_ws/src/my_cpp_pkg/src/add_two_ints_server.cpp:25:40:[m[K [01;35m[Kwarning: [m[Kformat ‘[01m[K%d[m[K’ expects argument of type ‘[01m[Kint[m[K’, but argument 5 has type ‘[01m[Kexample_interfaces::srv::AddTwoInts_Request_<std::allocator<void> >::_a_type[m[K’ {aka ‘[01m[Klong int[m[K’} [[01;35m[K-Wformat=[m[K]
   25 |         RCLCPP_INFO(this->get_logger(),[01;35m[K"%d + %d = %d"[m[K, [32m[Krequest->a[m[K , request->b, response->sum);
      |                                        [01;35m[K^~~~~~~~~~~~~~[m[K  [32m[K~~~~~~~~~~[m[K
      |                                                                 [32m[K|[m[K
      |                                                                 [32m[Kexample_interfaces::srv::AddTwoInts_Request_<std::allocator<void> >::_a_type {aka long int}[m[K
[01m[K/home/nmolla/ros2_ws/src/my_cpp_pkg/src/add_two_ints_server.cpp:25:42:[m[K [01;36m[Knote: [m[Kformat string is defined here
   25 |         RCLCPP_INFO(this->get_logger(),"[01;36m[K%d[m[K + %d = %d", request->a , request->b, response->sum);
      |                                         [01;36m[K~^[m[K
      |                                          [01;36m[K|[m[K
      |                                          [01;36m[Kint[m[K
      |                                         [32m[K%ld[m[K
In file included from [01m[K/opt/ros/galactic/include/rclcpp/client.hpp:40[m[K,
                 from [01m[K/opt/ros/galactic/include/rclcpp/callback_group.hpp:23[m[K,
                 from [01m[K/opt/ros/galactic/include/rclcpp/any_executable.hpp:20[m[K,
                 from [01m[K/opt/ros/galactic/include/rclcpp/memory_strategy.hpp:25[m[K,
                 from [01m[K/opt/ros/galactic/include/rclcpp/memory_strategies.hpp:18[m[K,
                 from [01m[K/opt/ros/galactic/include/rclcpp/executor_options.hpp:20[m[K,
                 from [01m[K/opt/ros/galactic/include/rclcpp/executor.hpp:36[m[K,
                 from [01m[K/opt/ros/galactic/include/rclcpp/executors/multi_threaded_executor.hpp:26[m[K,
                 from [01m[K/opt/ros/galactic/include/rclcpp/executors.hpp:21[m[K,
                 from [01m[K/opt/ros/galactic/include/rclcpp/rclcpp.hpp:156[m[K,
                 from [01m[K/home/nmolla/ros2_ws/src/my_cpp_pkg/src/add_two_ints_server.cpp:1[m[K:
[01m[K/home/nmolla/ros2_ws/src/my_cpp_pkg/src/add_two_ints_server.cpp:25:40:[m[K [01;35m[Kwarning: [m[Kformat ‘[01m[K%d[m[K’ expects argument of type ‘[01m[Kint[m[K’, but argument 6 has type ‘[01m[Kexample_interfaces::srv::AddTwoInts_Request_<std::allocator<void> >::_b_type[m[K’ {aka ‘[01m[Klong int[m[K’} [[01;35m[K-Wformat=[m[K]
   25 |         RCLCPP_INFO(this->get_logger(),[01;35m[K"%d + %d = %d"[m[K, request->a , [32m[Krequest->b[m[K, response->sum);
      |                                        [01;35m[K^~~~~~~~~~~~~~[m[K               [32m[K~~~~~~~~~~[m[K
      |                                                                              [32m[K|[m[K
      |                                                                              [32m[Kexample_interfaces::srv::AddTwoInts_Request_<std::allocator<void> >::_b_type {aka long int}[m[K
[01m[K/home/nmolla/ros2_ws/src/my_cpp_pkg/src/add_two_ints_server.cpp:25:47:[m[K [01;36m[Knote: [m[Kformat string is defined here
   25 |         RCLCPP_INFO(this->get_logger(),"%d + [01;36m[K%d[m[K = %d", request->a , request->b, response->sum);
      |                                              [01;36m[K~^[m[K
      |                                               [01;36m[K|[m[K
      |                                               [01;36m[Kint[m[K
      |                                              [32m[K%ld[m[K
In file included from [01m[K/opt/ros/galactic/include/rclcpp/client.hpp:40[m[K,
                 from [01m[K/opt/ros/galactic/include/rclcpp/callback_group.hpp:23[m[K,
                 from [01m[K/opt/ros/galactic/include/rclcpp/any_executable.hpp:20[m[K,
                 from [01m[K/opt/ros/galactic/include/rclcpp/memory_strategy.hpp:25[m[K,
                 from [01m[K/opt/ros/galactic/include/rclcpp/memory_strategies.hpp:18[m[K,
                 from [01m[K/opt/ros/galactic/include/rclcpp/executor_options.hpp:20[m[K,
                 from [01m[K/opt/ros/galactic/include/rclcpp/executor.hpp:36[m[K,
                 from [01m[K/opt/ros/galactic/include/rclcpp/executors/multi_threaded_executor.hpp:26[m[K,
                 from [01m[K/opt/ros/galactic/include/rclcpp/executors.hpp:21[m[K,
                 from [01m[K/opt/ros/galactic/include/rclcpp/rclcpp.hpp:156[m[K,
                 from [01m[K/home/nmolla/ros2_ws/src/my_cpp_pkg/src/add_two_ints_server.cpp:1[m[K:
[01m[K/home/nmolla/ros2_ws/src/my_cpp_pkg/src/add_two_ints_server.cpp:25:40:[m[K [01;35m[Kwarning: [m[Kformat ‘[01m[K%d[m[K’ expects argument of type ‘[01m[Kint[m[K’, but argument 7 has type ‘[01m[Kexample_interfaces::srv::AddTwoInts_Response_<std::allocator<void> >::_sum_type[m[K’ {aka ‘[01m[Klong int[m[K’} [[01;35m[K-Wformat=[m[K]
   25 |         RCLCPP_INFO(this->get_logger(),[01;35m[K"%d + %d = %d"[m[K, request->a , request->b, [32m[Kresponse->sum[m[K);
      |                                        [01;35m[K^~~~~~~~~~~~~~[m[K                           [32m[K~~~~~~~~~~~~~[m[K
      |                                                                                           [32m[K|[m[K
      |                                                                                           [32m[Kexample_interfaces::srv::AddTwoInts_Response_<std::allocator<void> >::_sum_type {aka long int}[m[K
[01m[K/home/nmolla/ros2_ws/src/my_cpp_pkg/src/add_two_ints_server.cpp:25:52:[m[K [01;36m[Knote: [m[Kformat string is defined here
   25 |         RCLCPP_INFO(this->get_logger(),"%d + %d = [01;36m[K%d[m[K", request->a , request->b, response->sum);
      |                                                   [01;36m[K~^[m[K
      |                                                    [01;36m[K|[m[K
      |                                                    [01;36m[Kint[m[K
      |                                                   [32m[K%ld[m[K
[01m[K/home/nmolla/ros2_ws/src/my_cpp_pkg/src/number_counter.cpp:[m[K In member function ‘[01m[Kvoid NumberCounterNode::subscriber_callback(example_interfaces::msg::Int64_<std::allocator<void> >::SharedPtr)[m[K’:
[01m[K/home/nmolla/ros2_ws/src/my_cpp_pkg/src/number_counter.cpp:25:78:[m[K [01;35m[Kwarning: [m[Kunused parameter ‘[01m[Kmsg[m[K’ [[01;35m[K-Wunused-parameter[m[K]
   25 |     void subscriber_callback([01;35m[Kconst example_interfaces::msg::Int64::SharedPtr msg[m[K){
      |                              [01;35m[K~~~~~~~~~~~~~~~~~~~~~~~~~~~~~~~~~~~~~~~~~~~~~~~~^~~[m[K
