[0.037s] Invoking command in '/home/nmolla/ros2_ws/build/my_cpp_pkg': CMAKE_PREFIX_PATH=${CMAKE_PREFIX_PATH}:/opt/ros/galactic /usr/bin/cmake --build /home/nmolla/ros2_ws/build/my_cpp_pkg -- -j4 -l4
[0.126s] -- Found ament_cmake: 1.1.6 (/opt/ros/galactic/share/ament_cmake/cmake)
[0.168s] -- Using PYTHON_EXECUTABLE: /usr/bin/python3
[0.300s] -- Found rclcpp: 9.2.2 (/opt/ros/galactic/share/rclcpp/cmake)
[0.387s] -- Using all available rosidl_typesupport_c: rosidl_typesupport_fastrtps_c;rosidl_typesupport_introspection_c
[0.396s] -- Found rosidl_adapter: 2.2.3 (/opt/ros/galactic/share/rosidl_adapter/cmake)
[0.611s] -- Using all available rosidl_typesupport_cpp: rosidl_typesupport_fastrtps_cpp;rosidl_typesupport_introspection_cpp
[0.728s] -- Found rmw_implementation_cmake: 3.3.1 (/opt/ros/galactic/share/rmw_implementation_cmake/cmake)
[0.733s] -- Found rmw_cyclonedds_cpp: 0.22.6 (/opt/ros/galactic/share/rmw_cyclonedds_cpp/cmake)
[0.774s] -- Using RMW implementation 'rmw_cyclonedds_cpp' as default
[1.071s] -- Found example_interfaces: 0.9.2 (/opt/ros/galactic/share/example_interfaces/cmake)
[1.402s] -- Configuring done
[1.465s] -- Generating done
[1.469s] -- Build files have been written to: /home/nmolla/ros2_ws/build/my_cpp_pkg
[1.575s] [ 16%] Built target number_publisher
[1.582s] [ 33%] Built target cpp_node
[1.611s] [ 50%] Built target robot_news_station
[1.624s] [35m[1mScanning dependencies of target add_two_ints_server[0m
[1.646s] [35m[1mScanning dependencies of target number_counter[0m
[1.678s] [ 66%] Built target smartphone
[1.713s] [ 75%] [32mBuilding CXX object CMakeFiles/add_two_ints_server.dir/src/add_two_ints_server.cpp.o[0m
[1.715s] [ 83%] [32mBuilding CXX object CMakeFiles/number_counter.dir/src/number_counter.cpp.o[0m
[5.220s] In file included from [01m[K/opt/ros/galactic/include/rclcpp/client.hpp:40[m[K,
[5.220s]                  from [01m[K/opt/ros/galactic/include/rclcpp/callback_group.hpp:23[m[K,
[5.221s]                  from [01m[K/opt/ros/galactic/include/rclcpp/any_executable.hpp:20[m[K,
[5.221s]                  from [01m[K/opt/ros/galactic/include/rclcpp/memory_strategy.hpp:25[m[K,
[5.221s]                  from [01m[K/opt/ros/galactic/include/rclcpp/memory_strategies.hpp:18[m[K,
[5.221s]                  from [01m[K/opt/ros/galactic/include/rclcpp/executor_options.hpp:20[m[K,
[5.221s]                  from [01m[K/opt/ros/galactic/include/rclcpp/executor.hpp:36[m[K,
[5.221s]                  from [01m[K/opt/ros/galactic/include/rclcpp/executors/multi_threaded_executor.hpp:26[m[K,
[5.221s]                  from [01m[K/opt/ros/galactic/include/rclcpp/executors.hpp:21[m[K,
[5.222s]                  from [01m[K/opt/ros/galactic/include/rclcpp/rclcpp.hpp:156[m[K,
[5.222s]                  from [01m[K/home/nmolla/ros2_ws/src/my_cpp_pkg/src/add_two_ints_server.cpp:1[m[K:
[5.222s] [01m[K/home/nmolla/ros2_ws/src/my_cpp_pkg/src/add_two_ints_server.cpp:[m[K In member function ‘[01m[Kvoid AddTwoIntsServerNode::callbackAddTwoInts(example_interfaces::srv::AddTwoInts_Request_<std::allocator<void> >::SharedPtr, example_interfaces::srv::AddTwoInts_Response_<std::allocator<void> >::SharedPtr)[m[K’:
[5.222s] [01m[K/home/nmolla/ros2_ws/src/my_cpp_pkg/src/add_two_ints_server.cpp:25:40:[m[K [01;35m[Kwarning: [m[Kformat ‘[01m[K%d[m[K’ expects argument of type ‘[01m[Kint[m[K’, but argument 5 has type ‘[01m[Kexample_interfaces::srv::AddTwoInts_Request_<std::allocator<void> >::_a_type[m[K’ {aka ‘[01m[Klong int[m[K’} [[01;35m[K-Wformat=[m[K]
[5.222s]    25 |         RCLCPP_INFO(this->get_logger(),[01;35m[K"%d + %d = %d"[m[K, [32m[Krequest->a[m[K , request->b, response->sum);
[5.222s]       |                                        [01;35m[K^~~~~~~~~~~~~~[m[K  [32m[K~~~~~~~~~~[m[K
[5.222s]       |                                                                 [32m[K|[m[K
[5.223s]       |                                                                 [32m[Kexample_interfaces::srv::AddTwoInts_Request_<std::allocator<void> >::_a_type {aka long int}[m[K
[5.223s] [01m[K/home/nmolla/ros2_ws/src/my_cpp_pkg/src/add_two_ints_server.cpp:25:42:[m[K [01;36m[Knote: [m[Kformat string is defined here
[5.223s]    25 |         RCLCPP_INFO(this->get_logger(),"[01;36m[K%d[m[K + %d = %d", request->a , request->b, response->sum);
[5.223s]       |                                         [01;36m[K~^[m[K
[5.223s]       |                                          [01;36m[K|[m[K
[5.223s]       |                                          [01;36m[Kint[m[K
[5.224s]       |                                         [32m[K%ld[m[K
[5.224s] In file included from [01m[K/opt/ros/galactic/include/rclcpp/client.hpp:40[m[K,
[5.224s]                  from [01m[K/opt/ros/galactic/include/rclcpp/callback_group.hpp:23[m[K,
[5.224s]                  from [01m[K/opt/ros/galactic/include/rclcpp/any_executable.hpp:20[m[K,
[5.224s]                  from [01m[K/opt/ros/galactic/include/rclcpp/memory_strategy.hpp:25[m[K,
[5.224s]                  from [01m[K/opt/ros/galactic/include/rclcpp/memory_strategies.hpp:18[m[K,
[5.224s]                  from [01m[K/opt/ros/galactic/include/rclcpp/executor_options.hpp:20[m[K,
[5.225s]                  from [01m[K/opt/ros/galactic/include/rclcpp/executor.hpp:36[m[K,
[5.225s]                  from [01m[K/opt/ros/galactic/include/rclcpp/executors/multi_threaded_executor.hpp:26[m[K,
[5.225s]                  from [01m[K/opt/ros/galactic/include/rclcpp/executors.hpp:21[m[K,
[5.225s]                  from [01m[K/opt/ros/galactic/include/rclcpp/rclcpp.hpp:156[m[K,
[5.225s]                  from [01m[K/home/nmolla/ros2_ws/src/my_cpp_pkg/src/add_two_ints_server.cpp:1[m[K:
[5.225s] [01m[K/home/nmolla/ros2_ws/src/my_cpp_pkg/src/add_two_ints_server.cpp:25:40:[m[K [01;35m[Kwarning: [m[Kformat ‘[01m[K%d[m[K’ expects argument of type ‘[01m[Kint[m[K’, but argument 6 has type ‘[01m[Kexample_interfaces::srv::AddTwoInts_Request_<std::allocator<void> >::_b_type[m[K’ {aka ‘[01m[Klong int[m[K’} [[01;35m[K-Wformat=[m[K]
[5.226s]    25 |         RCLCPP_INFO(this->get_logger(),[01;35m[K"%d + %d = %d"[m[K, request->a , [32m[Krequest->b[m[K, response->sum);
[5.226s]       |                                        [01;35m[K^~~~~~~~~~~~~~[m[K               [32m[K~~~~~~~~~~[m[K
[5.226s]       |                                                                              [32m[K|[m[K
[5.226s]       |                                                                              [32m[Kexample_interfaces::srv::AddTwoInts_Request_<std::allocator<void> >::_b_type {aka long int}[m[K
[5.226s] [01m[K/home/nmolla/ros2_ws/src/my_cpp_pkg/src/add_two_ints_server.cpp:25:47:[m[K [01;36m[Knote: [m[Kformat string is defined here
[5.226s]    25 |         RCLCPP_INFO(this->get_logger(),"%d + [01;36m[K%d[m[K = %d", request->a , request->b, response->sum);
[5.226s]       |                                              [01;36m[K~^[m[K
[5.227s]       |                                               [01;36m[K|[m[K
[5.227s]       |                                               [01;36m[Kint[m[K
[5.227s]       |                                              [32m[K%ld[m[K
[5.227s] In file included from [01m[K/opt/ros/galactic/include/rclcpp/client.hpp:40[m[K,
[5.227s]                  from [01m[K/opt/ros/galactic/include/rclcpp/callback_group.hpp:23[m[K,
[5.227s]                  from [01m[K/opt/ros/galactic/include/rclcpp/any_executable.hpp:20[m[K,
[5.227s]                  from [01m[K/opt/ros/galactic/include/rclcpp/memory_strategy.hpp:25[m[K,
[5.228s]                  from [01m[K/opt/ros/galactic/include/rclcpp/memory_strategies.hpp:18[m[K,
[5.228s]                  from [01m[K/opt/ros/galactic/include/rclcpp/executor_options.hpp:20[m[K,
[5.228s]                  from [01m[K/opt/ros/galactic/include/rclcpp/executor.hpp:36[m[K,
[5.228s]                  from [01m[K/opt/ros/galactic/include/rclcpp/executors/multi_threaded_executor.hpp:26[m[K,
[5.228s]                  from [01m[K/opt/ros/galactic/include/rclcpp/executors.hpp:21[m[K,
[5.228s]                  from [01m[K/opt/ros/galactic/include/rclcpp/rclcpp.hpp:156[m[K,
[5.231s]                  from [01m[K/home/nmolla/ros2_ws/src/my_cpp_pkg/src/add_two_ints_server.cpp:1[m[K:
[5.231s] [01m[K/home/nmolla/ros2_ws/src/my_cpp_pkg/src/add_two_ints_server.cpp:25:40:[m[K [01;35m[Kwarning: [m[Kformat ‘[01m[K%d[m[K’ expects argument of type ‘[01m[Kint[m[K’, but argument 7 has type ‘[01m[Kexample_interfaces::srv::AddTwoInts_Response_<std::allocator<void> >::_sum_type[m[K’ {aka ‘[01m[Klong int[m[K’} [[01;35m[K-Wformat=[m[K]
[5.231s]    25 |         RCLCPP_INFO(this->get_logger(),[01;35m[K"%d + %d = %d"[m[K, request->a , request->b, [32m[Kresponse->sum[m[K);
[5.232s]       |                                        [01;35m[K^~~~~~~~~~~~~~[m[K                           [32m[K~~~~~~~~~~~~~[m[K
[5.232s]       |                                                                                           [32m[K|[m[K
[5.232s]       |                                                                                           [32m[Kexample_interfaces::srv::AddTwoInts_Response_<std::allocator<void> >::_sum_type {aka long int}[m[K
[5.232s] [01m[K/home/nmolla/ros2_ws/src/my_cpp_pkg/src/add_two_ints_server.cpp:25:52:[m[K [01;36m[Knote: [m[Kformat string is defined here
[5.232s]    25 |         RCLCPP_INFO(this->get_logger(),"%d + %d = [01;36m[K%d[m[K", request->a , request->b, response->sum);
[5.232s]       |                                                   [01;36m[K~^[m[K
[5.233s]       |                                                    [01;36m[K|[m[K
[5.233s]       |                                                    [01;36m[Kint[m[K
[5.233s]       |                                                   [32m[K%ld[m[K
[5.598s] [01m[K/home/nmolla/ros2_ws/src/my_cpp_pkg/src/number_counter.cpp:[m[K In member function ‘[01m[Kvoid NumberCounterNode::subscriber_callback(example_interfaces::msg::Int64_<std::allocator<void> >::SharedPtr)[m[K’:
[5.598s] [01m[K/home/nmolla/ros2_ws/src/my_cpp_pkg/src/number_counter.cpp:25:78:[m[K [01;35m[Kwarning: [m[Kunused parameter ‘[01m[Kmsg[m[K’ [[01;35m[K-Wunused-parameter[m[K]
[5.599s]    25 |     void subscriber_callback([01;35m[Kconst example_interfaces::msg::Int64::SharedPtr msg[m[K){
[5.599s]       |                              [01;35m[K~~~~~~~~~~~~~~~~~~~~~~~~~~~~~~~~~~~~~~~~~~~~~~~~^~~[m[K
[7.086s] [ 91%] [32m[1mLinking CXX executable add_two_ints_server[0m
[7.370s] [ 91%] Built target add_two_ints_server
[12.993s] [100%] [32m[1mLinking CXX executable number_counter[0m
[13.527s] [100%] Built target number_counter
[13.544s] Invoked command in '/home/nmolla/ros2_ws/build/my_cpp_pkg' returned '0': CMAKE_PREFIX_PATH=${CMAKE_PREFIX_PATH}:/opt/ros/galactic /usr/bin/cmake --build /home/nmolla/ros2_ws/build/my_cpp_pkg -- -j4 -l4
[13.611s] Invoking command in '/home/nmolla/ros2_ws/build/my_cpp_pkg': CMAKE_PREFIX_PATH=${CMAKE_PREFIX_PATH}:/opt/ros/galactic /usr/bin/cmake --install /home/nmolla/ros2_ws/build/my_cpp_pkg
[13.623s] -- Install configuration: ""
[13.624s] -- Up-to-date: /home/nmolla/ros2_ws/install/my_cpp_pkg/lib/my_cpp_pkg/cpp_node
[13.626s] -- Up-to-date: /home/nmolla/ros2_ws/install/my_cpp_pkg/lib/my_cpp_pkg/robot_news_station
[13.627s] -- Up-to-date: /home/nmolla/ros2_ws/install/my_cpp_pkg/lib/my_cpp_pkg/smartphone
[13.628s] -- Up-to-date: /home/nmolla/ros2_ws/install/my_cpp_pkg/lib/my_cpp_pkg/number_publisher
[13.629s] -- Installing: /home/nmolla/ros2_ws/install/my_cpp_pkg/lib/my_cpp_pkg/number_counter
[13.634s] -- Set runtime path of "/home/nmolla/ros2_ws/install/my_cpp_pkg/lib/my_cpp_pkg/number_counter" to ""
[13.634s] -- Installing: /home/nmolla/ros2_ws/install/my_cpp_pkg/lib/my_cpp_pkg/add_two_ints_server
[13.635s] -- Set runtime path of "/home/nmolla/ros2_ws/install/my_cpp_pkg/lib/my_cpp_pkg/add_two_ints_server" to ""
[13.635s] -- Up-to-date: /home/nmolla/ros2_ws/install/my_cpp_pkg/share/ament_index/resource_index/package_run_dependencies/my_cpp_pkg
[13.636s] -- Up-to-date: /home/nmolla/ros2_ws/install/my_cpp_pkg/share/ament_index/resource_index/parent_prefix_path/my_cpp_pkg
[13.636s] -- Up-to-date: /home/nmolla/ros2_ws/install/my_cpp_pkg/share/my_cpp_pkg/environment/ament_prefix_path.sh
[13.636s] -- Installing: /home/nmolla/ros2_ws/install/my_cpp_pkg/share/my_cpp_pkg/environment/ament_prefix_path.dsv
[13.636s] -- Up-to-date: /home/nmolla/ros2_ws/install/my_cpp_pkg/share/my_cpp_pkg/environment/path.sh
[13.637s] -- Installing: /home/nmolla/ros2_ws/install/my_cpp_pkg/share/my_cpp_pkg/environment/path.dsv
[13.637s] -- Up-to-date: /home/nmolla/ros2_ws/install/my_cpp_pkg/share/my_cpp_pkg/local_setup.bash
[13.637s] -- Up-to-date: /home/nmolla/ros2_ws/install/my_cpp_pkg/share/my_cpp_pkg/local_setup.sh
[13.637s] -- Up-to-date: /home/nmolla/ros2_ws/install/my_cpp_pkg/share/my_cpp_pkg/local_setup.zsh
[13.638s] -- Installing: /home/nmolla/ros2_ws/install/my_cpp_pkg/share/my_cpp_pkg/local_setup.dsv
[13.638s] -- Installing: /home/nmolla/ros2_ws/install/my_cpp_pkg/share/my_cpp_pkg/package.dsv
[13.638s] -- Up-to-date: /home/nmolla/ros2_ws/install/my_cpp_pkg/share/ament_index/resource_index/packages/my_cpp_pkg
[13.638s] -- Up-to-date: /home/nmolla/ros2_ws/install/my_cpp_pkg/share/my_cpp_pkg/cmake/my_cpp_pkgConfig.cmake
[13.638s] -- Up-to-date: /home/nmolla/ros2_ws/install/my_cpp_pkg/share/my_cpp_pkg/cmake/my_cpp_pkgConfig-version.cmake
[13.639s] -- Up-to-date: /home/nmolla/ros2_ws/install/my_cpp_pkg/share/my_cpp_pkg/package.xml
[13.642s] Invoked command in '/home/nmolla/ros2_ws/build/my_cpp_pkg' returned '0': CMAKE_PREFIX_PATH=${CMAKE_PREFIX_PATH}:/opt/ros/galactic /usr/bin/cmake --install /home/nmolla/ros2_ws/build/my_cpp_pkg
