[0.023s] Invoking command in '/home/nmolla/ros2_ws/build/my_robot_bringup': CMAKE_PREFIX_PATH=${CMAKE_PREFIX_PATH}:/opt/ros/galactic /usr/bin/cmake /home/nmolla/ros2_ws/src/my_robot_bringup -DCMAKE_INSTALL_PREFIX=/home/nmolla/ros2_ws/install/my_robot_bringup
[0.208s] -- The C compiler identification is GNU 9.4.0
[0.318s] -- The CXX compiler identification is GNU 9.4.0
[0.326s] -- Check for working C compiler: /usr/bin/cc
[0.439s] -- Check for working C compiler: /usr/bin/cc -- works
[0.442s] -- Detecting C compiler ABI info
[0.552s] -- Detecting C compiler ABI info - done
[0.571s] -- Detecting C compile features
[0.572s] -- Detecting C compile features - done
[0.576s] -- Check for working CXX compiler: /usr/bin/c++
[0.703s] -- Check for working CXX compiler: /usr/bin/c++ -- works
[0.705s] -- Detecting CXX compiler ABI info
[0.845s] -- Detecting CXX compiler ABI info - done
[0.865s] -- Detecting CXX compile features
[0.866s] -- Detecting CXX compile features - done
[0.872s] -- Found ament_cmake: 1.1.6 (/opt/ros/galactic/share/ament_cmake/cmake)
[0.913s] -- Found PythonInterp: /usr/bin/python3 (found suitable version "3.8.10", minimum required is "3") 
[0.913s] -- Using PYTHON_EXECUTABLE: /usr/bin/python3
[1.183s] -- Configuring done
[1.186s] -- Generating done
[1.187s] -- Build files have been written to: /home/nmolla/ros2_ws/build/my_robot_bringup
[1.194s] Invoked command in '/home/nmolla/ros2_ws/build/my_robot_bringup' returned '0': CMAKE_PREFIX_PATH=${CMAKE_PREFIX_PATH}:/opt/ros/galactic /usr/bin/cmake /home/nmolla/ros2_ws/src/my_robot_bringup -DCMAKE_INSTALL_PREFIX=/home/nmolla/ros2_ws/install/my_robot_bringup
[1.200s] Invoking command in '/home/nmolla/ros2_ws/build/my_robot_bringup': CMAKE_PREFIX_PATH=${CMAKE_PREFIX_PATH}:/opt/ros/galactic /usr/bin/cmake --build /home/nmolla/ros2_ws/build/my_robot_bringup -- -j4 -l4
[1.280s] Invoked command in '/home/nmolla/ros2_ws/build/my_robot_bringup' returned '0': CMAKE_PREFIX_PATH=${CMAKE_PREFIX_PATH}:/opt/ros/galactic /usr/bin/cmake --build /home/nmolla/ros2_ws/build/my_robot_bringup -- -j4 -l4
[1.349s] Invoking command in '/home/nmolla/ros2_ws/build/my_robot_bringup': CMAKE_PREFIX_PATH=${CMAKE_PREFIX_PATH}:/opt/ros/galactic /usr/bin/cmake --install /home/nmolla/ros2_ws/build/my_robot_bringup
[1.367s] -- Install configuration: ""
[1.367s] -- Installing: /home/nmolla/ros2_ws/install/my_robot_bringup/share/my_robot_bringup/launch
[1.368s] -- Installing: /home/nmolla/ros2_ws/install/my_robot_bringup/share/my_robot_bringup/launch/number_app.launch.py
[1.369s] -- Installing: /home/nmolla/ros2_ws/install/my_robot_bringup/share/ament_index/resource_index/package_run_dependencies/my_robot_bringup
[1.369s] -- Installing: /home/nmolla/ros2_ws/install/my_robot_bringup/share/ament_index/resource_index/parent_prefix_path/my_robot_bringup
[1.369s] -- Installing: /home/nmolla/ros2_ws/install/my_robot_bringup/share/my_robot_bringup/environment/ament_prefix_path.sh
[1.370s] -- Installing: /home/nmolla/ros2_ws/install/my_robot_bringup/share/my_robot_bringup/environment/ament_prefix_path.dsv
[1.370s] -- Installing: /home/nmolla/ros2_ws/install/my_robot_bringup/share/my_robot_bringup/environment/path.sh
[1.370s] -- Installing: /home/nmolla/ros2_ws/install/my_robot_bringup/share/my_robot_bringup/environment/path.dsv
[1.372s] -- Installing: /home/nmolla/ros2_ws/install/my_robot_bringup/share/my_robot_bringup/local_setup.bash
[1.373s] -- Installing: /home/nmolla/ros2_ws/install/my_robot_bringup/share/my_robot_bringup/local_setup.sh
[1.373s] -- Installing: /home/nmolla/ros2_ws/install/my_robot_bringup/share/my_robot_bringup/local_setup.zsh
[1.373s] -- Installing: /home/nmolla/ros2_ws/install/my_robot_bringup/share/my_robot_bringup/local_setup.dsv
[1.374s] -- Installing: /home/nmolla/ros2_ws/install/my_robot_bringup/share/my_robot_bringup/package.dsv
[1.375s] -- Installing: /home/nmolla/ros2_ws/install/my_robot_bringup/share/ament_index/resource_index/packages/my_robot_bringup
[1.376s] -- Installing: /home/nmolla/ros2_ws/install/my_robot_bringup/share/my_robot_bringup/cmake/my_robot_bringupConfig.cmake
[1.376s] -- Installing: /home/nmolla/ros2_ws/install/my_robot_bringup/share/my_robot_bringup/cmake/my_robot_bringupConfig-version.cmake
[1.376s] -- Installing: /home/nmolla/ros2_ws/install/my_robot_bringup/share/my_robot_bringup/package.xml
[1.387s] Invoked command in '/home/nmolla/ros2_ws/build/my_robot_bringup' returned '0': CMAKE_PREFIX_PATH=${CMAKE_PREFIX_PATH}:/opt/ros/galactic /usr/bin/cmake --install /home/nmolla/ros2_ws/build/my_robot_bringup
