[35m[1mScanning dependencies of target number_publisher[0m
[ 20%] Built target cpp_node
[ 40%] Built target smartphone
[ 60%] Built target robot_news_station
[35m[1mScanning dependencies of target number_counter[0m
[ 70%] [32mBuilding CXX object CMakeFiles/number_publisher.dir/src/number_publisher.cpp.o[0m
[ 80%] [32mBuilding CXX object CMakeFiles/number_counter.dir/src/number_counter.cpp.o[0m
[01m[K/home/nmolla/ros2_ws/src/my_cpp_pkg/src/number_counter.cpp:[m[K In member function ‘[01m[Kvoid NumberCounterNode::subscriber_callback(example_interfaces::msg::Int64_<std::allocator<void> >::SharedPtr)[m[K’:
[01m[K/home/nmolla/ros2_ws/src/my_cpp_pkg/src/number_counter.cpp:25:78:[m[K [01;35m[Kwarning: [m[Kunused parameter ‘[01m[Kmsg[m[K’ [[01;35m[K-Wunused-parameter[m[K]
   25 |     void subscriber_callback([01;35m[Kconst example_interfaces::msg::Int64::SharedPtr msg[m[K){
      |                              [01;35m[K~~~~~~~~~~~~~~~~~~~~~~~~~~~~~~~~~~~~~~~~~~~~~~~~^~~[m[K
[ 90%] [32m[1mLinking CXX executable number_publisher[0m
[ 90%] Built target number_publisher
[100%] [32m[1mLinking CXX executable number_counter[0m
[100%] Built target number_counter
-- Install configuration: ""
-- Up-to-date: /home/nmolla/ros2_ws/install/my_cpp_pkg/lib/my_cpp_pkg/cpp_node
-- Up-to-date: /home/nmolla/ros2_ws/install/my_cpp_pkg/lib/my_cpp_pkg/robot_news_station
-- Up-to-date: /home/nmolla/ros2_ws/install/my_cpp_pkg/lib/my_cpp_pkg/smartphone
-- Installing: /home/nmolla/ros2_ws/install/my_cpp_pkg/lib/my_cpp_pkg/number_publisher
-- Set runtime path of "/home/nmolla/ros2_ws/install/my_cpp_pkg/lib/my_cpp_pkg/number_publisher" to ""
-- Installing: /home/nmolla/ros2_ws/install/my_cpp_pkg/lib/my_cpp_pkg/number_counter
-- Set runtime path of "/home/nmolla/ros2_ws/install/my_cpp_pkg/lib/my_cpp_pkg/number_counter" to ""
-- Up-to-date: /home/nmolla/ros2_ws/install/my_cpp_pkg/share/ament_index/resource_index/package_run_dependencies/my_cpp_pkg
-- Up-to-date: /home/nmolla/ros2_ws/install/my_cpp_pkg/share/ament_index/resource_index/parent_prefix_path/my_cpp_pkg
-- Up-to-date: /home/nmolla/ros2_ws/install/my_cpp_pkg/share/my_cpp_pkg/environment/ament_prefix_path.sh
-- Up-to-date: /home/nmolla/ros2_ws/install/my_cpp_pkg/share/my_cpp_pkg/environment/ament_prefix_path.dsv
-- Up-to-date: /home/nmolla/ros2_ws/install/my_cpp_pkg/share/my_cpp_pkg/environment/path.sh
-- Up-to-date: /home/nmolla/ros2_ws/install/my_cpp_pkg/share/my_cpp_pkg/environment/path.dsv
-- Up-to-date: /home/nmolla/ros2_ws/install/my_cpp_pkg/share/my_cpp_pkg/local_setup.bash
-- Up-to-date: /home/nmolla/ros2_ws/install/my_cpp_pkg/share/my_cpp_pkg/local_setup.sh
-- Up-to-date: /home/nmolla/ros2_ws/install/my_cpp_pkg/share/my_cpp_pkg/local_setup.zsh
-- Up-to-date: /home/nmolla/ros2_ws/install/my_cpp_pkg/share/my_cpp_pkg/local_setup.dsv
-- Installing: /home/nmolla/ros2_ws/install/my_cpp_pkg/share/my_cpp_pkg/package.dsv
-- Up-to-date: /home/nmolla/ros2_ws/install/my_cpp_pkg/share/ament_index/resource_index/packages/my_cpp_pkg
-- Up-to-date: /home/nmolla/ros2_ws/install/my_cpp_pkg/share/my_cpp_pkg/cmake/my_cpp_pkgConfig.cmake
-- Up-to-date: /home/nmolla/ros2_ws/install/my_cpp_pkg/share/my_cpp_pkg/cmake/my_cpp_pkgConfig-version.cmake
-- Up-to-date: /home/nmolla/ros2_ws/install/my_cpp_pkg/share/my_cpp_pkg/package.xml
