[0.023s] Invoking command in '/home/nmolla/ros2_ws/build/my_cpp_pkg': CMAKE_PREFIX_PATH=${CMAKE_PREFIX_PATH}:/opt/ros/galactic /usr/bin/cmake --build /home/nmolla/ros2_ws/build/my_cpp_pkg -- -j4 -l4
[0.059s] -- Found ament_cmake: 1.1.6 (/opt/ros/galactic/share/ament_cmake/cmake)
[0.086s] -- Using PYTHON_EXECUTABLE: /usr/bin/python3
[0.172s] -- Found rclcpp: 9.2.2 (/opt/ros/galactic/share/rclcpp/cmake)
[0.216s] -- Using all available rosidl_typesupport_c: rosidl_typesupport_fastrtps_c;rosidl_typesupport_introspection_c
[0.221s] -- Found rosidl_adapter: 2.2.3 (/opt/ros/galactic/share/rosidl_adapter/cmake)
[0.373s] -- Using all available rosidl_typesupport_cpp: rosidl_typesupport_fastrtps_cpp;rosidl_typesupport_introspection_cpp
[0.443s] -- Found rmw_implementation_cmake: 3.3.1 (/opt/ros/galactic/share/rmw_implementation_cmake/cmake)
[0.445s] -- Found rmw_cyclonedds_cpp: 0.22.6 (/opt/ros/galactic/share/rmw_cyclonedds_cpp/cmake)
[0.469s] -- Using RMW implementation 'rmw_cyclonedds_cpp' as default
[0.650s] -- Found example_interfaces: 0.9.2 (/opt/ros/galactic/share/example_interfaces/cmake)
[0.795s] CMake Error at CMakeLists.txt:37 (install):
[0.795s]   install TARGETS given target "add_two_ints_client_no_opp" which does not
[0.795s]   exist.
[0.795s] 
[0.795s] 
[0.874s] -- Configuring incomplete, errors occurred!
[0.874s] See also "/home/nmolla/ros2_ws/build/my_cpp_pkg/CMakeFiles/CMakeOutput.log".
[0.874s] See also "/home/nmolla/ros2_ws/build/my_cpp_pkg/CMakeFiles/CMakeError.log".
[0.883s] make: *** [Makefile:486: cmake_check_build_system] Error 1
[0.888s] Invoked command in '/home/nmolla/ros2_ws/build/my_cpp_pkg' returned '2': CMAKE_PREFIX_PATH=${CMAKE_PREFIX_PATH}:/opt/ros/galactic /usr/bin/cmake --build /home/nmolla/ros2_ws/build/my_cpp_pkg -- -j4 -l4
