[0.034s] Invoking command in '/home/nmolla/ros2_ws/build/turtlesim_catch_them_all': CMAKE_PREFIX_PATH=/home/nmolla/ros2_ws/install/my_robot_interfaces:/home/nmolla/ros2_ws/install/turtlesim_catch_them_all:/home/nmolla/ros2_ws/install/my_robot_bringup:/home/nmolla/ros2_ws/install/my_cpp_pkg:/opt/ros/galactic /usr/bin/cmake --build /home/nmolla/ros2_ws/build/turtlesim_catch_them_all -- -j4 -l4
[0.117s] [35m[1mScanning dependencies of target turtle_spawner[0m
[0.130s] [35m[1mScanning dependencies of target turtle_controller[0m
[0.182s] [ 25%] [32mBuilding CXX object CMakeFiles/turtle_spawner.dir/src/turtle_spawner.cpp.o[0m
[0.197s] [ 50%] [32mBuilding CXX object CMakeFiles/turtle_controller.dir/src/turtle_controller.cpp.o[0m
[9.642s] [ 75%] [32m[1mLinking CXX executable turtle_spawner[0m
[10.176s] [ 75%] Built target turtle_spawner
[18.085s] [100%] [32m[1mLinking CXX executable turtle_controller[0m
[19.099s] [100%] Built target turtle_controller
[19.120s] Invoked command in '/home/nmolla/ros2_ws/build/turtlesim_catch_them_all' returned '0': CMAKE_PREFIX_PATH=/home/nmolla/ros2_ws/install/my_robot_interfaces:/home/nmolla/ros2_ws/install/turtlesim_catch_them_all:/home/nmolla/ros2_ws/install/my_robot_bringup:/home/nmolla/ros2_ws/install/my_cpp_pkg:/opt/ros/galactic /usr/bin/cmake --build /home/nmolla/ros2_ws/build/turtlesim_catch_them_all -- -j4 -l4
[19.188s] Invoking command in '/home/nmolla/ros2_ws/build/turtlesim_catch_them_all': CMAKE_PREFIX_PATH=/home/nmolla/ros2_ws/install/my_robot_interfaces:/home/nmolla/ros2_ws/install/turtlesim_catch_them_all:/home/nmolla/ros2_ws/install/my_robot_bringup:/home/nmolla/ros2_ws/install/my_cpp_pkg:/opt/ros/galactic /usr/bin/cmake --install /home/nmolla/ros2_ws/build/turtlesim_catch_them_all
[19.203s] -- Install configuration: ""
[19.203s] -- Installing: /home/nmolla/ros2_ws/install/turtlesim_catch_them_all/lib/turtlesim_catch_them_all/turtle_controller
[19.212s] -- Set runtime path of "/home/nmolla/ros2_ws/install/turtlesim_catch_them_all/lib/turtlesim_catch_them_all/turtle_controller" to ""
[19.212s] -- Installing: /home/nmolla/ros2_ws/install/turtlesim_catch_them_all/lib/turtlesim_catch_them_all/turtle_spawner
[19.215s] -- Set runtime path of "/home/nmolla/ros2_ws/install/turtlesim_catch_them_all/lib/turtlesim_catch_them_all/turtle_spawner" to ""
[19.215s] -- Up-to-date: /home/nmolla/ros2_ws/install/turtlesim_catch_them_all/share/ament_index/resource_index/package_run_dependencies/turtlesim_catch_them_all
[19.216s] -- Up-to-date: /home/nmolla/ros2_ws/install/turtlesim_catch_them_all/share/ament_index/resource_index/parent_prefix_path/turtlesim_catch_them_all
[19.216s] -- Up-to-date: /home/nmolla/ros2_ws/install/turtlesim_catch_them_all/share/turtlesim_catch_them_all/environment/ament_prefix_path.sh
[19.216s] -- Up-to-date: /home/nmolla/ros2_ws/install/turtlesim_catch_them_all/share/turtlesim_catch_them_all/environment/ament_prefix_path.dsv
[19.216s] -- Up-to-date: /home/nmolla/ros2_ws/install/turtlesim_catch_them_all/share/turtlesim_catch_them_all/environment/path.sh
[19.217s] -- Up-to-date: /home/nmolla/ros2_ws/install/turtlesim_catch_them_all/share/turtlesim_catch_them_all/environment/path.dsv
[19.217s] -- Up-to-date: /home/nmolla/ros2_ws/install/turtlesim_catch_them_all/share/turtlesim_catch_them_all/local_setup.bash
[19.217s] -- Up-to-date: /home/nmolla/ros2_ws/install/turtlesim_catch_them_all/share/turtlesim_catch_them_all/local_setup.sh
[19.217s] -- Up-to-date: /home/nmolla/ros2_ws/install/turtlesim_catch_them_all/share/turtlesim_catch_them_all/local_setup.zsh
[19.217s] -- Up-to-date: /home/nmolla/ros2_ws/install/turtlesim_catch_them_all/share/turtlesim_catch_them_all/local_setup.dsv
[19.217s] -- Installing: /home/nmolla/ros2_ws/install/turtlesim_catch_them_all/share/turtlesim_catch_them_all/package.dsv
[19.217s] -- Up-to-date: /home/nmolla/ros2_ws/install/turtlesim_catch_them_all/share/ament_index/resource_index/packages/turtlesim_catch_them_all
[19.217s] -- Up-to-date: /home/nmolla/ros2_ws/install/turtlesim_catch_them_all/share/turtlesim_catch_them_all/cmake/turtlesim_catch_them_allConfig.cmake
[19.218s] -- Up-to-date: /home/nmolla/ros2_ws/install/turtlesim_catch_them_all/share/turtlesim_catch_them_all/cmake/turtlesim_catch_them_allConfig-version.cmake
[19.218s] -- Up-to-date: /home/nmolla/ros2_ws/install/turtlesim_catch_them_all/share/turtlesim_catch_them_all/package.xml
[19.220s] Invoked command in '/home/nmolla/ros2_ws/build/turtlesim_catch_them_all' returned '0': CMAKE_PREFIX_PATH=/home/nmolla/ros2_ws/install/my_robot_interfaces:/home/nmolla/ros2_ws/install/turtlesim_catch_them_all:/home/nmolla/ros2_ws/install/my_robot_bringup:/home/nmolla/ros2_ws/install/my_cpp_pkg:/opt/ros/galactic /usr/bin/cmake --install /home/nmolla/ros2_ws/build/turtlesim_catch_them_all
