[0.245s] DEBUG:colcon:Command line arguments: ['/usr/bin/colcon', 'build']
[0.245s] DEBUG:colcon:Parsed command line arguments: Namespace(allow_overriding=[], ament_cmake_args=None, base_paths=['.'], build_base='build', catkin_cmake_args=None, catkin_skip_building_tests=False, cmake_args=None, cmake_clean_cache=False, cmake_clean_first=False, cmake_force_configure=False, cmake_target=None, cmake_target_skip_unavailable=False, continue_on_error=False, event_handlers=None, executor='parallel', ignore_user_meta=False, install_base='install', log_base=None, log_level=None, main=<bound method BuildVerb.main of <colcon_core.verb.build.BuildVerb object at 0x7fc408639340>>, merge_install=False, metas=['./colcon.meta'], packages_above=None, packages_above_and_dependencies=None, packages_above_depth=None, packages_end=None, packages_ignore=None, packages_ignore_regex=None, packages_select=None, packages_select_build_failed=False, packages_select_by_dep=None, packages_select_regex=None, packages_select_test_failures=False, packages_skip=None, packages_skip_build_finished=False, packages_skip_by_dep=None, packages_skip_regex=None, packages_skip_test_passed=False, packages_skip_up_to=None, packages_start=None, packages_up_to=None, packages_up_to_regex=None, parallel_workers=4, paths=None, symlink_install=False, test_result_base=None, verb_extension=<colcon_core.verb.build.BuildVerb object at 0x7fc408639340>, verb_name='build', verb_parser=<colcon_defaults.argument_parser.defaults.DefaultArgumentsDecorator object at 0x7fc408639880>)
[0.282s] Level 1:colcon.colcon_core.package_discovery:discover_packages(colcon_meta) check parameters
[0.282s] Level 1:colcon.colcon_core.package_discovery:discover_packages(recursive) check parameters
[0.282s] Level 1:colcon.colcon_core.package_discovery:discover_packages(ignore) check parameters
[0.282s] Level 1:colcon.colcon_core.package_discovery:discover_packages(path) check parameters
[0.282s] Level 1:colcon.colcon_core.package_discovery:discover_packages(colcon_meta) discover
[0.283s] Level 1:colcon.colcon_core.package_discovery:discover_packages(recursive) discover
[0.283s] INFO:colcon.colcon_core.package_discovery:Crawling recursively for packages in '/home/nmolla/ros2_ws'
[0.283s] Level 1:colcon.colcon_core.package_identification:_identify(.) by extensions ['ignore', 'ignore_ament_install']
[0.283s] Level 1:colcon.colcon_core.package_identification:_identify(.) by extension 'ignore'
[0.283s] Level 1:colcon.colcon_core.package_identification:_identify(.) by extension 'ignore_ament_install'
[0.283s] Level 1:colcon.colcon_core.package_identification:_identify(.) by extensions ['colcon_pkg']
[0.283s] Level 1:colcon.colcon_core.package_identification:_identify(.) by extension 'colcon_pkg'
[0.283s] Level 1:colcon.colcon_core.package_identification:_identify(.) by extensions ['colcon_meta']
[0.284s] Level 1:colcon.colcon_core.package_identification:_identify(.) by extension 'colcon_meta'
[0.284s] Level 1:colcon.colcon_core.package_identification:_identify(.) by extensions ['ros']
[0.284s] Level 1:colcon.colcon_core.package_identification:_identify(.) by extension 'ros'
[0.302s] Level 1:colcon.colcon_core.package_identification:_identify(.) by extensions ['cmake', 'python']
[0.302s] Level 1:colcon.colcon_core.package_identification:_identify(.) by extension 'cmake'
[0.302s] Level 1:colcon.colcon_core.package_identification:_identify(.) by extension 'python'
[0.302s] Level 1:colcon.colcon_core.package_identification:_identify(.) by extensions ['python_setup_py']
[0.302s] Level 1:colcon.colcon_core.package_identification:_identify(.) by extension 'python_setup_py'
[0.303s] Level 1:colcon.colcon_core.package_identification:_identify(build) by extensions ['ignore', 'ignore_ament_install']
[0.303s] Level 1:colcon.colcon_core.package_identification:_identify(build) by extension 'ignore'
[0.303s] Level 1:colcon.colcon_core.package_identification:_identify(build) ignored
[0.303s] Level 1:colcon.colcon_core.package_identification:_identify(install) by extensions ['ignore', 'ignore_ament_install']
[0.303s] Level 1:colcon.colcon_core.package_identification:_identify(install) by extension 'ignore'
[0.303s] Level 1:colcon.colcon_core.package_identification:_identify(install) ignored
[0.304s] Level 1:colcon.colcon_core.package_identification:_identify(log) by extensions ['ignore', 'ignore_ament_install']
[0.304s] Level 1:colcon.colcon_core.package_identification:_identify(log) by extension 'ignore'
[0.304s] Level 1:colcon.colcon_core.package_identification:_identify(log) ignored
[0.304s] Level 1:colcon.colcon_core.package_identification:_identify(src) by extensions ['ignore', 'ignore_ament_install']
[0.304s] Level 1:colcon.colcon_core.package_identification:_identify(src) by extension 'ignore'
[0.304s] Level 1:colcon.colcon_core.package_identification:_identify(src) by extension 'ignore_ament_install'
[0.304s] Level 1:colcon.colcon_core.package_identification:_identify(src) by extensions ['colcon_pkg']
[0.304s] Level 1:colcon.colcon_core.package_identification:_identify(src) by extension 'colcon_pkg'
[0.304s] Level 1:colcon.colcon_core.package_identification:_identify(src) by extensions ['colcon_meta']
[0.304s] Level 1:colcon.colcon_core.package_identification:_identify(src) by extension 'colcon_meta'
[0.304s] Level 1:colcon.colcon_core.package_identification:_identify(src) by extensions ['ros']
[0.304s] Level 1:colcon.colcon_core.package_identification:_identify(src) by extension 'ros'
[0.305s] Level 1:colcon.colcon_core.package_identification:_identify(src) by extensions ['cmake', 'python']
[0.305s] Level 1:colcon.colcon_core.package_identification:_identify(src) by extension 'cmake'
[0.305s] Level 1:colcon.colcon_core.package_identification:_identify(src) by extension 'python'
[0.305s] Level 1:colcon.colcon_core.package_identification:_identify(src) by extensions ['python_setup_py']
[0.305s] Level 1:colcon.colcon_core.package_identification:_identify(src) by extension 'python_setup_py'
[0.305s] Level 1:colcon.colcon_core.package_identification:_identify(src/my_cpp_pkg) by extensions ['ignore', 'ignore_ament_install']
[0.305s] Level 1:colcon.colcon_core.package_identification:_identify(src/my_cpp_pkg) by extension 'ignore'
[0.305s] Level 1:colcon.colcon_core.package_identification:_identify(src/my_cpp_pkg) by extension 'ignore_ament_install'
[0.305s] Level 1:colcon.colcon_core.package_identification:_identify(src/my_cpp_pkg) by extensions ['colcon_pkg']
[0.305s] Level 1:colcon.colcon_core.package_identification:_identify(src/my_cpp_pkg) by extension 'colcon_pkg'
[0.305s] Level 1:colcon.colcon_core.package_identification:_identify(src/my_cpp_pkg) by extensions ['colcon_meta']
[0.305s] Level 1:colcon.colcon_core.package_identification:_identify(src/my_cpp_pkg) by extension 'colcon_meta'
[0.305s] Level 1:colcon.colcon_core.package_identification:_identify(src/my_cpp_pkg) by extensions ['ros']
[0.305s] Level 1:colcon.colcon_core.package_identification:_identify(src/my_cpp_pkg) by extension 'ros'
[0.309s] DEBUG:colcon.colcon_core.package_identification:Package 'src/my_cpp_pkg' with type 'ros.ament_cmake' and name 'my_cpp_pkg'
[0.309s] Level 1:colcon.colcon_core.package_identification:_identify(src/my_robot_bringup) by extensions ['ignore', 'ignore_ament_install']
[0.309s] Level 1:colcon.colcon_core.package_identification:_identify(src/my_robot_bringup) by extension 'ignore'
[0.309s] Level 1:colcon.colcon_core.package_identification:_identify(src/my_robot_bringup) by extension 'ignore_ament_install'
[0.310s] Level 1:colcon.colcon_core.package_identification:_identify(src/my_robot_bringup) by extensions ['colcon_pkg']
[0.310s] Level 1:colcon.colcon_core.package_identification:_identify(src/my_robot_bringup) by extension 'colcon_pkg'
[0.310s] Level 1:colcon.colcon_core.package_identification:_identify(src/my_robot_bringup) by extensions ['colcon_meta']
[0.310s] Level 1:colcon.colcon_core.package_identification:_identify(src/my_robot_bringup) by extension 'colcon_meta'
[0.310s] Level 1:colcon.colcon_core.package_identification:_identify(src/my_robot_bringup) by extensions ['ros']
[0.310s] Level 1:colcon.colcon_core.package_identification:_identify(src/my_robot_bringup) by extension 'ros'
[0.325s] DEBUG:colcon.colcon_core.package_identification:Package 'src/my_robot_bringup' with type 'ros.ament_cmake' and name 'my_robot_bringup'
[0.326s] Level 1:colcon.colcon_core.package_identification:_identify(src/my_robot_interfaces) by extensions ['ignore', 'ignore_ament_install']
[0.326s] Level 1:colcon.colcon_core.package_identification:_identify(src/my_robot_interfaces) by extension 'ignore'
[0.326s] Level 1:colcon.colcon_core.package_identification:_identify(src/my_robot_interfaces) by extension 'ignore_ament_install'
[0.326s] Level 1:colcon.colcon_core.package_identification:_identify(src/my_robot_interfaces) by extensions ['colcon_pkg']
[0.326s] Level 1:colcon.colcon_core.package_identification:_identify(src/my_robot_interfaces) by extension 'colcon_pkg'
[0.326s] Level 1:colcon.colcon_core.package_identification:_identify(src/my_robot_interfaces) by extensions ['colcon_meta']
[0.326s] Level 1:colcon.colcon_core.package_identification:_identify(src/my_robot_interfaces) by extension 'colcon_meta'
[0.326s] Level 1:colcon.colcon_core.package_identification:_identify(src/my_robot_interfaces) by extensions ['ros']
[0.326s] Level 1:colcon.colcon_core.package_identification:_identify(src/my_robot_interfaces) by extension 'ros'
[0.327s] DEBUG:colcon.colcon_core.package_identification:Package 'src/my_robot_interfaces' with type 'ros.ament_cmake' and name 'my_robot_interfaces'
[0.327s] Level 1:colcon.colcon_core.package_identification:_identify(src/turtlesim_catch_them_all) by extensions ['ignore', 'ignore_ament_install']
[0.327s] Level 1:colcon.colcon_core.package_identification:_identify(src/turtlesim_catch_them_all) by extension 'ignore'
[0.328s] Level 1:colcon.colcon_core.package_identification:_identify(src/turtlesim_catch_them_all) by extension 'ignore_ament_install'
[0.328s] Level 1:colcon.colcon_core.package_identification:_identify(src/turtlesim_catch_them_all) by extensions ['colcon_pkg']
[0.328s] Level 1:colcon.colcon_core.package_identification:_identify(src/turtlesim_catch_them_all) by extension 'colcon_pkg'
[0.328s] Level 1:colcon.colcon_core.package_identification:_identify(src/turtlesim_catch_them_all) by extensions ['colcon_meta']
[0.328s] Level 1:colcon.colcon_core.package_identification:_identify(src/turtlesim_catch_them_all) by extension 'colcon_meta'
[0.328s] Level 1:colcon.colcon_core.package_identification:_identify(src/turtlesim_catch_them_all) by extensions ['ros']
[0.328s] Level 1:colcon.colcon_core.package_identification:_identify(src/turtlesim_catch_them_all) by extension 'ros'
[0.329s] DEBUG:colcon.colcon_core.package_identification:Package 'src/turtlesim_catch_them_all' with type 'ros.ament_cmake' and name 'turtlesim_catch_them_all'
[0.329s] Level 1:colcon.colcon_core.package_discovery:discover_packages(recursive) using defaults
[0.329s] Level 1:colcon.colcon_core.package_discovery:discover_packages(ignore) discover
[0.329s] Level 1:colcon.colcon_core.package_discovery:discover_packages(ignore) using defaults
[0.329s] Level 1:colcon.colcon_core.package_discovery:discover_packages(path) discover
[0.329s] Level 1:colcon.colcon_core.package_discovery:discover_packages(path) using defaults
[0.367s] Level 1:colcon.colcon_core.package_discovery:discover_packages(prefix_path) check parameters
[0.367s] Level 1:colcon.colcon_core.package_discovery:discover_packages(prefix_path) discover
[0.373s] DEBUG:colcon.colcon_installed_package_information.package_discovery:Found 4 installed packages in /home/nmolla/ros2_ws/install
[0.378s] DEBUG:colcon.colcon_installed_package_information.package_discovery:Found 278 installed packages in /opt/ros/galactic
[0.380s] Level 1:colcon.colcon_core.package_discovery:discover_packages(prefix_path) using defaults
[0.509s] Level 5:colcon.colcon_core.verb:set package 'my_robot_interfaces' build argument 'cmake_args' from command line to 'None'
[0.509s] Level 5:colcon.colcon_core.verb:set package 'my_robot_interfaces' build argument 'cmake_target' from command line to 'None'
[0.509s] Level 5:colcon.colcon_core.verb:set package 'my_robot_interfaces' build argument 'cmake_target_skip_unavailable' from command line to 'False'
[0.509s] Level 5:colcon.colcon_core.verb:set package 'my_robot_interfaces' build argument 'cmake_clean_cache' from command line to 'False'
[0.509s] Level 5:colcon.colcon_core.verb:set package 'my_robot_interfaces' build argument 'cmake_clean_first' from command line to 'False'
[0.509s] Level 5:colcon.colcon_core.verb:set package 'my_robot_interfaces' build argument 'cmake_force_configure' from command line to 'False'
[0.509s] Level 5:colcon.colcon_core.verb:set package 'my_robot_interfaces' build argument 'ament_cmake_args' from command line to 'None'
[0.509s] Level 5:colcon.colcon_core.verb:set package 'my_robot_interfaces' build argument 'catkin_cmake_args' from command line to 'None'
[0.509s] Level 5:colcon.colcon_core.verb:set package 'my_robot_interfaces' build argument 'catkin_skip_building_tests' from command line to 'False'
[0.509s] DEBUG:colcon.colcon_core.verb:Building package 'my_robot_interfaces' with the following arguments: {'ament_cmake_args': None, 'build_base': '/home/nmolla/ros2_ws/build/my_robot_interfaces', 'catkin_cmake_args': None, 'catkin_skip_building_tests': False, 'cmake_args': None, 'cmake_clean_cache': False, 'cmake_clean_first': False, 'cmake_force_configure': False, 'cmake_target': None, 'cmake_target_skip_unavailable': False, 'install_base': '/home/nmolla/ros2_ws/install/my_robot_interfaces', 'merge_install': False, 'path': '/home/nmolla/ros2_ws/src/my_robot_interfaces', 'symlink_install': False, 'test_result_base': None}
[0.511s] Level 5:colcon.colcon_core.verb:set package 'turtlesim_catch_them_all' build argument 'cmake_args' from command line to 'None'
[0.511s] Level 5:colcon.colcon_core.verb:set package 'turtlesim_catch_them_all' build argument 'cmake_target' from command line to 'None'
[0.511s] Level 5:colcon.colcon_core.verb:set package 'turtlesim_catch_them_all' build argument 'cmake_target_skip_unavailable' from command line to 'False'
[0.511s] Level 5:colcon.colcon_core.verb:set package 'turtlesim_catch_them_all' build argument 'cmake_clean_cache' from command line to 'False'
[0.511s] Level 5:colcon.colcon_core.verb:set package 'turtlesim_catch_them_all' build argument 'cmake_clean_first' from command line to 'False'
[0.511s] Level 5:colcon.colcon_core.verb:set package 'turtlesim_catch_them_all' build argument 'cmake_force_configure' from command line to 'False'
[0.511s] Level 5:colcon.colcon_core.verb:set package 'turtlesim_catch_them_all' build argument 'ament_cmake_args' from command line to 'None'
[0.511s] Level 5:colcon.colcon_core.verb:set package 'turtlesim_catch_them_all' build argument 'catkin_cmake_args' from command line to 'None'
[0.511s] Level 5:colcon.colcon_core.verb:set package 'turtlesim_catch_them_all' build argument 'catkin_skip_building_tests' from command line to 'False'
[0.511s] DEBUG:colcon.colcon_core.verb:Building package 'turtlesim_catch_them_all' with the following arguments: {'ament_cmake_args': None, 'build_base': '/home/nmolla/ros2_ws/build/turtlesim_catch_them_all', 'catkin_cmake_args': None, 'catkin_skip_building_tests': False, 'cmake_args': None, 'cmake_clean_cache': False, 'cmake_clean_first': False, 'cmake_force_configure': False, 'cmake_target': None, 'cmake_target_skip_unavailable': False, 'install_base': '/home/nmolla/ros2_ws/install/turtlesim_catch_them_all', 'merge_install': False, 'path': '/home/nmolla/ros2_ws/src/turtlesim_catch_them_all', 'symlink_install': False, 'test_result_base': None}
[0.512s] Level 5:colcon.colcon_core.verb:set package 'my_cpp_pkg' build argument 'cmake_args' from command line to 'None'
[0.512s] Level 5:colcon.colcon_core.verb:set package 'my_cpp_pkg' build argument 'cmake_target' from command line to 'None'
[0.512s] Level 5:colcon.colcon_core.verb:set package 'my_cpp_pkg' build argument 'cmake_target_skip_unavailable' from command line to 'False'
[0.512s] Level 5:colcon.colcon_core.verb:set package 'my_cpp_pkg' build argument 'cmake_clean_cache' from command line to 'False'
[0.512s] Level 5:colcon.colcon_core.verb:set package 'my_cpp_pkg' build argument 'cmake_clean_first' from command line to 'False'
[0.512s] Level 5:colcon.colcon_core.verb:set package 'my_cpp_pkg' build argument 'cmake_force_configure' from command line to 'False'
[0.512s] Level 5:colcon.colcon_core.verb:set package 'my_cpp_pkg' build argument 'ament_cmake_args' from command line to 'None'
[0.512s] Level 5:colcon.colcon_core.verb:set package 'my_cpp_pkg' build argument 'catkin_cmake_args' from command line to 'None'
[0.512s] Level 5:colcon.colcon_core.verb:set package 'my_cpp_pkg' build argument 'catkin_skip_building_tests' from command line to 'False'
[0.513s] DEBUG:colcon.colcon_core.verb:Building package 'my_cpp_pkg' with the following arguments: {'ament_cmake_args': None, 'build_base': '/home/nmolla/ros2_ws/build/my_cpp_pkg', 'catkin_cmake_args': None, 'catkin_skip_building_tests': False, 'cmake_args': None, 'cmake_clean_cache': False, 'cmake_clean_first': False, 'cmake_force_configure': False, 'cmake_target': None, 'cmake_target_skip_unavailable': False, 'install_base': '/home/nmolla/ros2_ws/install/my_cpp_pkg', 'merge_install': False, 'path': '/home/nmolla/ros2_ws/src/my_cpp_pkg', 'symlink_install': False, 'test_result_base': None}
[0.514s] Level 5:colcon.colcon_core.verb:set package 'my_robot_bringup' build argument 'cmake_args' from command line to 'None'
[0.514s] Level 5:colcon.colcon_core.verb:set package 'my_robot_bringup' build argument 'cmake_target' from command line to 'None'
[0.514s] Level 5:colcon.colcon_core.verb:set package 'my_robot_bringup' build argument 'cmake_target_skip_unavailable' from command line to 'False'
[0.514s] Level 5:colcon.colcon_core.verb:set package 'my_robot_bringup' build argument 'cmake_clean_cache' from command line to 'False'
[0.514s] Level 5:colcon.colcon_core.verb:set package 'my_robot_bringup' build argument 'cmake_clean_first' from command line to 'False'
[0.514s] Level 5:colcon.colcon_core.verb:set package 'my_robot_bringup' build argument 'cmake_force_configure' from command line to 'False'
[0.514s] Level 5:colcon.colcon_core.verb:set package 'my_robot_bringup' build argument 'ament_cmake_args' from command line to 'None'
[0.514s] Level 5:colcon.colcon_core.verb:set package 'my_robot_bringup' build argument 'catkin_cmake_args' from command line to 'None'
[0.515s] Level 5:colcon.colcon_core.verb:set package 'my_robot_bringup' build argument 'catkin_skip_building_tests' from command line to 'False'
[0.515s] DEBUG:colcon.colcon_core.verb:Building package 'my_robot_bringup' with the following arguments: {'ament_cmake_args': None, 'build_base': '/home/nmolla/ros2_ws/build/my_robot_bringup', 'catkin_cmake_args': None, 'catkin_skip_building_tests': False, 'cmake_args': None, 'cmake_clean_cache': False, 'cmake_clean_first': False, 'cmake_force_configure': False, 'cmake_target': None, 'cmake_target_skip_unavailable': False, 'install_base': '/home/nmolla/ros2_ws/install/my_robot_bringup', 'merge_install': False, 'path': '/home/nmolla/ros2_ws/src/my_robot_bringup', 'symlink_install': False, 'test_result_base': None}
[0.516s] INFO:colcon.colcon_core.executor:Executing jobs using 'parallel' executor
[0.524s] DEBUG:colcon.colcon_parallel_executor.executor.parallel:run_until_complete
[0.525s] INFO:colcon.colcon_ros.task.ament_cmake.build:Building ROS package in '/home/nmolla/ros2_ws/src/my_robot_interfaces' with build type 'ament_cmake'
[0.525s] INFO:colcon.colcon_cmake.task.cmake.build:Building CMake package in '/home/nmolla/ros2_ws/src/my_robot_interfaces'
[0.532s] INFO:colcon.colcon_core.plugin_system:Skipping extension 'colcon_core.shell.bat': Not used on non-Windows systems
[0.532s] INFO:colcon.colcon_core.shell:Skip shell extension 'powershell' for command environment: Not usable outside of PowerShell
[0.532s] DEBUG:colcon.colcon_core.shell:Skip shell extension 'dsv' for command environment
[0.543s] INFO:colcon.colcon_ros.task.ament_cmake.build:Building ROS package in '/home/nmolla/ros2_ws/src/turtlesim_catch_them_all' with build type 'ament_cmake'
[0.544s] INFO:colcon.colcon_cmake.task.cmake.build:Building CMake package in '/home/nmolla/ros2_ws/src/turtlesim_catch_them_all'
[0.547s] INFO:colcon.colcon_core.shell:Skip shell extension 'powershell' for command environment: Not usable outside of PowerShell
[0.548s] DEBUG:colcon.colcon_core.shell:Skip shell extension 'dsv' for command environment
[0.575s] DEBUG:colcon.colcon_core.event_handler.log_command:Invoking command in '/home/nmolla/ros2_ws/build/my_robot_interfaces': CMAKE_PREFIX_PATH=${CMAKE_PREFIX_PATH}:/opt/ros/galactic /usr/bin/cmake --build /home/nmolla/ros2_ws/build/my_robot_interfaces -- -j4 -l4
[0.598s] DEBUG:colcon.colcon_core.event_handler.log_command:Invoking command in '/home/nmolla/ros2_ws/build/turtlesim_catch_them_all': CMAKE_PREFIX_PATH=${CMAKE_PREFIX_PATH}:/opt/ros/galactic /usr/bin/cmake --build /home/nmolla/ros2_ws/build/turtlesim_catch_them_all -- -j4 -l4
[1.071s] DEBUG:colcon.colcon_core.event_handler.log_command:Invoked command in '/home/nmolla/ros2_ws/build/my_robot_interfaces' returned '0': CMAKE_PREFIX_PATH=${CMAKE_PREFIX_PATH}:/opt/ros/galactic /usr/bin/cmake --build /home/nmolla/ros2_ws/build/my_robot_interfaces -- -j4 -l4
[1.210s] DEBUG:colcon.colcon_core.event_handler.log_command:Invoking command in '/home/nmolla/ros2_ws/build/my_robot_interfaces': CMAKE_PREFIX_PATH=${CMAKE_PREFIX_PATH}:/opt/ros/galactic /usr/bin/cmake --install /home/nmolla/ros2_ws/build/my_robot_interfaces
[1.326s] Level 1:colcon.colcon_core.environment:create_environment_scripts_only(my_robot_interfaces)
[1.327s] DEBUG:colcon.colcon_core.event_handler.log_command:Invoked command in '/home/nmolla/ros2_ws/build/my_robot_interfaces' returned '0': CMAKE_PREFIX_PATH=${CMAKE_PREFIX_PATH}:/opt/ros/galactic /usr/bin/cmake --install /home/nmolla/ros2_ws/build/my_robot_interfaces
[1.339s] Level 1:colcon.colcon_core.environment:checking '/home/nmolla/ros2_ws/install/my_robot_interfaces' for CMake module files
[1.340s] Level 1:colcon.colcon_core.environment:checking '/home/nmolla/ros2_ws/install/my_robot_interfaces' for CMake config files
[1.341s] Level 1:colcon.colcon_core.shell:create_environment_hook('my_robot_interfaces', 'cmake_prefix_path')
[1.344s] INFO:colcon.colcon_core.shell:Creating environment hook '/home/nmolla/ros2_ws/install/my_robot_interfaces/share/my_robot_interfaces/hook/cmake_prefix_path.ps1'
[1.346s] INFO:colcon.colcon_core.shell:Creating environment descriptor '/home/nmolla/ros2_ws/install/my_robot_interfaces/share/my_robot_interfaces/hook/cmake_prefix_path.dsv'
[1.347s] INFO:colcon.colcon_core.shell:Creating environment hook '/home/nmolla/ros2_ws/install/my_robot_interfaces/share/my_robot_interfaces/hook/cmake_prefix_path.sh'
[1.348s] Level 1:colcon.colcon_core.environment:checking '/home/nmolla/ros2_ws/install/my_robot_interfaces/lib'
[1.349s] Level 1:colcon.colcon_core.shell:create_environment_hook('my_robot_interfaces', 'ld_library_path_lib')
[1.352s] INFO:colcon.colcon_core.shell:Creating environment hook '/home/nmolla/ros2_ws/install/my_robot_interfaces/share/my_robot_interfaces/hook/ld_library_path_lib.ps1'
[1.353s] INFO:colcon.colcon_core.shell:Creating environment descriptor '/home/nmolla/ros2_ws/install/my_robot_interfaces/share/my_robot_interfaces/hook/ld_library_path_lib.dsv'
[1.354s] INFO:colcon.colcon_core.shell:Creating environment hook '/home/nmolla/ros2_ws/install/my_robot_interfaces/share/my_robot_interfaces/hook/ld_library_path_lib.sh'
[1.355s] Level 1:colcon.colcon_core.environment:checking '/home/nmolla/ros2_ws/install/my_robot_interfaces/bin'
[1.355s] Level 1:colcon.colcon_core.environment:checking '/home/nmolla/ros2_ws/install/my_robot_interfaces/lib/pkgconfig/my_robot_interfaces.pc'
[1.356s] Level 1:colcon.colcon_core.environment:checking '/home/nmolla/ros2_ws/install/my_robot_interfaces/lib/python3.8/site-packages'
[1.356s] Level 1:colcon.colcon_core.shell:create_environment_hook('my_robot_interfaces', 'pythonpath')
[1.359s] INFO:colcon.colcon_core.shell:Creating environment hook '/home/nmolla/ros2_ws/install/my_robot_interfaces/share/my_robot_interfaces/hook/pythonpath.ps1'
[1.360s] INFO:colcon.colcon_core.shell:Creating environment descriptor '/home/nmolla/ros2_ws/install/my_robot_interfaces/share/my_robot_interfaces/hook/pythonpath.dsv'
[1.360s] INFO:colcon.colcon_core.shell:Creating environment hook '/home/nmolla/ros2_ws/install/my_robot_interfaces/share/my_robot_interfaces/hook/pythonpath.sh'
[1.361s] Level 1:colcon.colcon_core.environment:checking '/home/nmolla/ros2_ws/install/my_robot_interfaces/bin'
[1.364s] INFO:colcon.colcon_core.shell:Creating package script '/home/nmolla/ros2_ws/install/my_robot_interfaces/share/my_robot_interfaces/package.ps1'
[1.367s] INFO:colcon.colcon_core.shell:Creating package descriptor '/home/nmolla/ros2_ws/install/my_robot_interfaces/share/my_robot_interfaces/package.dsv'
[1.368s] INFO:colcon.colcon_core.shell:Creating package script '/home/nmolla/ros2_ws/install/my_robot_interfaces/share/my_robot_interfaces/package.sh'
[1.370s] INFO:colcon.colcon_core.shell:Creating package script '/home/nmolla/ros2_ws/install/my_robot_interfaces/share/my_robot_interfaces/package.bash'
[1.372s] INFO:colcon.colcon_core.shell:Creating package script '/home/nmolla/ros2_ws/install/my_robot_interfaces/share/my_robot_interfaces/package.zsh'
[1.373s] Level 1:colcon.colcon_core.environment:create_file_with_runtime_dependencies(/home/nmolla/ros2_ws/install/my_robot_interfaces/share/colcon-core/packages/my_robot_interfaces)
[1.492s] Level 1:colcon.colcon_core.environment:create_environment_scripts_only(my_robot_interfaces)
[1.495s] Level 1:colcon.colcon_core.environment:checking '/home/nmolla/ros2_ws/install/my_robot_interfaces' for CMake module files
[1.495s] Level 1:colcon.colcon_core.environment:checking '/home/nmolla/ros2_ws/install/my_robot_interfaces' for CMake config files
[1.496s] Level 1:colcon.colcon_core.shell:create_environment_hook('my_robot_interfaces', 'cmake_prefix_path')
[1.497s] INFO:colcon.colcon_core.shell:Creating environment hook '/home/nmolla/ros2_ws/install/my_robot_interfaces/share/my_robot_interfaces/hook/cmake_prefix_path.ps1'
[1.499s] INFO:colcon.colcon_core.shell:Creating environment descriptor '/home/nmolla/ros2_ws/install/my_robot_interfaces/share/my_robot_interfaces/hook/cmake_prefix_path.dsv'
[1.500s] INFO:colcon.colcon_core.shell:Creating environment hook '/home/nmolla/ros2_ws/install/my_robot_interfaces/share/my_robot_interfaces/hook/cmake_prefix_path.sh'
[1.501s] Level 1:colcon.colcon_core.environment:checking '/home/nmolla/ros2_ws/install/my_robot_interfaces/lib'
[1.502s] Level 1:colcon.colcon_core.shell:create_environment_hook('my_robot_interfaces', 'ld_library_path_lib')
[1.503s] INFO:colcon.colcon_core.shell:Creating environment hook '/home/nmolla/ros2_ws/install/my_robot_interfaces/share/my_robot_interfaces/hook/ld_library_path_lib.ps1'
[1.504s] INFO:colcon.colcon_core.shell:Creating environment descriptor '/home/nmolla/ros2_ws/install/my_robot_interfaces/share/my_robot_interfaces/hook/ld_library_path_lib.dsv'
[1.505s] INFO:colcon.colcon_core.shell:Creating environment hook '/home/nmolla/ros2_ws/install/my_robot_interfaces/share/my_robot_interfaces/hook/ld_library_path_lib.sh'
[1.506s] Level 1:colcon.colcon_core.environment:checking '/home/nmolla/ros2_ws/install/my_robot_interfaces/bin'
[1.506s] Level 1:colcon.colcon_core.environment:checking '/home/nmolla/ros2_ws/install/my_robot_interfaces/lib/pkgconfig/my_robot_interfaces.pc'
[1.506s] Level 1:colcon.colcon_core.environment:checking '/home/nmolla/ros2_ws/install/my_robot_interfaces/lib/python3.8/site-packages'
[1.506s] Level 1:colcon.colcon_core.shell:create_environment_hook('my_robot_interfaces', 'pythonpath')
[1.508s] INFO:colcon.colcon_core.shell:Creating environment hook '/home/nmolla/ros2_ws/install/my_robot_interfaces/share/my_robot_interfaces/hook/pythonpath.ps1'
[1.509s] INFO:colcon.colcon_core.shell:Creating environment descriptor '/home/nmolla/ros2_ws/install/my_robot_interfaces/share/my_robot_interfaces/hook/pythonpath.dsv'
[1.509s] INFO:colcon.colcon_core.shell:Creating environment hook '/home/nmolla/ros2_ws/install/my_robot_interfaces/share/my_robot_interfaces/hook/pythonpath.sh'
[1.510s] Level 1:colcon.colcon_core.environment:checking '/home/nmolla/ros2_ws/install/my_robot_interfaces/bin'
[1.512s] INFO:colcon.colcon_core.shell:Creating package script '/home/nmolla/ros2_ws/install/my_robot_interfaces/share/my_robot_interfaces/package.ps1'
[1.513s] INFO:colcon.colcon_core.shell:Creating package descriptor '/home/nmolla/ros2_ws/install/my_robot_interfaces/share/my_robot_interfaces/package.dsv'
[1.513s] INFO:colcon.colcon_core.shell:Creating package script '/home/nmolla/ros2_ws/install/my_robot_interfaces/share/my_robot_interfaces/package.sh'
[1.514s] INFO:colcon.colcon_core.shell:Creating package script '/home/nmolla/ros2_ws/install/my_robot_interfaces/share/my_robot_interfaces/package.bash'
[1.514s] INFO:colcon.colcon_core.shell:Creating package script '/home/nmolla/ros2_ws/install/my_robot_interfaces/share/my_robot_interfaces/package.zsh'
[1.515s] Level 1:colcon.colcon_core.environment:create_file_with_runtime_dependencies(/home/nmolla/ros2_ws/install/my_robot_interfaces/share/colcon-core/packages/my_robot_interfaces)
[1.516s] INFO:colcon.colcon_ros.task.ament_cmake.build:Building ROS package in '/home/nmolla/ros2_ws/src/my_cpp_pkg' with build type 'ament_cmake'
[1.517s] INFO:colcon.colcon_cmake.task.cmake.build:Building CMake package in '/home/nmolla/ros2_ws/src/my_cpp_pkg'
[1.520s] INFO:colcon.colcon_core.shell:Skip shell extension 'powershell' for command environment: Not usable outside of PowerShell
[1.520s] DEBUG:colcon.colcon_core.shell:Skip shell extension 'dsv' for command environment
[1.560s] DEBUG:colcon.colcon_core.event_handler.log_command:Invoking command in '/home/nmolla/ros2_ws/build/my_cpp_pkg': AMENT_PREFIX_PATH=/home/nmolla/ros2_ws/install/my_robot_interfaces:${AMENT_PREFIX_PATH} CMAKE_PREFIX_PATH=/home/nmolla/ros2_ws/install/my_robot_interfaces:/home/nmolla/ros2_ws/install/my_cpp_pkg:/opt/ros/galactic LD_LIBRARY_PATH=/home/nmolla/ros2_ws/install/my_robot_interfaces/lib:${LD_LIBRARY_PATH} PYTHONPATH=/home/nmolla/ros2_ws/install/my_robot_interfaces/lib/python3.8/site-packages:${PYTHONPATH} /usr/bin/cmake --build /home/nmolla/ros2_ws/build/my_cpp_pkg -- -j4 -l4
[3.231s] DEBUG:colcon.colcon_core.event_handler.log_command:Invoked command in '/home/nmolla/ros2_ws/build/turtlesim_catch_them_all' returned '0': CMAKE_PREFIX_PATH=${CMAKE_PREFIX_PATH}:/opt/ros/galactic /usr/bin/cmake --build /home/nmolla/ros2_ws/build/turtlesim_catch_them_all -- -j4 -l4
[3.285s] DEBUG:colcon.colcon_core.event_handler.log_command:Invoking command in '/home/nmolla/ros2_ws/build/turtlesim_catch_them_all': CMAKE_PREFIX_PATH=${CMAKE_PREFIX_PATH}:/opt/ros/galactic /usr/bin/cmake --install /home/nmolla/ros2_ws/build/turtlesim_catch_them_all
[3.313s] Level 1:colcon.colcon_core.environment:create_environment_scripts_only(turtlesim_catch_them_all)
[3.320s] Level 1:colcon.colcon_core.environment:checking '/home/nmolla/ros2_ws/install/turtlesim_catch_them_all' for CMake module files
[3.320s] DEBUG:colcon.colcon_core.event_handler.log_command:Invoked command in '/home/nmolla/ros2_ws/build/turtlesim_catch_them_all' returned '0': CMAKE_PREFIX_PATH=${CMAKE_PREFIX_PATH}:/opt/ros/galactic /usr/bin/cmake --install /home/nmolla/ros2_ws/build/turtlesim_catch_them_all
[3.321s] Level 1:colcon.colcon_core.environment:checking '/home/nmolla/ros2_ws/install/turtlesim_catch_them_all' for CMake config files
[3.321s] Level 1:colcon.colcon_core.shell:create_environment_hook('turtlesim_catch_them_all', 'cmake_prefix_path')
[3.324s] INFO:colcon.colcon_core.shell:Creating environment hook '/home/nmolla/ros2_ws/install/turtlesim_catch_them_all/share/turtlesim_catch_them_all/hook/cmake_prefix_path.ps1'
[3.325s] INFO:colcon.colcon_core.shell:Creating environment descriptor '/home/nmolla/ros2_ws/install/turtlesim_catch_them_all/share/turtlesim_catch_them_all/hook/cmake_prefix_path.dsv'
[3.325s] INFO:colcon.colcon_core.shell:Creating environment hook '/home/nmolla/ros2_ws/install/turtlesim_catch_them_all/share/turtlesim_catch_them_all/hook/cmake_prefix_path.sh'
[3.326s] Level 1:colcon.colcon_core.environment:checking '/home/nmolla/ros2_ws/install/turtlesim_catch_them_all/lib'
[3.327s] Level 1:colcon.colcon_core.environment:checking '/home/nmolla/ros2_ws/install/turtlesim_catch_them_all/bin'
[3.327s] Level 1:colcon.colcon_core.environment:checking '/home/nmolla/ros2_ws/install/turtlesim_catch_them_all/lib/pkgconfig/turtlesim_catch_them_all.pc'
[3.327s] Level 1:colcon.colcon_core.environment:checking '/home/nmolla/ros2_ws/install/turtlesim_catch_them_all/lib/python3.8/site-packages'
[3.328s] Level 1:colcon.colcon_core.environment:checking '/home/nmolla/ros2_ws/install/turtlesim_catch_them_all/bin'
[3.329s] INFO:colcon.colcon_core.shell:Creating package script '/home/nmolla/ros2_ws/install/turtlesim_catch_them_all/share/turtlesim_catch_them_all/package.ps1'
[3.330s] INFO:colcon.colcon_core.shell:Creating package descriptor '/home/nmolla/ros2_ws/install/turtlesim_catch_them_all/share/turtlesim_catch_them_all/package.dsv'
[3.332s] INFO:colcon.colcon_core.shell:Creating package script '/home/nmolla/ros2_ws/install/turtlesim_catch_them_all/share/turtlesim_catch_them_all/package.sh'
[3.333s] INFO:colcon.colcon_core.shell:Creating package script '/home/nmolla/ros2_ws/install/turtlesim_catch_them_all/share/turtlesim_catch_them_all/package.bash'
[3.334s] INFO:colcon.colcon_core.shell:Creating package script '/home/nmolla/ros2_ws/install/turtlesim_catch_them_all/share/turtlesim_catch_them_all/package.zsh'
[3.335s] Level 1:colcon.colcon_core.environment:create_file_with_runtime_dependencies(/home/nmolla/ros2_ws/install/turtlesim_catch_them_all/share/colcon-core/packages/turtlesim_catch_them_all)
[3.385s] Level 1:colcon.colcon_core.environment:create_environment_scripts_only(turtlesim_catch_them_all)
[3.390s] Level 1:colcon.colcon_core.environment:checking '/home/nmolla/ros2_ws/install/turtlesim_catch_them_all' for CMake module files
[3.391s] Level 1:colcon.colcon_core.environment:checking '/home/nmolla/ros2_ws/install/turtlesim_catch_them_all' for CMake config files
[3.391s] Level 1:colcon.colcon_core.shell:create_environment_hook('turtlesim_catch_them_all', 'cmake_prefix_path')
[3.394s] INFO:colcon.colcon_core.shell:Creating environment hook '/home/nmolla/ros2_ws/install/turtlesim_catch_them_all/share/turtlesim_catch_them_all/hook/cmake_prefix_path.ps1'
[3.395s] INFO:colcon.colcon_core.shell:Creating environment descriptor '/home/nmolla/ros2_ws/install/turtlesim_catch_them_all/share/turtlesim_catch_them_all/hook/cmake_prefix_path.dsv'
[3.395s] INFO:colcon.colcon_core.shell:Creating environment hook '/home/nmolla/ros2_ws/install/turtlesim_catch_them_all/share/turtlesim_catch_them_all/hook/cmake_prefix_path.sh'
[3.396s] Level 1:colcon.colcon_core.environment:checking '/home/nmolla/ros2_ws/install/turtlesim_catch_them_all/lib'
[3.396s] Level 1:colcon.colcon_core.environment:checking '/home/nmolla/ros2_ws/install/turtlesim_catch_them_all/bin'
[3.396s] Level 1:colcon.colcon_core.environment:checking '/home/nmolla/ros2_ws/install/turtlesim_catch_them_all/lib/pkgconfig/turtlesim_catch_them_all.pc'
[3.397s] Level 1:colcon.colcon_core.environment:checking '/home/nmolla/ros2_ws/install/turtlesim_catch_them_all/lib/python3.8/site-packages'
[3.397s] Level 1:colcon.colcon_core.environment:checking '/home/nmolla/ros2_ws/install/turtlesim_catch_them_all/bin'
[3.401s] INFO:colcon.colcon_core.shell:Creating package script '/home/nmolla/ros2_ws/install/turtlesim_catch_them_all/share/turtlesim_catch_them_all/package.ps1'
[3.402s] INFO:colcon.colcon_core.shell:Creating package descriptor '/home/nmolla/ros2_ws/install/turtlesim_catch_them_all/share/turtlesim_catch_them_all/package.dsv'
[3.404s] INFO:colcon.colcon_core.shell:Creating package script '/home/nmolla/ros2_ws/install/turtlesim_catch_them_all/share/turtlesim_catch_them_all/package.sh'
[3.405s] INFO:colcon.colcon_core.shell:Creating package script '/home/nmolla/ros2_ws/install/turtlesim_catch_them_all/share/turtlesim_catch_them_all/package.bash'
[3.405s] INFO:colcon.colcon_core.shell:Creating package script '/home/nmolla/ros2_ws/install/turtlesim_catch_them_all/share/turtlesim_catch_them_all/package.zsh'
[3.406s] Level 1:colcon.colcon_core.environment:create_file_with_runtime_dependencies(/home/nmolla/ros2_ws/install/turtlesim_catch_them_all/share/colcon-core/packages/turtlesim_catch_them_all)
[8.483s] DEBUG:colcon.colcon_core.event_handler.log_command:Invoked command in '/home/nmolla/ros2_ws/build/my_cpp_pkg' returned '0': AMENT_PREFIX_PATH=/home/nmolla/ros2_ws/install/my_robot_interfaces:${AMENT_PREFIX_PATH} CMAKE_PREFIX_PATH=/home/nmolla/ros2_ws/install/my_robot_interfaces:/home/nmolla/ros2_ws/install/my_cpp_pkg:/opt/ros/galactic LD_LIBRARY_PATH=/home/nmolla/ros2_ws/install/my_robot_interfaces/lib:${LD_LIBRARY_PATH} PYTHONPATH=/home/nmolla/ros2_ws/install/my_robot_interfaces/lib/python3.8/site-packages:${PYTHONPATH} /usr/bin/cmake --build /home/nmolla/ros2_ws/build/my_cpp_pkg -- -j4 -l4
[8.552s] DEBUG:colcon.colcon_core.event_handler.log_command:Invoking command in '/home/nmolla/ros2_ws/build/my_cpp_pkg': AMENT_PREFIX_PATH=/home/nmolla/ros2_ws/install/my_robot_interfaces:${AMENT_PREFIX_PATH} CMAKE_PREFIX_PATH=/home/nmolla/ros2_ws/install/my_robot_interfaces:/home/nmolla/ros2_ws/install/my_cpp_pkg:/opt/ros/galactic LD_LIBRARY_PATH=/home/nmolla/ros2_ws/install/my_robot_interfaces/lib:${LD_LIBRARY_PATH} PYTHONPATH=/home/nmolla/ros2_ws/install/my_robot_interfaces/lib/python3.8/site-packages:${PYTHONPATH} /usr/bin/cmake --install /home/nmolla/ros2_ws/build/my_cpp_pkg
[8.585s] Level 1:colcon.colcon_core.environment:create_environment_scripts_only(my_cpp_pkg)
[8.588s] Level 1:colcon.colcon_core.environment:checking '/home/nmolla/ros2_ws/install/my_cpp_pkg' for CMake module files
[8.589s] DEBUG:colcon.colcon_core.event_handler.log_command:Invoked command in '/home/nmolla/ros2_ws/build/my_cpp_pkg' returned '0': AMENT_PREFIX_PATH=/home/nmolla/ros2_ws/install/my_robot_interfaces:${AMENT_PREFIX_PATH} CMAKE_PREFIX_PATH=/home/nmolla/ros2_ws/install/my_robot_interfaces:/home/nmolla/ros2_ws/install/my_cpp_pkg:/opt/ros/galactic LD_LIBRARY_PATH=/home/nmolla/ros2_ws/install/my_robot_interfaces/lib:${LD_LIBRARY_PATH} PYTHONPATH=/home/nmolla/ros2_ws/install/my_robot_interfaces/lib/python3.8/site-packages:${PYTHONPATH} /usr/bin/cmake --install /home/nmolla/ros2_ws/build/my_cpp_pkg
[8.590s] Level 1:colcon.colcon_core.environment:checking '/home/nmolla/ros2_ws/install/my_cpp_pkg' for CMake config files
[8.590s] Level 1:colcon.colcon_core.shell:create_environment_hook('my_cpp_pkg', 'cmake_prefix_path')
[8.592s] INFO:colcon.colcon_core.shell:Creating environment hook '/home/nmolla/ros2_ws/install/my_cpp_pkg/share/my_cpp_pkg/hook/cmake_prefix_path.ps1'
[8.593s] INFO:colcon.colcon_core.shell:Creating environment descriptor '/home/nmolla/ros2_ws/install/my_cpp_pkg/share/my_cpp_pkg/hook/cmake_prefix_path.dsv'
[8.594s] INFO:colcon.colcon_core.shell:Creating environment hook '/home/nmolla/ros2_ws/install/my_cpp_pkg/share/my_cpp_pkg/hook/cmake_prefix_path.sh'
[8.595s] Level 1:colcon.colcon_core.environment:checking '/home/nmolla/ros2_ws/install/my_cpp_pkg/lib'
[8.595s] Level 1:colcon.colcon_core.environment:checking '/home/nmolla/ros2_ws/install/my_cpp_pkg/bin'
[8.595s] Level 1:colcon.colcon_core.environment:checking '/home/nmolla/ros2_ws/install/my_cpp_pkg/lib/pkgconfig/my_cpp_pkg.pc'
[8.596s] Level 1:colcon.colcon_core.environment:checking '/home/nmolla/ros2_ws/install/my_cpp_pkg/lib/python3.8/site-packages'
[8.596s] Level 1:colcon.colcon_core.environment:checking '/home/nmolla/ros2_ws/install/my_cpp_pkg/bin'
[8.598s] INFO:colcon.colcon_core.shell:Creating package script '/home/nmolla/ros2_ws/install/my_cpp_pkg/share/my_cpp_pkg/package.ps1'
[8.599s] INFO:colcon.colcon_core.shell:Creating package descriptor '/home/nmolla/ros2_ws/install/my_cpp_pkg/share/my_cpp_pkg/package.dsv'
[8.600s] INFO:colcon.colcon_core.shell:Creating package script '/home/nmolla/ros2_ws/install/my_cpp_pkg/share/my_cpp_pkg/package.sh'
[8.600s] INFO:colcon.colcon_core.shell:Creating package script '/home/nmolla/ros2_ws/install/my_cpp_pkg/share/my_cpp_pkg/package.bash'
[8.601s] INFO:colcon.colcon_core.shell:Creating package script '/home/nmolla/ros2_ws/install/my_cpp_pkg/share/my_cpp_pkg/package.zsh'
[8.601s] Level 1:colcon.colcon_core.environment:create_file_with_runtime_dependencies(/home/nmolla/ros2_ws/install/my_cpp_pkg/share/colcon-core/packages/my_cpp_pkg)
[8.669s] Level 1:colcon.colcon_core.environment:create_environment_scripts_only(my_cpp_pkg)
[8.671s] Level 1:colcon.colcon_core.environment:checking '/home/nmolla/ros2_ws/install/my_cpp_pkg' for CMake module files
[8.672s] Level 1:colcon.colcon_core.environment:checking '/home/nmolla/ros2_ws/install/my_cpp_pkg' for CMake config files
[8.673s] Level 1:colcon.colcon_core.shell:create_environment_hook('my_cpp_pkg', 'cmake_prefix_path')
[8.674s] INFO:colcon.colcon_core.shell:Creating environment hook '/home/nmolla/ros2_ws/install/my_cpp_pkg/share/my_cpp_pkg/hook/cmake_prefix_path.ps1'
[8.675s] INFO:colcon.colcon_core.shell:Creating environment descriptor '/home/nmolla/ros2_ws/install/my_cpp_pkg/share/my_cpp_pkg/hook/cmake_prefix_path.dsv'
[8.675s] INFO:colcon.colcon_core.shell:Creating environment hook '/home/nmolla/ros2_ws/install/my_cpp_pkg/share/my_cpp_pkg/hook/cmake_prefix_path.sh'
[8.676s] Level 1:colcon.colcon_core.environment:checking '/home/nmolla/ros2_ws/install/my_cpp_pkg/lib'
[8.677s] Level 1:colcon.colcon_core.environment:checking '/home/nmolla/ros2_ws/install/my_cpp_pkg/bin'
[8.677s] Level 1:colcon.colcon_core.environment:checking '/home/nmolla/ros2_ws/install/my_cpp_pkg/lib/pkgconfig/my_cpp_pkg.pc'
[8.677s] Level 1:colcon.colcon_core.environment:checking '/home/nmolla/ros2_ws/install/my_cpp_pkg/lib/python3.8/site-packages'
[8.678s] Level 1:colcon.colcon_core.environment:checking '/home/nmolla/ros2_ws/install/my_cpp_pkg/bin'
[8.681s] INFO:colcon.colcon_core.shell:Creating package script '/home/nmolla/ros2_ws/install/my_cpp_pkg/share/my_cpp_pkg/package.ps1'
[8.682s] INFO:colcon.colcon_core.shell:Creating package descriptor '/home/nmolla/ros2_ws/install/my_cpp_pkg/share/my_cpp_pkg/package.dsv'
[8.683s] INFO:colcon.colcon_core.shell:Creating package script '/home/nmolla/ros2_ws/install/my_cpp_pkg/share/my_cpp_pkg/package.sh'
[8.684s] INFO:colcon.colcon_core.shell:Creating package script '/home/nmolla/ros2_ws/install/my_cpp_pkg/share/my_cpp_pkg/package.bash'
[8.685s] INFO:colcon.colcon_core.shell:Creating package script '/home/nmolla/ros2_ws/install/my_cpp_pkg/share/my_cpp_pkg/package.zsh'
[8.685s] Level 1:colcon.colcon_core.environment:create_file_with_runtime_dependencies(/home/nmolla/ros2_ws/install/my_cpp_pkg/share/colcon-core/packages/my_cpp_pkg)
[8.686s] INFO:colcon.colcon_ros.task.ament_cmake.build:Building ROS package in '/home/nmolla/ros2_ws/src/my_robot_bringup' with build type 'ament_cmake'
[8.686s] INFO:colcon.colcon_cmake.task.cmake.build:Building CMake package in '/home/nmolla/ros2_ws/src/my_robot_bringup'
[8.689s] INFO:colcon.colcon_core.shell:Skip shell extension 'powershell' for command environment: Not usable outside of PowerShell
[8.689s] DEBUG:colcon.colcon_core.shell:Skip shell extension 'dsv' for command environment
[8.713s] DEBUG:colcon.colcon_core.event_handler.log_command:Invoking command in '/home/nmolla/ros2_ws/build/my_robot_bringup': AMENT_PREFIX_PATH=/home/nmolla/ros2_ws/install/my_robot_interfaces:${AMENT_PREFIX_PATH} CMAKE_PREFIX_PATH=${CMAKE_PREFIX_PATH}:/home/nmolla/ros2_ws/install/my_robot_interfaces:/opt/ros/galactic LD_LIBRARY_PATH=/home/nmolla/ros2_ws/install/my_robot_interfaces/lib:${LD_LIBRARY_PATH} PYTHONPATH=/home/nmolla/ros2_ws/install/my_robot_interfaces/lib/python3.8/site-packages:${PYTHONPATH} /usr/bin/cmake /home/nmolla/ros2_ws/src/my_robot_bringup -DCMAKE_INSTALL_PREFIX=/home/nmolla/ros2_ws/install/my_robot_bringup
[9.002s] DEBUG:colcon.colcon_core.event_handler.log_command:Invoked command in '/home/nmolla/ros2_ws/build/my_robot_bringup' returned '0': AMENT_PREFIX_PATH=/home/nmolla/ros2_ws/install/my_robot_interfaces:${AMENT_PREFIX_PATH} CMAKE_PREFIX_PATH=${CMAKE_PREFIX_PATH}:/home/nmolla/ros2_ws/install/my_robot_interfaces:/opt/ros/galactic LD_LIBRARY_PATH=/home/nmolla/ros2_ws/install/my_robot_interfaces/lib:${LD_LIBRARY_PATH} PYTHONPATH=/home/nmolla/ros2_ws/install/my_robot_interfaces/lib/python3.8/site-packages:${PYTHONPATH} /usr/bin/cmake /home/nmolla/ros2_ws/src/my_robot_bringup -DCMAKE_INSTALL_PREFIX=/home/nmolla/ros2_ws/install/my_robot_bringup
[9.006s] DEBUG:colcon.colcon_core.event_handler.log_command:Invoking command in '/home/nmolla/ros2_ws/build/my_robot_bringup': AMENT_PREFIX_PATH=/home/nmolla/ros2_ws/install/my_robot_interfaces:${AMENT_PREFIX_PATH} CMAKE_PREFIX_PATH=${CMAKE_PREFIX_PATH}:/home/nmolla/ros2_ws/install/my_robot_interfaces:/opt/ros/galactic LD_LIBRARY_PATH=/home/nmolla/ros2_ws/install/my_robot_interfaces/lib:${LD_LIBRARY_PATH} PYTHONPATH=/home/nmolla/ros2_ws/install/my_robot_interfaces/lib/python3.8/site-packages:${PYTHONPATH} /usr/bin/cmake --build /home/nmolla/ros2_ws/build/my_robot_bringup -- -j4 -l4
[9.069s] DEBUG:colcon.colcon_core.event_handler.log_command:Invoked command in '/home/nmolla/ros2_ws/build/my_robot_bringup' returned '0': AMENT_PREFIX_PATH=/home/nmolla/ros2_ws/install/my_robot_interfaces:${AMENT_PREFIX_PATH} CMAKE_PREFIX_PATH=${CMAKE_PREFIX_PATH}:/home/nmolla/ros2_ws/install/my_robot_interfaces:/opt/ros/galactic LD_LIBRARY_PATH=/home/nmolla/ros2_ws/install/my_robot_interfaces/lib:${LD_LIBRARY_PATH} PYTHONPATH=/home/nmolla/ros2_ws/install/my_robot_interfaces/lib/python3.8/site-packages:${PYTHONPATH} /usr/bin/cmake --build /home/nmolla/ros2_ws/build/my_robot_bringup -- -j4 -l4
[9.107s] DEBUG:colcon.colcon_core.event_handler.log_command:Invoking command in '/home/nmolla/ros2_ws/build/my_robot_bringup': AMENT_PREFIX_PATH=/home/nmolla/ros2_ws/install/my_robot_interfaces:${AMENT_PREFIX_PATH} CMAKE_PREFIX_PATH=${CMAKE_PREFIX_PATH}:/home/nmolla/ros2_ws/install/my_robot_interfaces:/opt/ros/galactic LD_LIBRARY_PATH=/home/nmolla/ros2_ws/install/my_robot_interfaces/lib:${LD_LIBRARY_PATH} PYTHONPATH=/home/nmolla/ros2_ws/install/my_robot_interfaces/lib/python3.8/site-packages:${PYTHONPATH} /usr/bin/cmake --install /home/nmolla/ros2_ws/build/my_robot_bringup
[9.148s] Level 1:colcon.colcon_core.environment:create_environment_scripts_only(my_robot_bringup)
[9.152s] Level 1:colcon.colcon_core.environment:checking '/home/nmolla/ros2_ws/install/my_robot_bringup' for CMake module files
[9.153s] DEBUG:colcon.colcon_core.event_handler.log_command:Invoked command in '/home/nmolla/ros2_ws/build/my_robot_bringup' returned '0': AMENT_PREFIX_PATH=/home/nmolla/ros2_ws/install/my_robot_interfaces:${AMENT_PREFIX_PATH} CMAKE_PREFIX_PATH=${CMAKE_PREFIX_PATH}:/home/nmolla/ros2_ws/install/my_robot_interfaces:/opt/ros/galactic LD_LIBRARY_PATH=/home/nmolla/ros2_ws/install/my_robot_interfaces/lib:${LD_LIBRARY_PATH} PYTHONPATH=/home/nmolla/ros2_ws/install/my_robot_interfaces/lib/python3.8/site-packages:${PYTHONPATH} /usr/bin/cmake --install /home/nmolla/ros2_ws/build/my_robot_bringup
[9.153s] Level 1:colcon.colcon_core.environment:checking '/home/nmolla/ros2_ws/install/my_robot_bringup' for CMake config files
[9.154s] Level 1:colcon.colcon_core.shell:create_environment_hook('my_robot_bringup', 'cmake_prefix_path')
[9.156s] INFO:colcon.colcon_core.shell:Creating environment hook '/home/nmolla/ros2_ws/install/my_robot_bringup/share/my_robot_bringup/hook/cmake_prefix_path.ps1'
[9.156s] INFO:colcon.colcon_core.shell:Creating environment descriptor '/home/nmolla/ros2_ws/install/my_robot_bringup/share/my_robot_bringup/hook/cmake_prefix_path.dsv'
[9.157s] INFO:colcon.colcon_core.shell:Creating environment hook '/home/nmolla/ros2_ws/install/my_robot_bringup/share/my_robot_bringup/hook/cmake_prefix_path.sh'
[9.157s] Level 1:colcon.colcon_core.environment:checking '/home/nmolla/ros2_ws/install/my_robot_bringup/bin'
[9.158s] Level 1:colcon.colcon_core.environment:checking '/home/nmolla/ros2_ws/install/my_robot_bringup/lib/pkgconfig/my_robot_bringup.pc'
[9.158s] Level 1:colcon.colcon_core.environment:checking '/home/nmolla/ros2_ws/install/my_robot_bringup/lib/python3.8/site-packages'
[9.158s] Level 1:colcon.colcon_core.environment:checking '/home/nmolla/ros2_ws/install/my_robot_bringup/bin'
[9.161s] INFO:colcon.colcon_core.shell:Creating package script '/home/nmolla/ros2_ws/install/my_robot_bringup/share/my_robot_bringup/package.ps1'
[9.162s] INFO:colcon.colcon_core.shell:Creating package descriptor '/home/nmolla/ros2_ws/install/my_robot_bringup/share/my_robot_bringup/package.dsv'
[9.163s] INFO:colcon.colcon_core.shell:Creating package script '/home/nmolla/ros2_ws/install/my_robot_bringup/share/my_robot_bringup/package.sh'
[9.164s] INFO:colcon.colcon_core.shell:Creating package script '/home/nmolla/ros2_ws/install/my_robot_bringup/share/my_robot_bringup/package.bash'
[9.164s] INFO:colcon.colcon_core.shell:Creating package script '/home/nmolla/ros2_ws/install/my_robot_bringup/share/my_robot_bringup/package.zsh'
[9.165s] Level 1:colcon.colcon_core.environment:create_file_with_runtime_dependencies(/home/nmolla/ros2_ws/install/my_robot_bringup/share/colcon-core/packages/my_robot_bringup)
[9.201s] Level 1:colcon.colcon_core.environment:create_environment_scripts_only(my_robot_bringup)
[9.204s] Level 1:colcon.colcon_core.environment:checking '/home/nmolla/ros2_ws/install/my_robot_bringup' for CMake module files
[9.205s] Level 1:colcon.colcon_core.environment:checking '/home/nmolla/ros2_ws/install/my_robot_bringup' for CMake config files
[9.205s] Level 1:colcon.colcon_core.shell:create_environment_hook('my_robot_bringup', 'cmake_prefix_path')
[9.207s] INFO:colcon.colcon_core.shell:Creating environment hook '/home/nmolla/ros2_ws/install/my_robot_bringup/share/my_robot_bringup/hook/cmake_prefix_path.ps1'
[9.207s] INFO:colcon.colcon_core.shell:Creating environment descriptor '/home/nmolla/ros2_ws/install/my_robot_bringup/share/my_robot_bringup/hook/cmake_prefix_path.dsv'
[9.208s] INFO:colcon.colcon_core.shell:Creating environment hook '/home/nmolla/ros2_ws/install/my_robot_bringup/share/my_robot_bringup/hook/cmake_prefix_path.sh'
[9.209s] Level 1:colcon.colcon_core.environment:checking '/home/nmolla/ros2_ws/install/my_robot_bringup/bin'
[9.209s] Level 1:colcon.colcon_core.environment:checking '/home/nmolla/ros2_ws/install/my_robot_bringup/lib/pkgconfig/my_robot_bringup.pc'
[9.209s] Level 1:colcon.colcon_core.environment:checking '/home/nmolla/ros2_ws/install/my_robot_bringup/lib/python3.8/site-packages'
[9.210s] Level 1:colcon.colcon_core.environment:checking '/home/nmolla/ros2_ws/install/my_robot_bringup/bin'
[9.212s] INFO:colcon.colcon_core.shell:Creating package script '/home/nmolla/ros2_ws/install/my_robot_bringup/share/my_robot_bringup/package.ps1'
[9.213s] INFO:colcon.colcon_core.shell:Creating package descriptor '/home/nmolla/ros2_ws/install/my_robot_bringup/share/my_robot_bringup/package.dsv'
[9.214s] INFO:colcon.colcon_core.shell:Creating package script '/home/nmolla/ros2_ws/install/my_robot_bringup/share/my_robot_bringup/package.sh'
[9.215s] INFO:colcon.colcon_core.shell:Creating package script '/home/nmolla/ros2_ws/install/my_robot_bringup/share/my_robot_bringup/package.bash'
[9.215s] INFO:colcon.colcon_core.shell:Creating package script '/home/nmolla/ros2_ws/install/my_robot_bringup/share/my_robot_bringup/package.zsh'
[9.216s] Level 1:colcon.colcon_core.environment:create_file_with_runtime_dependencies(/home/nmolla/ros2_ws/install/my_robot_bringup/share/colcon-core/packages/my_robot_bringup)
[9.216s] DEBUG:colcon.colcon_parallel_executor.executor.parallel:closing loop
[9.217s] DEBUG:colcon.colcon_parallel_executor.executor.parallel:loop closed
[9.217s] DEBUG:colcon.colcon_parallel_executor.executor.parallel:run_until_complete finished with '0'
[9.217s] DEBUG:colcon.colcon_core.event_reactor:joining thread
[9.228s] INFO:colcon.colcon_core.plugin_system:Skipping extension 'colcon_notification.desktop_notification.terminal_notifier': Not used on non-Darwin systems
[9.228s] INFO:colcon.colcon_core.plugin_system:Skipping extension 'colcon_notification.desktop_notification.win32': Not used on non-Windows systems
[9.229s] INFO:colcon.colcon_notification.desktop_notification:Sending desktop notification using 'notify2'
[9.258s] DEBUG:colcon.colcon_core.event_reactor:joined thread
[9.263s] INFO:colcon.colcon_core.shell:Creating prefix script '/home/nmolla/ros2_ws/install/local_setup.ps1'
[9.266s] INFO:colcon.colcon_core.shell:Creating prefix util module '/home/nmolla/ros2_ws/install/_local_setup_util_ps1.py'
[9.268s] INFO:colcon.colcon_core.shell:Creating prefix chain script '/home/nmolla/ros2_ws/install/setup.ps1'
[9.270s] INFO:colcon.colcon_core.shell:Creating prefix script '/home/nmolla/ros2_ws/install/local_setup.sh'
[9.271s] INFO:colcon.colcon_core.shell:Creating prefix util module '/home/nmolla/ros2_ws/install/_local_setup_util_sh.py'
[9.273s] INFO:colcon.colcon_core.shell:Creating prefix chain script '/home/nmolla/ros2_ws/install/setup.sh'
[9.278s] INFO:colcon.colcon_core.shell:Creating prefix script '/home/nmolla/ros2_ws/install/local_setup.bash'
[9.280s] INFO:colcon.colcon_core.shell:Creating prefix chain script '/home/nmolla/ros2_ws/install/setup.bash'
[9.283s] INFO:colcon.colcon_core.shell:Creating prefix script '/home/nmolla/ros2_ws/install/local_setup.zsh'
[9.284s] INFO:colcon.colcon_core.shell:Creating prefix chain script '/home/nmolla/ros2_ws/install/setup.zsh'
