[35m[1mScanning dependencies of target robot_news_station[0m
[ 50%] Built target cpp_node
[ 75%] [32mBuilding CXX object CMakeFiles/robot_news_station.dir/src/robot_news_station.cpp.o[0m
In file included from [01m[K/opt/ros/galactic/include/rclcpp/service.hpp:34[m[K,
                 from [01m[K/opt/ros/galactic/include/rclcpp/callback_group.hpp:25[m[K,
                 from [01m[K/opt/ros/galactic/include/rclcpp/any_executable.hpp:20[m[K,
                 from [01m[K/opt/ros/galactic/include/rclcpp/memory_strategy.hpp:25[m[K,
                 from [01m[K/opt/ros/galactic/include/rclcpp/memory_strategies.hpp:18[m[K,
                 from [01m[K/opt/ros/galactic/include/rclcpp/executor_options.hpp:20[m[K,
                 from [01m[K/opt/ros/galactic/include/rclcpp/executor.hpp:36[m[K,
                 from [01m[K/opt/ros/galactic/include/rclcpp/executors/multi_threaded_executor.hpp:26[m[K,
                 from [01m[K/opt/ros/galactic/include/rclcpp/executors.hpp:21[m[K,
                 from [01m[K/opt/ros/galactic/include/rclcpp/rclcpp.hpp:156[m[K,
                 from [01m[K/home/nmolla/ros2_ws/src/my_cpp_pkg/src/robot_news_station.cpp:1[m[K:
[01m[K/home/nmolla/ros2_ws/src/my_cpp_pkg/src/robot_news_station.cpp:[m[K In constructor ‘[01m[KRobotNewsStationNode::RobotNewsStationNode()[m[K’:
[01m[K/home/nmolla/ros2_ws/src/my_cpp_pkg/src/robot_news_station.cpp:15:27:[m[K [01;31m[Kerror: [m[K‘[01m[Kclass RobotNewsStationNode[m[K’ has no member named ‘[01m[Klogger[m[K’; did you mean ‘[01m[Kget_logger[m[K’?
   15 |         RCLCPP_INFO(this->[01;31m[Klogger[m[K(),"robot news station has been started.");
      |                           [01;31m[K^~~~~~[m[K
[01m[K/home/nmolla/ros2_ws/src/my_cpp_pkg/src/robot_news_station.cpp:15:27:[m[K [01;31m[Kerror: [m[K‘[01m[Kclass RobotNewsStationNode[m[K’ has no member named ‘[01m[Klogger[m[K’; did you mean ‘[01m[Kget_logger[m[K’?
[01m[K/home/nmolla/ros2_ws/src/my_cpp_pkg/src/robot_news_station.cpp:15:9:[m[K [01;31m[Kerror: [m[Ktemplate argument 1 is invalid
   15 |         [01;31m[KRCLCPP_INFO[m[K(this->logger(),"robot news station has been started.");
      |         [01;31m[K^~~~~~~~~~~[m[K
[01m[K/home/nmolla/ros2_ws/src/my_cpp_pkg/src/robot_news_station.cpp:15:9:[m[K [01;31m[Kerror: [m[Ktemplate argument 1 is invalid
   15 |         [01;31m[KRCLCPP_INFO[m[K(this->logger(),"robot news station has been started.");
      |         [01;31m[K^~~~~~~~~~~[m[K
[01m[K/home/nmolla/ros2_ws/src/my_cpp_pkg/src/robot_news_station.cpp:15:9:[m[K [01;31m[Kerror: [m[Ktemplate argument 1 is invalid
   15 |         [01;31m[KRCLCPP_INFO[m[K(this->logger(),"robot news station has been started.");
      |         [01;31m[K^~~~~~~~~~~[m[K
In file included from [01m[K/opt/ros/galactic/include/rclcpp/client.hpp:40[m[K,
                 from [01m[K/opt/ros/galactic/include/rclcpp/callback_group.hpp:23[m[K,
                 from [01m[K/opt/ros/galactic/include/rclcpp/any_executable.hpp:20[m[K,
                 from [01m[K/opt/ros/galactic/include/rclcpp/memory_strategy.hpp:25[m[K,
                 from [01m[K/opt/ros/galactic/include/rclcpp/memory_strategies.hpp:18[m[K,
                 from [01m[K/opt/ros/galactic/include/rclcpp/executor_options.hpp:20[m[K,
                 from [01m[K/opt/ros/galactic/include/rclcpp/executor.hpp:36[m[K,
                 from [01m[K/opt/ros/galactic/include/rclcpp/executors/multi_threaded_executor.hpp:26[m[K,
                 from [01m[K/opt/ros/galactic/include/rclcpp/executors.hpp:21[m[K,
                 from [01m[K/opt/ros/galactic/include/rclcpp/rclcpp.hpp:156[m[K,
                 from [01m[K/home/nmolla/ros2_ws/src/my_cpp_pkg/src/robot_news_station.cpp:1[m[K:
[01m[K/home/nmolla/ros2_ws/src/my_cpp_pkg/src/robot_news_station.cpp:15:27:[m[K [01;31m[Kerror: [m[K‘[01m[Kclass RobotNewsStationNode[m[K’ has no member named ‘[01m[Klogger[m[K’; did you mean ‘[01m[Kget_logger[m[K’?
   15 |         RCLCPP_INFO(this->[01;31m[Klogger[m[K(),"robot news station has been started.");
      |                           [01;31m[K^~~~~~[m[K
[01m[K/home/nmolla/ros2_ws/src/my_cpp_pkg/src/robot_news_station.cpp:15:27:[m[K [01;31m[Kerror: [m[K‘[01m[Kclass RobotNewsStationNode[m[K’ has no member named ‘[01m[Klogger[m[K’; did you mean ‘[01m[Kget_logger[m[K’?
   15 |         RCLCPP_INFO(this->[01;31m[Klogger[m[K(),"robot news station has been started.");
      |                           [01;31m[K^~~~~~[m[K
make[2]: *** [CMakeFiles/robot_news_station.dir/build.make:63: CMakeFiles/robot_news_station.dir/src/robot_news_station.cpp.o] Error 1
make[1]: *** [CMakeFiles/Makefile2:80: CMakeFiles/robot_news_station.dir/all] Error 2
make: *** [Makefile:141: all] Error 2
