[0.027s] Invoking command in '/home/nmolla/ros2_ws/build/my_cpp_pkg': CMAKE_PREFIX_PATH=${CMAKE_PREFIX_PATH}:/opt/ros/galactic /usr/bin/cmake --build /home/nmolla/ros2_ws/build/my_cpp_pkg -- -j4 -l4
[0.108s] [35m[1mScanning dependencies of target robot_news_station[0m
[0.143s] [ 50%] Built target cpp_node
[0.163s] [ 75%] [32mBuilding CXX object CMakeFiles/robot_news_station.dir/src/robot_news_station.cpp.o[0m
[2.787s] In file included from [01m[K/opt/ros/galactic/include/rclcpp/service.hpp:34[m[K,
[2.787s]                  from [01m[K/opt/ros/galactic/include/rclcpp/callback_group.hpp:25[m[K,
[2.787s]                  from [01m[K/opt/ros/galactic/include/rclcpp/any_executable.hpp:20[m[K,
[2.788s]                  from [01m[K/opt/ros/galactic/include/rclcpp/memory_strategy.hpp:25[m[K,
[2.788s]                  from [01m[K/opt/ros/galactic/include/rclcpp/memory_strategies.hpp:18[m[K,
[2.788s]                  from [01m[K/opt/ros/galactic/include/rclcpp/executor_options.hpp:20[m[K,
[2.788s]                  from [01m[K/opt/ros/galactic/include/rclcpp/executor.hpp:36[m[K,
[2.789s]                  from [01m[K/opt/ros/galactic/include/rclcpp/executors/multi_threaded_executor.hpp:26[m[K,
[2.789s]                  from [01m[K/opt/ros/galactic/include/rclcpp/executors.hpp:21[m[K,
[2.789s]                  from [01m[K/opt/ros/galactic/include/rclcpp/rclcpp.hpp:156[m[K,
[2.789s]                  from [01m[K/home/nmolla/ros2_ws/src/my_cpp_pkg/src/robot_news_station.cpp:1[m[K:
[2.789s] [01m[K/home/nmolla/ros2_ws/src/my_cpp_pkg/src/robot_news_station.cpp:[m[K In constructor ‘[01m[KRobotNewsStationNode::RobotNewsStationNode()[m[K’:
[2.789s] [01m[K/home/nmolla/ros2_ws/src/my_cpp_pkg/src/robot_news_station.cpp:15:27:[m[K [01;31m[Kerror: [m[K‘[01m[Kclass RobotNewsStationNode[m[K’ has no member named ‘[01m[Klogger[m[K’; did you mean ‘[01m[Kget_logger[m[K’?
[2.789s]    15 |         RCLCPP_INFO(this->[01;31m[Klogger[m[K(),"robot news station has been started.");
[2.789s]       |                           [01;31m[K^~~~~~[m[K
[2.790s] [01m[K/home/nmolla/ros2_ws/src/my_cpp_pkg/src/robot_news_station.cpp:15:27:[m[K [01;31m[Kerror: [m[K‘[01m[Kclass RobotNewsStationNode[m[K’ has no member named ‘[01m[Klogger[m[K’; did you mean ‘[01m[Kget_logger[m[K’?
[2.790s] [01m[K/home/nmolla/ros2_ws/src/my_cpp_pkg/src/robot_news_station.cpp:15:9:[m[K [01;31m[Kerror: [m[Ktemplate argument 1 is invalid
[2.790s]    15 |         [01;31m[KRCLCPP_INFO[m[K(this->logger(),"robot news station has been started.");
[2.790s]       |         [01;31m[K^~~~~~~~~~~[m[K
[2.790s] [01m[K/home/nmolla/ros2_ws/src/my_cpp_pkg/src/robot_news_station.cpp:15:9:[m[K [01;31m[Kerror: [m[Ktemplate argument 1 is invalid
[2.790s]    15 |         [01;31m[KRCLCPP_INFO[m[K(this->logger(),"robot news station has been started.");
[2.790s]       |         [01;31m[K^~~~~~~~~~~[m[K
[2.790s] [01m[K/home/nmolla/ros2_ws/src/my_cpp_pkg/src/robot_news_station.cpp:15:9:[m[K [01;31m[Kerror: [m[Ktemplate argument 1 is invalid
[2.790s]    15 |         [01;31m[KRCLCPP_INFO[m[K(this->logger(),"robot news station has been started.");
[2.790s]       |         [01;31m[K^~~~~~~~~~~[m[K
[2.790s] In file included from [01m[K/opt/ros/galactic/include/rclcpp/client.hpp:40[m[K,
[2.790s]                  from [01m[K/opt/ros/galactic/include/rclcpp/callback_group.hpp:23[m[K,
[2.790s]                  from [01m[K/opt/ros/galactic/include/rclcpp/any_executable.hpp:20[m[K,
[2.791s]                  from [01m[K/opt/ros/galactic/include/rclcpp/memory_strategy.hpp:25[m[K,
[2.791s]                  from [01m[K/opt/ros/galactic/include/rclcpp/memory_strategies.hpp:18[m[K,
[2.791s]                  from [01m[K/opt/ros/galactic/include/rclcpp/executor_options.hpp:20[m[K,
[2.791s]                  from [01m[K/opt/ros/galactic/include/rclcpp/executor.hpp:36[m[K,
[2.791s]                  from [01m[K/opt/ros/galactic/include/rclcpp/executors/multi_threaded_executor.hpp:26[m[K,
[2.791s]                  from [01m[K/opt/ros/galactic/include/rclcpp/executors.hpp:21[m[K,
[2.791s]                  from [01m[K/opt/ros/galactic/include/rclcpp/rclcpp.hpp:156[m[K,
[2.791s]                  from [01m[K/home/nmolla/ros2_ws/src/my_cpp_pkg/src/robot_news_station.cpp:1[m[K:
[2.791s] [01m[K/home/nmolla/ros2_ws/src/my_cpp_pkg/src/robot_news_station.cpp:15:27:[m[K [01;31m[Kerror: [m[K‘[01m[Kclass RobotNewsStationNode[m[K’ has no member named ‘[01m[Klogger[m[K’; did you mean ‘[01m[Kget_logger[m[K’?
[2.791s]    15 |         RCLCPP_INFO(this->[01;31m[Klogger[m[K(),"robot news station has been started.");
[2.791s]       |                           [01;31m[K^~~~~~[m[K
[2.791s] [01m[K/home/nmolla/ros2_ws/src/my_cpp_pkg/src/robot_news_station.cpp:15:27:[m[K [01;31m[Kerror: [m[K‘[01m[Kclass RobotNewsStationNode[m[K’ has no member named ‘[01m[Klogger[m[K’; did you mean ‘[01m[Kget_logger[m[K’?
[2.792s]    15 |         RCLCPP_INFO(this->[01;31m[Klogger[m[K(),"robot news station has been started.");
[2.792s]       |                           [01;31m[K^~~~~~[m[K
[4.324s] make[2]: *** [CMakeFiles/robot_news_station.dir/build.make:63: CMakeFiles/robot_news_station.dir/src/robot_news_station.cpp.o] Error 1
[4.324s] make[1]: *** [CMakeFiles/Makefile2:80: CMakeFiles/robot_news_station.dir/all] Error 2
[4.324s] make: *** [Makefile:141: all] Error 2
[4.328s] Invoked command in '/home/nmolla/ros2_ws/build/my_cpp_pkg' returned '2': CMAKE_PREFIX_PATH=${CMAKE_PREFIX_PATH}:/opt/ros/galactic /usr/bin/cmake --build /home/nmolla/ros2_ws/build/my_cpp_pkg -- -j4 -l4
