[0.031s] Invoking command in '/home/nmolla/ros2_ws/build/my_cpp_pkg': CMAKE_PREFIX_PATH=${CMAKE_PREFIX_PATH}:/opt/ros/galactic /usr/bin/cmake --build /home/nmolla/ros2_ws/build/my_cpp_pkg -- -j4 -l4
[0.143s] [ 20%] Built target number_publisher
[0.193s] [ 40%] Built target smartphone
[0.218s] [35m[1mScanning dependencies of target number_counter[0m
[0.272s] [ 50%] [32mBuilding CXX object CMakeFiles/number_counter.dir/src/number_counter.cpp.o[0m
[3.608s] [01m[K/home/nmolla/ros2_ws/src/my_cpp_pkg/src/number_counter.cpp:[m[K In member function ‘[01m[Kvoid NumberCounterNode::subscriber_callback(example_interfaces::msg::Int64_<std::allocator<void> >::SharedPtr)[m[K’:
[3.609s] [01m[K/home/nmolla/ros2_ws/src/my_cpp_pkg/src/number_counter.cpp:25:78:[m[K [01;35m[Kwarning: [m[Kunused parameter ‘[01m[Kmsg[m[K’ [[01;35m[K-Wunused-parameter[m[K]
[3.609s]    25 | callback([01;35m[Kconst example_interfaces::msg::Int64::SharedPtr msg[m[K){
[3.609s]       |          [01;35m[K~~~~~~~~~~~~~~~~~~~~~~~~~~~~~~~~~~~~~~~~~~~~~~~~^~~[m[K
[3.609s] 
[12.726s] [ 60%] [32m[1mLinking CXX executable number_counter[0m
[13.466s] [ 60%] Built target number_counter
[13.515s] [ 80%] Built target robot_news_station
[13.563s] [100%] Built target cpp_node
[13.586s] Invoked command in '/home/nmolla/ros2_ws/build/my_cpp_pkg' returned '0': CMAKE_PREFIX_PATH=${CMAKE_PREFIX_PATH}:/opt/ros/galactic /usr/bin/cmake --build /home/nmolla/ros2_ws/build/my_cpp_pkg -- -j4 -l4
[13.663s] Invoking command in '/home/nmolla/ros2_ws/build/my_cpp_pkg': CMAKE_PREFIX_PATH=${CMAKE_PREFIX_PATH}:/opt/ros/galactic /usr/bin/cmake --install /home/nmolla/ros2_ws/build/my_cpp_pkg
[13.677s] -- Install configuration: ""
[13.678s] -- Up-to-date: /home/nmolla/ros2_ws/install/my_cpp_pkg/lib/my_cpp_pkg/cpp_node
[13.678s] -- Up-to-date: /home/nmolla/ros2_ws/install/my_cpp_pkg/lib/my_cpp_pkg/robot_news_station
[13.679s] -- Up-to-date: /home/nmolla/ros2_ws/install/my_cpp_pkg/lib/my_cpp_pkg/smartphone
[13.680s] -- Up-to-date: /home/nmolla/ros2_ws/install/my_cpp_pkg/lib/my_cpp_pkg/number_publisher
[13.681s] -- Installing: /home/nmolla/ros2_ws/install/my_cpp_pkg/lib/my_cpp_pkg/number_counter
[13.687s] -- Set runtime path of "/home/nmolla/ros2_ws/install/my_cpp_pkg/lib/my_cpp_pkg/number_counter" to ""
[13.687s] -- Up-to-date: /home/nmolla/ros2_ws/install/my_cpp_pkg/share/ament_index/resource_index/package_run_dependencies/my_cpp_pkg
[13.687s] -- Up-to-date: /home/nmolla/ros2_ws/install/my_cpp_pkg/share/ament_index/resource_index/parent_prefix_path/my_cpp_pkg
[13.688s] -- Up-to-date: /home/nmolla/ros2_ws/install/my_cpp_pkg/share/my_cpp_pkg/environment/ament_prefix_path.sh
[13.688s] -- Up-to-date: /home/nmolla/ros2_ws/install/my_cpp_pkg/share/my_cpp_pkg/environment/ament_prefix_path.dsv
[13.688s] -- Up-to-date: /home/nmolla/ros2_ws/install/my_cpp_pkg/share/my_cpp_pkg/environment/path.sh
[13.688s] -- Up-to-date: /home/nmolla/ros2_ws/install/my_cpp_pkg/share/my_cpp_pkg/environment/path.dsv
[13.689s] -- Up-to-date: /home/nmolla/ros2_ws/install/my_cpp_pkg/share/my_cpp_pkg/local_setup.bash
[13.689s] -- Up-to-date: /home/nmolla/ros2_ws/install/my_cpp_pkg/share/my_cpp_pkg/local_setup.sh
[13.690s] -- Up-to-date: /home/nmolla/ros2_ws/install/my_cpp_pkg/share/my_cpp_pkg/local_setup.zsh
[13.690s] -- Up-to-date: /home/nmolla/ros2_ws/install/my_cpp_pkg/share/my_cpp_pkg/local_setup.dsv
[13.691s] -- Installing: /home/nmolla/ros2_ws/install/my_cpp_pkg/share/my_cpp_pkg/package.dsv
[13.691s] -- Up-to-date: /home/nmolla/ros2_ws/install/my_cpp_pkg/share/ament_index/resource_index/packages/my_cpp_pkg
[13.691s] -- Up-to-date: /home/nmolla/ros2_ws/install/my_cpp_pkg/share/my_cpp_pkg/cmake/my_cpp_pkgConfig.cmake
[13.692s] -- Up-to-date: /home/nmolla/ros2_ws/install/my_cpp_pkg/share/my_cpp_pkg/cmake/my_cpp_pkgConfig-version.cmake
[13.692s] -- Up-to-date: /home/nmolla/ros2_ws/install/my_cpp_pkg/share/my_cpp_pkg/package.xml
[13.695s] Invoked command in '/home/nmolla/ros2_ws/build/my_cpp_pkg' returned '0': CMAKE_PREFIX_PATH=${CMAKE_PREFIX_PATH}:/opt/ros/galactic /usr/bin/cmake --install /home/nmolla/ros2_ws/build/my_cpp_pkg
