[0.022s] Invoking command in '/home/nmolla/ros2_ws/build/my_robot_bringup': AMENT_PREFIX_PATH=/home/nmolla/ros2_ws/install/my_robot_interfaces:${AMENT_PREFIX_PATH} CMAKE_PREFIX_PATH=${CMAKE_PREFIX_PATH}:/home/nmolla/ros2_ws/install/my_robot_interfaces:/opt/ros/galactic LD_LIBRARY_PATH=/home/nmolla/ros2_ws/install/my_robot_interfaces/lib:${LD_LIBRARY_PATH} PYTHONPATH=/home/nmolla/ros2_ws/install/my_robot_interfaces/lib/python3.8/site-packages:${PYTHONPATH} /usr/bin/cmake /home/nmolla/ros2_ws/src/my_robot_bringup -DCMAKE_INSTALL_PREFIX=/home/nmolla/ros2_ws/install/my_robot_bringup
[0.050s] -- Found ament_cmake: 1.1.6 (/opt/ros/galactic/share/ament_cmake/cmake)
[0.093s] -- Using PYTHON_EXECUTABLE: /usr/bin/python3
[0.184s] -- Override CMake install command with custom implementation using symlinks instead of copying resources
[0.300s] -- Configuring done
[0.305s] -- Generating done
[0.307s] -- Build files have been written to: /home/nmolla/ros2_ws/build/my_robot_bringup
[0.311s] Invoked command in '/home/nmolla/ros2_ws/build/my_robot_bringup' returned '0': AMENT_PREFIX_PATH=/home/nmolla/ros2_ws/install/my_robot_interfaces:${AMENT_PREFIX_PATH} CMAKE_PREFIX_PATH=${CMAKE_PREFIX_PATH}:/home/nmolla/ros2_ws/install/my_robot_interfaces:/opt/ros/galactic LD_LIBRARY_PATH=/home/nmolla/ros2_ws/install/my_robot_interfaces/lib:${LD_LIBRARY_PATH} PYTHONPATH=/home/nmolla/ros2_ws/install/my_robot_interfaces/lib/python3.8/site-packages:${PYTHONPATH} /usr/bin/cmake /home/nmolla/ros2_ws/src/my_robot_bringup -DCMAKE_INSTALL_PREFIX=/home/nmolla/ros2_ws/install/my_robot_bringup
[0.315s] Invoking command in '/home/nmolla/ros2_ws/build/my_robot_bringup': AMENT_PREFIX_PATH=/home/nmolla/ros2_ws/install/my_robot_interfaces:${AMENT_PREFIX_PATH} CMAKE_PREFIX_PATH=${CMAKE_PREFIX_PATH}:/home/nmolla/ros2_ws/install/my_robot_interfaces:/opt/ros/galactic LD_LIBRARY_PATH=/home/nmolla/ros2_ws/install/my_robot_interfaces/lib:${LD_LIBRARY_PATH} PYTHONPATH=/home/nmolla/ros2_ws/install/my_robot_interfaces/lib/python3.8/site-packages:${PYTHONPATH} /usr/bin/cmake --build /home/nmolla/ros2_ws/build/my_robot_bringup -- -j4 -l4
[0.378s] Invoked command in '/home/nmolla/ros2_ws/build/my_robot_bringup' returned '0': AMENT_PREFIX_PATH=/home/nmolla/ros2_ws/install/my_robot_interfaces:${AMENT_PREFIX_PATH} CMAKE_PREFIX_PATH=${CMAKE_PREFIX_PATH}:/home/nmolla/ros2_ws/install/my_robot_interfaces:/opt/ros/galactic LD_LIBRARY_PATH=/home/nmolla/ros2_ws/install/my_robot_interfaces/lib:${LD_LIBRARY_PATH} PYTHONPATH=/home/nmolla/ros2_ws/install/my_robot_interfaces/lib/python3.8/site-packages:${PYTHONPATH} /usr/bin/cmake --build /home/nmolla/ros2_ws/build/my_robot_bringup -- -j4 -l4
[0.416s] Invoking command in '/home/nmolla/ros2_ws/build/my_robot_bringup': AMENT_PREFIX_PATH=/home/nmolla/ros2_ws/install/my_robot_interfaces:${AMENT_PREFIX_PATH} CMAKE_PREFIX_PATH=${CMAKE_PREFIX_PATH}:/home/nmolla/ros2_ws/install/my_robot_interfaces:/opt/ros/galactic LD_LIBRARY_PATH=/home/nmolla/ros2_ws/install/my_robot_interfaces/lib:${LD_LIBRARY_PATH} PYTHONPATH=/home/nmolla/ros2_ws/install/my_robot_interfaces/lib/python3.8/site-packages:${PYTHONPATH} /usr/bin/cmake --install /home/nmolla/ros2_ws/build/my_robot_bringup
[0.430s] -- Install configuration: ""
[0.430s] -- Execute custom install script
[0.432s] -- Up-to-date symlink: /home/nmolla/ros2_ws/install/my_robot_bringup/share/my_robot_bringup/launch/number_app.launch.py
[0.432s] -- Up-to-date symlink: /home/nmolla/ros2_ws/install/my_robot_bringup/share/ament_index/resource_index/package_run_dependencies/my_robot_bringup
[0.433s] -- Up-to-date symlink: /home/nmolla/ros2_ws/install/my_robot_bringup/share/ament_index/resource_index/parent_prefix_path/my_robot_bringup
[0.433s] -- Up-to-date symlink: /home/nmolla/ros2_ws/install/my_robot_bringup/share/my_robot_bringup/environment/ament_prefix_path.sh
[0.434s] -- Up-to-date symlink: /home/nmolla/ros2_ws/install/my_robot_bringup/share/my_robot_bringup/environment/ament_prefix_path.dsv
[0.434s] -- Up-to-date symlink: /home/nmolla/ros2_ws/install/my_robot_bringup/share/my_robot_bringup/environment/path.sh
[0.435s] -- Up-to-date symlink: /home/nmolla/ros2_ws/install/my_robot_bringup/share/my_robot_bringup/environment/path.dsv
[0.435s] -- Up-to-date symlink: /home/nmolla/ros2_ws/install/my_robot_bringup/share/my_robot_bringup/local_setup.bash
[0.436s] -- Up-to-date symlink: /home/nmolla/ros2_ws/install/my_robot_bringup/share/my_robot_bringup/local_setup.sh
[0.437s] -- Up-to-date symlink: /home/nmolla/ros2_ws/install/my_robot_bringup/share/my_robot_bringup/local_setup.zsh
[0.437s] -- Up-to-date symlink: /home/nmolla/ros2_ws/install/my_robot_bringup/share/my_robot_bringup/local_setup.dsv
[0.438s] -- Symlinking: /home/nmolla/ros2_ws/install/my_robot_bringup/share/my_robot_bringup/package.dsv
[0.453s] -- Up-to-date symlink: /home/nmolla/ros2_ws/install/my_robot_bringup/share/ament_index/resource_index/packages/my_robot_bringup
[0.454s] -- Up-to-date symlink: /home/nmolla/ros2_ws/install/my_robot_bringup/share/my_robot_bringup/cmake/my_robot_bringupConfig.cmake
[0.454s] -- Up-to-date symlink: /home/nmolla/ros2_ws/install/my_robot_bringup/share/my_robot_bringup/cmake/my_robot_bringupConfig-version.cmake
[0.455s] -- Up-to-date symlink: /home/nmolla/ros2_ws/install/my_robot_bringup/share/my_robot_bringup/package.xml
[0.462s] Invoked command in '/home/nmolla/ros2_ws/build/my_robot_bringup' returned '0': AMENT_PREFIX_PATH=/home/nmolla/ros2_ws/install/my_robot_interfaces:${AMENT_PREFIX_PATH} CMAKE_PREFIX_PATH=${CMAKE_PREFIX_PATH}:/home/nmolla/ros2_ws/install/my_robot_interfaces:/opt/ros/galactic LD_LIBRARY_PATH=/home/nmolla/ros2_ws/install/my_robot_interfaces/lib:${LD_LIBRARY_PATH} PYTHONPATH=/home/nmolla/ros2_ws/install/my_robot_interfaces/lib/python3.8/site-packages:${PYTHONPATH} /usr/bin/cmake --install /home/nmolla/ros2_ws/build/my_robot_bringup
