[0.034s] Invoking command in '/home/nmolla/ros2_ws/build/my_robot_bringup': CMAKE_PREFIX_PATH=${CMAKE_PREFIX_PATH}:/opt/ros/galactic /usr/bin/cmake /home/nmolla/ros2_ws/src/my_robot_bringup -DAMENT_CMAKE_SYMLINK_INSTALL=1 -DCMAKE_INSTALL_PREFIX=/home/nmolla/ros2_ws/install/my_robot_bringup
[0.069s] -- Found ament_cmake: 1.1.6 (/opt/ros/galactic/share/ament_cmake/cmake)
[0.121s] -- Using PYTHON_EXECUTABLE: /usr/bin/python3
[0.256s] -- Override CMake install command with custom implementation using symlinks instead of copying resources
[0.411s] -- Configuring done
[0.415s] -- Generating done
[0.417s] -- Build files have been written to: /home/nmolla/ros2_ws/build/my_robot_bringup
[0.430s] Invoked command in '/home/nmolla/ros2_ws/build/my_robot_bringup' returned '0': CMAKE_PREFIX_PATH=${CMAKE_PREFIX_PATH}:/opt/ros/galactic /usr/bin/cmake /home/nmolla/ros2_ws/src/my_robot_bringup -DAMENT_CMAKE_SYMLINK_INSTALL=1 -DCMAKE_INSTALL_PREFIX=/home/nmolla/ros2_ws/install/my_robot_bringup
[0.432s] Invoking command in '/home/nmolla/ros2_ws/build/my_robot_bringup': CMAKE_PREFIX_PATH=${CMAKE_PREFIX_PATH}:/opt/ros/galactic /usr/bin/cmake --build /home/nmolla/ros2_ws/build/my_robot_bringup -- -j4 -l4
[0.514s] Invoked command in '/home/nmolla/ros2_ws/build/my_robot_bringup' returned '0': CMAKE_PREFIX_PATH=${CMAKE_PREFIX_PATH}:/opt/ros/galactic /usr/bin/cmake --build /home/nmolla/ros2_ws/build/my_robot_bringup -- -j4 -l4
[0.593s] Invoking command in '/home/nmolla/ros2_ws/build/my_robot_bringup': CMAKE_PREFIX_PATH=${CMAKE_PREFIX_PATH}:/opt/ros/galactic /usr/bin/cmake --install /home/nmolla/ros2_ws/build/my_robot_bringup
[0.613s] -- Install configuration: ""
[0.613s] -- Execute custom install script
[0.614s] -- Symlinking: /home/nmolla/ros2_ws/install/my_robot_bringup/share/my_robot_bringup/launch/number_app.launch.py
[0.636s] -- Symlinking: /home/nmolla/ros2_ws/install/my_robot_bringup/share/ament_index/resource_index/package_run_dependencies/my_robot_bringup
[0.657s] -- Symlinking: /home/nmolla/ros2_ws/install/my_robot_bringup/share/ament_index/resource_index/parent_prefix_path/my_robot_bringup
[0.675s] -- Symlinking: /home/nmolla/ros2_ws/install/my_robot_bringup/share/my_robot_bringup/environment/ament_prefix_path.sh
[0.694s] -- Symlinking: /home/nmolla/ros2_ws/install/my_robot_bringup/share/my_robot_bringup/environment/ament_prefix_path.dsv
[0.713s] -- Symlinking: /home/nmolla/ros2_ws/install/my_robot_bringup/share/my_robot_bringup/environment/path.sh
[0.732s] -- Symlinking: /home/nmolla/ros2_ws/install/my_robot_bringup/share/my_robot_bringup/environment/path.dsv
[0.750s] -- Symlinking: /home/nmolla/ros2_ws/install/my_robot_bringup/share/my_robot_bringup/local_setup.bash
[0.769s] -- Symlinking: /home/nmolla/ros2_ws/install/my_robot_bringup/share/my_robot_bringup/local_setup.sh
[0.789s] -- Symlinking: /home/nmolla/ros2_ws/install/my_robot_bringup/share/my_robot_bringup/local_setup.zsh
[0.810s] -- Symlinking: /home/nmolla/ros2_ws/install/my_robot_bringup/share/my_robot_bringup/local_setup.dsv
[0.830s] -- Symlinking: /home/nmolla/ros2_ws/install/my_robot_bringup/share/my_robot_bringup/package.dsv
[0.849s] -- Symlinking: /home/nmolla/ros2_ws/install/my_robot_bringup/share/ament_index/resource_index/packages/my_robot_bringup
[0.869s] -- Symlinking: /home/nmolla/ros2_ws/install/my_robot_bringup/share/my_robot_bringup/cmake/my_robot_bringupConfig.cmake
[0.887s] -- Symlinking: /home/nmolla/ros2_ws/install/my_robot_bringup/share/my_robot_bringup/cmake/my_robot_bringupConfig-version.cmake
[0.909s] -- Symlinking: /home/nmolla/ros2_ws/install/my_robot_bringup/share/my_robot_bringup/package.xml
[0.936s] Invoked command in '/home/nmolla/ros2_ws/build/my_robot_bringup' returned '0': CMAKE_PREFIX_PATH=${CMAKE_PREFIX_PATH}:/opt/ros/galactic /usr/bin/cmake --install /home/nmolla/ros2_ws/build/my_robot_bringup
