[0.030s] Invoking command in '/home/nmolla/ros2_ws/build/my_cpp_pkg': CMAKE_PREFIX_PATH=${CMAKE_PREFIX_PATH}:/opt/ros/galactic /usr/bin/cmake --build /home/nmolla/ros2_ws/build/my_cpp_pkg -- -j4 -l4
[0.105s] -- Found ament_cmake: 1.1.6 (/opt/ros/galactic/share/ament_cmake/cmake)
[0.145s] -- Using PYTHON_EXECUTABLE: /usr/bin/python3
[0.256s] -- Found rclcpp: 9.2.2 (/opt/ros/galactic/share/rclcpp/cmake)
[0.313s] -- Using all available rosidl_typesupport_c: rosidl_typesupport_fastrtps_c;rosidl_typesupport_introspection_c
[0.320s] -- Found rosidl_adapter: 2.2.3 (/opt/ros/galactic/share/rosidl_adapter/cmake)
[0.510s] -- Using all available rosidl_typesupport_cpp: rosidl_typesupport_fastrtps_cpp;rosidl_typesupport_introspection_cpp
[0.595s] -- Found rmw_implementation_cmake: 3.3.1 (/opt/ros/galactic/share/rmw_implementation_cmake/cmake)
[0.598s] -- Found rmw_cyclonedds_cpp: 0.22.6 (/opt/ros/galactic/share/rmw_cyclonedds_cpp/cmake)
[0.627s] -- Using RMW implementation 'rmw_cyclonedds_cpp' as default
[0.878s] -- Found example_interfaces: 0.9.2 (/opt/ros/galactic/share/example_interfaces/cmake)
[1.173s] -- Configuring done
[1.212s] -- Generating done
[1.215s] -- Build files have been written to: /home/nmolla/ros2_ws/build/my_cpp_pkg
[1.271s] [35m[1mScanning dependencies of target cpp_node[0m
[1.271s] [35m[1mScanning dependencies of target robot_news_station[0m
[1.273s] [35m[1mScanning dependencies of target number_publisher[0m
[1.311s] [ 20%] Built target smartphone
[1.338s] [35m[1mScanning dependencies of target number_counter[0m
[1.340s] [ 30%] [32mBuilding CXX object CMakeFiles/robot_news_station.dir/src/robot_news_station.cpp.o[0m
[1.349s] [ 40%] [32mBuilding CXX object CMakeFiles/cpp_node.dir/src/my_first_node.cpp.o[0m
[1.362s] [ 50%] [32mBuilding CXX object CMakeFiles/number_counter.dir/src/number_counter.cpp.o[0m
[1.405s] [ 60%] [32mBuilding CXX object CMakeFiles/number_publisher.dir/src/number_publisher.cpp.o[0m
[1.423s] [ 70%] [32m[1mLinking CXX executable number_counter[0m
[1.565s] /usr/bin/ld: /usr/lib/gcc/x86_64-linux-gnu/9/../../../x86_64-linux-gnu/Scrt1.o: in function `_start':
[1.566s] (.text+0x24): undefined reference to `main'
[1.568s] collect2: error: ld returned 1 exit status
[1.584s] make[2]: *** [CMakeFiles/number_counter.dir/build.make:147: number_counter] Error 1
[1.584s] make[1]: *** [CMakeFiles/Makefile2:248: CMakeFiles/number_counter.dir/all] Error 2
[1.584s] make[1]: *** Waiting for unfinished jobs....
[7.606s] [ 80%] [32m[1mLinking CXX executable cpp_node[0m
[7.968s] [ 80%] Built target cpp_node
[9.366s] [ 90%] [32m[1mLinking CXX executable number_publisher[0m
[9.785s] [ 90%] Built target number_publisher
[9.852s] [100%] [32m[1mLinking CXX executable robot_news_station[0m
[10.199s] [100%] Built target robot_news_station
[10.201s] make: *** [Makefile:141: all] Error 2
[10.208s] Invoked command in '/home/nmolla/ros2_ws/build/my_cpp_pkg' returned '2': CMAKE_PREFIX_PATH=${CMAKE_PREFIX_PATH}:/opt/ros/galactic /usr/bin/cmake --build /home/nmolla/ros2_ws/build/my_cpp_pkg -- -j4 -l4
