[0.037s] Invoking command in '/home/nmolla/ros2_ws/build/turtlesim_catch_them_all': CMAKE_PREFIX_PATH=/home/nmolla/ros2_ws/install/my_robot_interfaces:/home/nmolla/ros2_ws/install/turtlesim_catch_them_all:/home/nmolla/ros2_ws/install/my_robot_bringup:/home/nmolla/ros2_ws/install/my_cpp_pkg:/opt/ros/galactic /usr/bin/cmake --build /home/nmolla/ros2_ws/build/turtlesim_catch_them_all -- -j4 -l4
[0.212s] -- Found ament_cmake: 1.1.6 (/opt/ros/galactic/share/ament_cmake/cmake)
[0.266s] -- Using PYTHON_EXECUTABLE: /usr/bin/python3
[0.381s] -- Found rclcpp: 9.2.2 (/opt/ros/galactic/share/rclcpp/cmake)
[0.450s] -- Using all available rosidl_typesupport_c: rosidl_typesupport_fastrtps_c;rosidl_typesupport_introspection_c
[0.457s] -- Found rosidl_adapter: 2.2.3 (/opt/ros/galactic/share/rosidl_adapter/cmake)
[0.669s] -- Using all available rosidl_typesupport_cpp: rosidl_typesupport_fastrtps_cpp;rosidl_typesupport_introspection_cpp
[0.769s] -- Found rmw_implementation_cmake: 3.3.1 (/opt/ros/galactic/share/rmw_implementation_cmake/cmake)
[0.774s] -- Found rmw_cyclonedds_cpp: 0.22.6 (/opt/ros/galactic/share/rmw_cyclonedds_cpp/cmake)
[0.803s] -- Using RMW implementation 'rmw_cyclonedds_cpp' as default
[1.063s] -- Found turtlesim: 1.3.4 (/opt/ros/galactic/share/turtlesim/cmake)
[1.247s] -- Found geometry_msgs: 2.2.4 (/opt/ros/galactic/share/geometry_msgs/cmake)
[1.302s] -- Found my_robot_interfaces: 0.0.0 (/home/nmolla/ros2_ws/install/my_robot_interfaces/share/my_robot_interfaces/cmake)
[1.434s] -- Configuring done
[1.468s] -- Generating done
[1.473s] -- Build files have been written to: /home/nmolla/ros2_ws/build/turtlesim_catch_them_all
[1.534s] [35m[1mScanning dependencies of target turtle_spawner[0m
[1.586s] [ 25%] [32mBuilding CXX object CMakeFiles/turtle_spawner.dir/src/turtle_spawner.cpp.o[0m
[5.772s] [01m[K/home/nmolla/ros2_ws/src/turtlesim_catch_them_all/src/turtle_spawner.cpp:[m[K In member function ‘[01m[Kvoid TurtleSpawnerNode::call_kill_server(std::string)[m[K’:
[5.772s] [01m[K/home/nmolla/ros2_ws/src/turtlesim_catch_them_all/src/turtle_spawner.cpp:69:28:[m[K [01;35m[Kwarning: [m[Kcomparison of integer expressions of different signedness: ‘[01m[Kint[m[K’ and ‘[01m[Kstd::vector<my_robot_interfaces::msg::Turtle_<std::allocator<void> >, std::allocator<my_robot_interfaces::msg::Turtle_<std::allocator<void> > > >::size_type[m[K’ {aka ‘[01m[Klong unsigned int[m[K’} [[01;35m[K-Wsign-compare[m[K]
[5.772s]    69 |             for(int i =0; [01;35m[Ki<alive_turtles_.size()[m[K;i++){
[5.773s]       |                           [01;35m[K~^~~~~~~~~~~~~~~~~~~~~~[m[K
[12.866s] [ 50%] [32m[1mLinking CXX executable turtle_spawner[0m
[13.502s] [ 50%] Built target turtle_spawner
[13.524s] [35m[1mScanning dependencies of target turtle_controller[0m
[13.580s] [ 75%] [32mBuilding CXX object CMakeFiles/turtle_controller.dir/src/turtle_controller.cpp.o[0m
[31.972s] [100%] [32m[1mLinking CXX executable turtle_controller[0m
[33.187s] [100%] Built target turtle_controller
[33.209s] Invoked command in '/home/nmolla/ros2_ws/build/turtlesim_catch_them_all' returned '0': CMAKE_PREFIX_PATH=/home/nmolla/ros2_ws/install/my_robot_interfaces:/home/nmolla/ros2_ws/install/turtlesim_catch_them_all:/home/nmolla/ros2_ws/install/my_robot_bringup:/home/nmolla/ros2_ws/install/my_cpp_pkg:/opt/ros/galactic /usr/bin/cmake --build /home/nmolla/ros2_ws/build/turtlesim_catch_them_all -- -j4 -l4
[33.292s] Invoking command in '/home/nmolla/ros2_ws/build/turtlesim_catch_them_all': CMAKE_PREFIX_PATH=/home/nmolla/ros2_ws/install/my_robot_interfaces:/home/nmolla/ros2_ws/install/turtlesim_catch_them_all:/home/nmolla/ros2_ws/install/my_robot_bringup:/home/nmolla/ros2_ws/install/my_cpp_pkg:/opt/ros/galactic /usr/bin/cmake --install /home/nmolla/ros2_ws/build/turtlesim_catch_them_all
[33.308s] -- Install configuration: ""
[33.310s] -- Installing: /home/nmolla/ros2_ws/install/turtlesim_catch_them_all/lib/turtlesim_catch_them_all/turtle_controller
[33.320s] -- Set runtime path of "/home/nmolla/ros2_ws/install/turtlesim_catch_them_all/lib/turtlesim_catch_them_all/turtle_controller" to ""
[33.321s] -- Installing: /home/nmolla/ros2_ws/install/turtlesim_catch_them_all/lib/turtlesim_catch_them_all/turtle_spawner
[33.324s] -- Set runtime path of "/home/nmolla/ros2_ws/install/turtlesim_catch_them_all/lib/turtlesim_catch_them_all/turtle_spawner" to ""
[33.324s] -- Up-to-date: /home/nmolla/ros2_ws/install/turtlesim_catch_them_all/share/ament_index/resource_index/package_run_dependencies/turtlesim_catch_them_all
[33.325s] -- Up-to-date: /home/nmolla/ros2_ws/install/turtlesim_catch_them_all/share/ament_index/resource_index/parent_prefix_path/turtlesim_catch_them_all
[33.326s] -- Up-to-date: /home/nmolla/ros2_ws/install/turtlesim_catch_them_all/share/turtlesim_catch_them_all/environment/ament_prefix_path.sh
[33.326s] -- Installing: /home/nmolla/ros2_ws/install/turtlesim_catch_them_all/share/turtlesim_catch_them_all/environment/ament_prefix_path.dsv
[33.327s] -- Up-to-date: /home/nmolla/ros2_ws/install/turtlesim_catch_them_all/share/turtlesim_catch_them_all/environment/path.sh
[33.327s] -- Installing: /home/nmolla/ros2_ws/install/turtlesim_catch_them_all/share/turtlesim_catch_them_all/environment/path.dsv
[33.328s] -- Up-to-date: /home/nmolla/ros2_ws/install/turtlesim_catch_them_all/share/turtlesim_catch_them_all/local_setup.bash
[33.328s] -- Up-to-date: /home/nmolla/ros2_ws/install/turtlesim_catch_them_all/share/turtlesim_catch_them_all/local_setup.sh
[33.328s] -- Up-to-date: /home/nmolla/ros2_ws/install/turtlesim_catch_them_all/share/turtlesim_catch_them_all/local_setup.zsh
[33.328s] -- Installing: /home/nmolla/ros2_ws/install/turtlesim_catch_them_all/share/turtlesim_catch_them_all/local_setup.dsv
[33.328s] -- Installing: /home/nmolla/ros2_ws/install/turtlesim_catch_them_all/share/turtlesim_catch_them_all/package.dsv
[33.330s] -- Up-to-date: /home/nmolla/ros2_ws/install/turtlesim_catch_them_all/share/ament_index/resource_index/packages/turtlesim_catch_them_all
[33.330s] -- Up-to-date: /home/nmolla/ros2_ws/install/turtlesim_catch_them_all/share/turtlesim_catch_them_all/cmake/turtlesim_catch_them_allConfig.cmake
[33.330s] -- Up-to-date: /home/nmolla/ros2_ws/install/turtlesim_catch_them_all/share/turtlesim_catch_them_all/cmake/turtlesim_catch_them_allConfig-version.cmake
[33.331s] -- Up-to-date: /home/nmolla/ros2_ws/install/turtlesim_catch_them_all/share/turtlesim_catch_them_all/package.xml
[33.337s] Invoked command in '/home/nmolla/ros2_ws/build/turtlesim_catch_them_all' returned '0': CMAKE_PREFIX_PATH=/home/nmolla/ros2_ws/install/my_robot_interfaces:/home/nmolla/ros2_ws/install/turtlesim_catch_them_all:/home/nmolla/ros2_ws/install/my_robot_bringup:/home/nmolla/ros2_ws/install/my_cpp_pkg:/opt/ros/galactic /usr/bin/cmake --install /home/nmolla/ros2_ws/build/turtlesim_catch_them_all
