[0.317s] DEBUG:colcon:Command line arguments: ['/usr/bin/colcon', 'build', '--packages-select', 'turtlesim_catch_them_all']
[0.317s] DEBUG:colcon:Parsed command line arguments: Namespace(allow_overriding=[], ament_cmake_args=None, base_paths=['.'], build_base='build', catkin_cmake_args=None, catkin_skip_building_tests=False, cmake_args=None, cmake_clean_cache=False, cmake_clean_first=False, cmake_force_configure=False, cmake_target=None, cmake_target_skip_unavailable=False, continue_on_error=False, event_handlers=None, executor='parallel', ignore_user_meta=False, install_base='install', log_base=None, log_level=None, main=<bound method BuildVerb.main of <colcon_core.verb.build.BuildVerb object at 0x7f7ca7778460>>, merge_install=False, metas=['./colcon.meta'], packages_above=None, packages_above_and_dependencies=None, packages_above_depth=None, packages_end=None, packages_ignore=None, packages_ignore_regex=None, packages_select=['turtlesim_catch_them_all'], packages_select_build_failed=False, packages_select_by_dep=None, packages_select_regex=None, packages_select_test_failures=False, packages_skip=None, packages_skip_build_finished=False, packages_skip_by_dep=None, packages_skip_regex=None, packages_skip_test_passed=False, packages_skip_up_to=None, packages_start=None, packages_up_to=None, packages_up_to_regex=None, parallel_workers=4, paths=None, symlink_install=False, test_result_base=None, verb_extension=<colcon_core.verb.build.BuildVerb object at 0x7f7ca7778460>, verb_name='build', verb_parser=<colcon_defaults.argument_parser.defaults.DefaultArgumentsDecorator object at 0x7f7ca77789a0>)
[0.363s] Level 1:colcon.colcon_core.package_discovery:discover_packages(colcon_meta) check parameters
[0.363s] Level 1:colcon.colcon_core.package_discovery:discover_packages(recursive) check parameters
[0.363s] Level 1:colcon.colcon_core.package_discovery:discover_packages(ignore) check parameters
[0.363s] Level 1:colcon.colcon_core.package_discovery:discover_packages(path) check parameters
[0.363s] Level 1:colcon.colcon_core.package_discovery:discover_packages(colcon_meta) discover
[0.363s] Level 1:colcon.colcon_core.package_discovery:discover_packages(recursive) discover
[0.363s] INFO:colcon.colcon_core.package_discovery:Crawling recursively for packages in '/home/nmolla/ros2_ws'
[0.364s] Level 1:colcon.colcon_core.package_identification:_identify(.) by extensions ['ignore', 'ignore_ament_install']
[0.364s] Level 1:colcon.colcon_core.package_identification:_identify(.) by extension 'ignore'
[0.364s] Level 1:colcon.colcon_core.package_identification:_identify(.) by extension 'ignore_ament_install'
[0.364s] Level 1:colcon.colcon_core.package_identification:_identify(.) by extensions ['colcon_pkg']
[0.364s] Level 1:colcon.colcon_core.package_identification:_identify(.) by extension 'colcon_pkg'
[0.364s] Level 1:colcon.colcon_core.package_identification:_identify(.) by extensions ['colcon_meta']
[0.364s] Level 1:colcon.colcon_core.package_identification:_identify(.) by extension 'colcon_meta'
[0.364s] Level 1:colcon.colcon_core.package_identification:_identify(.) by extensions ['ros']
[0.364s] Level 1:colcon.colcon_core.package_identification:_identify(.) by extension 'ros'
[0.384s] Level 1:colcon.colcon_core.package_identification:_identify(.) by extensions ['cmake', 'python']
[0.384s] Level 1:colcon.colcon_core.package_identification:_identify(.) by extension 'cmake'
[0.385s] Level 1:colcon.colcon_core.package_identification:_identify(.) by extension 'python'
[0.385s] Level 1:colcon.colcon_core.package_identification:_identify(.) by extensions ['python_setup_py']
[0.385s] Level 1:colcon.colcon_core.package_identification:_identify(.) by extension 'python_setup_py'
[0.385s] Level 1:colcon.colcon_core.package_identification:_identify(build) by extensions ['ignore', 'ignore_ament_install']
[0.385s] Level 1:colcon.colcon_core.package_identification:_identify(build) by extension 'ignore'
[0.385s] Level 1:colcon.colcon_core.package_identification:_identify(build) ignored
[0.386s] Level 1:colcon.colcon_core.package_identification:_identify(install) by extensions ['ignore', 'ignore_ament_install']
[0.386s] Level 1:colcon.colcon_core.package_identification:_identify(install) by extension 'ignore'
[0.386s] Level 1:colcon.colcon_core.package_identification:_identify(install) ignored
[0.387s] Level 1:colcon.colcon_core.package_identification:_identify(log) by extensions ['ignore', 'ignore_ament_install']
[0.387s] Level 1:colcon.colcon_core.package_identification:_identify(log) by extension 'ignore'
[0.387s] Level 1:colcon.colcon_core.package_identification:_identify(log) ignored
[0.387s] Level 1:colcon.colcon_core.package_identification:_identify(src) by extensions ['ignore', 'ignore_ament_install']
[0.388s] Level 1:colcon.colcon_core.package_identification:_identify(src) by extension 'ignore'
[0.388s] Level 1:colcon.colcon_core.package_identification:_identify(src) by extension 'ignore_ament_install'
[0.388s] Level 1:colcon.colcon_core.package_identification:_identify(src) by extensions ['colcon_pkg']
[0.388s] Level 1:colcon.colcon_core.package_identification:_identify(src) by extension 'colcon_pkg'
[0.388s] Level 1:colcon.colcon_core.package_identification:_identify(src) by extensions ['colcon_meta']
[0.388s] Level 1:colcon.colcon_core.package_identification:_identify(src) by extension 'colcon_meta'
[0.388s] Level 1:colcon.colcon_core.package_identification:_identify(src) by extensions ['ros']
[0.388s] Level 1:colcon.colcon_core.package_identification:_identify(src) by extension 'ros'
[0.388s] Level 1:colcon.colcon_core.package_identification:_identify(src) by extensions ['cmake', 'python']
[0.388s] Level 1:colcon.colcon_core.package_identification:_identify(src) by extension 'cmake'
[0.388s] Level 1:colcon.colcon_core.package_identification:_identify(src) by extension 'python'
[0.388s] Level 1:colcon.colcon_core.package_identification:_identify(src) by extensions ['python_setup_py']
[0.388s] Level 1:colcon.colcon_core.package_identification:_identify(src) by extension 'python_setup_py'
[0.389s] Level 1:colcon.colcon_core.package_identification:_identify(src/my_cpp_pkg) by extensions ['ignore', 'ignore_ament_install']
[0.389s] Level 1:colcon.colcon_core.package_identification:_identify(src/my_cpp_pkg) by extension 'ignore'
[0.389s] Level 1:colcon.colcon_core.package_identification:_identify(src/my_cpp_pkg) by extension 'ignore_ament_install'
[0.389s] Level 1:colcon.colcon_core.package_identification:_identify(src/my_cpp_pkg) by extensions ['colcon_pkg']
[0.389s] Level 1:colcon.colcon_core.package_identification:_identify(src/my_cpp_pkg) by extension 'colcon_pkg'
[0.389s] Level 1:colcon.colcon_core.package_identification:_identify(src/my_cpp_pkg) by extensions ['colcon_meta']
[0.389s] Level 1:colcon.colcon_core.package_identification:_identify(src/my_cpp_pkg) by extension 'colcon_meta'
[0.389s] Level 1:colcon.colcon_core.package_identification:_identify(src/my_cpp_pkg) by extensions ['ros']
[0.389s] Level 1:colcon.colcon_core.package_identification:_identify(src/my_cpp_pkg) by extension 'ros'
[0.393s] DEBUG:colcon.colcon_core.package_identification:Package 'src/my_cpp_pkg' with type 'ros.ament_cmake' and name 'my_cpp_pkg'
[0.394s] Level 1:colcon.colcon_core.package_identification:_identify(src/my_robot_bringup) by extensions ['ignore', 'ignore_ament_install']
[0.394s] Level 1:colcon.colcon_core.package_identification:_identify(src/my_robot_bringup) by extension 'ignore'
[0.394s] Level 1:colcon.colcon_core.package_identification:_identify(src/my_robot_bringup) by extension 'ignore_ament_install'
[0.394s] Level 1:colcon.colcon_core.package_identification:_identify(src/my_robot_bringup) by extensions ['colcon_pkg']
[0.394s] Level 1:colcon.colcon_core.package_identification:_identify(src/my_robot_bringup) by extension 'colcon_pkg'
[0.394s] Level 1:colcon.colcon_core.package_identification:_identify(src/my_robot_bringup) by extensions ['colcon_meta']
[0.394s] Level 1:colcon.colcon_core.package_identification:_identify(src/my_robot_bringup) by extension 'colcon_meta'
[0.394s] Level 1:colcon.colcon_core.package_identification:_identify(src/my_robot_bringup) by extensions ['ros']
[0.395s] Level 1:colcon.colcon_core.package_identification:_identify(src/my_robot_bringup) by extension 'ros'
[0.412s] DEBUG:colcon.colcon_core.package_identification:Package 'src/my_robot_bringup' with type 'ros.ament_cmake' and name 'my_robot_bringup'
[0.412s] Level 1:colcon.colcon_core.package_identification:_identify(src/my_robot_interfaces) by extensions ['ignore', 'ignore_ament_install']
[0.412s] Level 1:colcon.colcon_core.package_identification:_identify(src/my_robot_interfaces) by extension 'ignore'
[0.412s] Level 1:colcon.colcon_core.package_identification:_identify(src/my_robot_interfaces) by extension 'ignore_ament_install'
[0.413s] Level 1:colcon.colcon_core.package_identification:_identify(src/my_robot_interfaces) by extensions ['colcon_pkg']
[0.413s] Level 1:colcon.colcon_core.package_identification:_identify(src/my_robot_interfaces) by extension 'colcon_pkg'
[0.413s] Level 1:colcon.colcon_core.package_identification:_identify(src/my_robot_interfaces) by extensions ['colcon_meta']
[0.413s] Level 1:colcon.colcon_core.package_identification:_identify(src/my_robot_interfaces) by extension 'colcon_meta'
[0.413s] Level 1:colcon.colcon_core.package_identification:_identify(src/my_robot_interfaces) by extensions ['ros']
[0.413s] Level 1:colcon.colcon_core.package_identification:_identify(src/my_robot_interfaces) by extension 'ros'
[0.414s] DEBUG:colcon.colcon_core.package_identification:Package 'src/my_robot_interfaces' with type 'ros.ament_cmake' and name 'my_robot_interfaces'
[0.414s] Level 1:colcon.colcon_core.package_identification:_identify(src/turtlesim_catch_them_all) by extensions ['ignore', 'ignore_ament_install']
[0.414s] Level 1:colcon.colcon_core.package_identification:_identify(src/turtlesim_catch_them_all) by extension 'ignore'
[0.414s] Level 1:colcon.colcon_core.package_identification:_identify(src/turtlesim_catch_them_all) by extension 'ignore_ament_install'
[0.414s] Level 1:colcon.colcon_core.package_identification:_identify(src/turtlesim_catch_them_all) by extensions ['colcon_pkg']
[0.414s] Level 1:colcon.colcon_core.package_identification:_identify(src/turtlesim_catch_them_all) by extension 'colcon_pkg'
[0.415s] Level 1:colcon.colcon_core.package_identification:_identify(src/turtlesim_catch_them_all) by extensions ['colcon_meta']
[0.415s] Level 1:colcon.colcon_core.package_identification:_identify(src/turtlesim_catch_them_all) by extension 'colcon_meta'
[0.415s] Level 1:colcon.colcon_core.package_identification:_identify(src/turtlesim_catch_them_all) by extensions ['ros']
[0.415s] Level 1:colcon.colcon_core.package_identification:_identify(src/turtlesim_catch_them_all) by extension 'ros'
[0.416s] DEBUG:colcon.colcon_core.package_identification:Package 'src/turtlesim_catch_them_all' with type 'ros.ament_cmake' and name 'turtlesim_catch_them_all'
[0.416s] Level 1:colcon.colcon_core.package_discovery:discover_packages(recursive) using defaults
[0.416s] Level 1:colcon.colcon_core.package_discovery:discover_packages(ignore) discover
[0.416s] Level 1:colcon.colcon_core.package_discovery:discover_packages(ignore) using defaults
[0.416s] Level 1:colcon.colcon_core.package_discovery:discover_packages(path) discover
[0.416s] Level 1:colcon.colcon_core.package_discovery:discover_packages(path) using defaults
[0.453s] INFO:colcon.colcon_core.package_selection:Skipping not selected package 'my_robot_interfaces' in 'src/my_robot_interfaces'
[0.453s] INFO:colcon.colcon_core.package_selection:Skipping not selected package 'my_cpp_pkg' in 'src/my_cpp_pkg'
[0.453s] INFO:colcon.colcon_core.package_selection:Skipping not selected package 'my_robot_bringup' in 'src/my_robot_bringup'
[0.455s] Level 1:colcon.colcon_core.package_discovery:discover_packages(prefix_path) check parameters
[0.455s] Level 1:colcon.colcon_core.package_discovery:discover_packages(prefix_path) discover
[0.460s] DEBUG:colcon.colcon_installed_package_information.package_discovery:Found 4 installed packages in /home/nmolla/ros2_ws/install
[0.463s] DEBUG:colcon.colcon_installed_package_information.package_discovery:Found 278 installed packages in /opt/ros/galactic
[0.465s] Level 1:colcon.colcon_core.package_discovery:discover_packages(prefix_path) using defaults
[0.630s] Level 5:colcon.colcon_core.verb:set package 'turtlesim_catch_them_all' build argument 'cmake_args' from command line to 'None'
[0.630s] Level 5:colcon.colcon_core.verb:set package 'turtlesim_catch_them_all' build argument 'cmake_target' from command line to 'None'
[0.630s] Level 5:colcon.colcon_core.verb:set package 'turtlesim_catch_them_all' build argument 'cmake_target_skip_unavailable' from command line to 'False'
[0.630s] Level 5:colcon.colcon_core.verb:set package 'turtlesim_catch_them_all' build argument 'cmake_clean_cache' from command line to 'False'
[0.630s] Level 5:colcon.colcon_core.verb:set package 'turtlesim_catch_them_all' build argument 'cmake_clean_first' from command line to 'False'
[0.630s] Level 5:colcon.colcon_core.verb:set package 'turtlesim_catch_them_all' build argument 'cmake_force_configure' from command line to 'False'
[0.630s] Level 5:colcon.colcon_core.verb:set package 'turtlesim_catch_them_all' build argument 'ament_cmake_args' from command line to 'None'
[0.630s] Level 5:colcon.colcon_core.verb:set package 'turtlesim_catch_them_all' build argument 'catkin_cmake_args' from command line to 'None'
[0.630s] Level 5:colcon.colcon_core.verb:set package 'turtlesim_catch_them_all' build argument 'catkin_skip_building_tests' from command line to 'False'
[0.630s] DEBUG:colcon.colcon_core.verb:Building package 'turtlesim_catch_them_all' with the following arguments: {'ament_cmake_args': None, 'build_base': '/home/nmolla/ros2_ws/build/turtlesim_catch_them_all', 'catkin_cmake_args': None, 'catkin_skip_building_tests': False, 'cmake_args': None, 'cmake_clean_cache': False, 'cmake_clean_first': False, 'cmake_force_configure': False, 'cmake_target': None, 'cmake_target_skip_unavailable': False, 'install_base': '/home/nmolla/ros2_ws/install/turtlesim_catch_them_all', 'merge_install': False, 'path': '/home/nmolla/ros2_ws/src/turtlesim_catch_them_all', 'symlink_install': False, 'test_result_base': None}
[0.631s] INFO:colcon.colcon_core.executor:Executing jobs using 'parallel' executor
[0.641s] DEBUG:colcon.colcon_parallel_executor.executor.parallel:run_until_complete
[0.641s] INFO:colcon.colcon_ros.task.ament_cmake.build:Building ROS package in '/home/nmolla/ros2_ws/src/turtlesim_catch_them_all' with build type 'ament_cmake'
[0.641s] INFO:colcon.colcon_cmake.task.cmake.build:Building CMake package in '/home/nmolla/ros2_ws/src/turtlesim_catch_them_all'
[0.648s] INFO:colcon.colcon_core.plugin_system:Skipping extension 'colcon_core.shell.bat': Not used on non-Windows systems
[0.649s] INFO:colcon.colcon_core.shell:Skip shell extension 'powershell' for command environment: Not usable outside of PowerShell
[0.649s] DEBUG:colcon.colcon_core.shell:Skip shell extension 'dsv' for command environment
[0.677s] DEBUG:colcon.colcon_core.event_handler.log_command:Invoking command in '/home/nmolla/ros2_ws/build/turtlesim_catch_them_all': CMAKE_PREFIX_PATH=${CMAKE_PREFIX_PATH}:/opt/ros/galactic /usr/bin/cmake --build /home/nmolla/ros2_ws/build/turtlesim_catch_them_all -- -j4 -l4
[6.818s] DEBUG:colcon.colcon_core.event_handler.log_command:Invoked command in '/home/nmolla/ros2_ws/build/turtlesim_catch_them_all' returned '0': CMAKE_PREFIX_PATH=${CMAKE_PREFIX_PATH}:/opt/ros/galactic /usr/bin/cmake --build /home/nmolla/ros2_ws/build/turtlesim_catch_them_all -- -j4 -l4
[6.882s] DEBUG:colcon.colcon_core.event_handler.log_command:Invoking command in '/home/nmolla/ros2_ws/build/turtlesim_catch_them_all': CMAKE_PREFIX_PATH=${CMAKE_PREFIX_PATH}:/opt/ros/galactic /usr/bin/cmake --install /home/nmolla/ros2_ws/build/turtlesim_catch_them_all
[6.908s] Level 1:colcon.colcon_core.environment:create_environment_scripts_only(turtlesim_catch_them_all)
[6.910s] DEBUG:colcon.colcon_core.event_handler.log_command:Invoked command in '/home/nmolla/ros2_ws/build/turtlesim_catch_them_all' returned '0': CMAKE_PREFIX_PATH=${CMAKE_PREFIX_PATH}:/opt/ros/galactic /usr/bin/cmake --install /home/nmolla/ros2_ws/build/turtlesim_catch_them_all
[6.920s] Level 1:colcon.colcon_core.environment:checking '/home/nmolla/ros2_ws/install/turtlesim_catch_them_all' for CMake module files
[6.921s] Level 1:colcon.colcon_core.environment:checking '/home/nmolla/ros2_ws/install/turtlesim_catch_them_all' for CMake config files
[6.921s] Level 1:colcon.colcon_core.shell:create_environment_hook('turtlesim_catch_them_all', 'cmake_prefix_path')
[6.923s] INFO:colcon.colcon_core.shell:Creating environment hook '/home/nmolla/ros2_ws/install/turtlesim_catch_them_all/share/turtlesim_catch_them_all/hook/cmake_prefix_path.ps1'
[6.924s] INFO:colcon.colcon_core.shell:Creating environment descriptor '/home/nmolla/ros2_ws/install/turtlesim_catch_them_all/share/turtlesim_catch_them_all/hook/cmake_prefix_path.dsv'
[6.925s] INFO:colcon.colcon_core.shell:Creating environment hook '/home/nmolla/ros2_ws/install/turtlesim_catch_them_all/share/turtlesim_catch_them_all/hook/cmake_prefix_path.sh'
[6.926s] Level 1:colcon.colcon_core.environment:checking '/home/nmolla/ros2_ws/install/turtlesim_catch_them_all/lib'
[6.926s] Level 1:colcon.colcon_core.environment:checking '/home/nmolla/ros2_ws/install/turtlesim_catch_them_all/bin'
[6.926s] Level 1:colcon.colcon_core.environment:checking '/home/nmolla/ros2_ws/install/turtlesim_catch_them_all/lib/pkgconfig/turtlesim_catch_them_all.pc'
[6.926s] Level 1:colcon.colcon_core.environment:checking '/home/nmolla/ros2_ws/install/turtlesim_catch_them_all/lib/python3.8/site-packages'
[6.927s] Level 1:colcon.colcon_core.environment:checking '/home/nmolla/ros2_ws/install/turtlesim_catch_them_all/bin'
[6.929s] INFO:colcon.colcon_core.shell:Creating package script '/home/nmolla/ros2_ws/install/turtlesim_catch_them_all/share/turtlesim_catch_them_all/package.ps1'
[6.931s] INFO:colcon.colcon_core.shell:Creating package descriptor '/home/nmolla/ros2_ws/install/turtlesim_catch_them_all/share/turtlesim_catch_them_all/package.dsv'
[6.932s] INFO:colcon.colcon_core.shell:Creating package script '/home/nmolla/ros2_ws/install/turtlesim_catch_them_all/share/turtlesim_catch_them_all/package.sh'
[6.934s] INFO:colcon.colcon_core.shell:Creating package script '/home/nmolla/ros2_ws/install/turtlesim_catch_them_all/share/turtlesim_catch_them_all/package.bash'
[6.936s] INFO:colcon.colcon_core.shell:Creating package script '/home/nmolla/ros2_ws/install/turtlesim_catch_them_all/share/turtlesim_catch_them_all/package.zsh'
[6.937s] Level 1:colcon.colcon_core.environment:create_file_with_runtime_dependencies(/home/nmolla/ros2_ws/install/turtlesim_catch_them_all/share/colcon-core/packages/turtlesim_catch_them_all)
[6.992s] Level 1:colcon.colcon_core.environment:create_environment_scripts_only(turtlesim_catch_them_all)
[6.995s] Level 1:colcon.colcon_core.environment:checking '/home/nmolla/ros2_ws/install/turtlesim_catch_them_all' for CMake module files
[6.996s] Level 1:colcon.colcon_core.environment:checking '/home/nmolla/ros2_ws/install/turtlesim_catch_them_all' for CMake config files
[6.996s] Level 1:colcon.colcon_core.shell:create_environment_hook('turtlesim_catch_them_all', 'cmake_prefix_path')
[6.999s] INFO:colcon.colcon_core.shell:Creating environment hook '/home/nmolla/ros2_ws/install/turtlesim_catch_them_all/share/turtlesim_catch_them_all/hook/cmake_prefix_path.ps1'
[7.001s] INFO:colcon.colcon_core.shell:Creating environment descriptor '/home/nmolla/ros2_ws/install/turtlesim_catch_them_all/share/turtlesim_catch_them_all/hook/cmake_prefix_path.dsv'
[7.001s] INFO:colcon.colcon_core.shell:Creating environment hook '/home/nmolla/ros2_ws/install/turtlesim_catch_them_all/share/turtlesim_catch_them_all/hook/cmake_prefix_path.sh'
[7.002s] Level 1:colcon.colcon_core.environment:checking '/home/nmolla/ros2_ws/install/turtlesim_catch_them_all/lib'
[7.003s] Level 1:colcon.colcon_core.environment:checking '/home/nmolla/ros2_ws/install/turtlesim_catch_them_all/bin'
[7.003s] Level 1:colcon.colcon_core.environment:checking '/home/nmolla/ros2_ws/install/turtlesim_catch_them_all/lib/pkgconfig/turtlesim_catch_them_all.pc'
[7.003s] Level 1:colcon.colcon_core.environment:checking '/home/nmolla/ros2_ws/install/turtlesim_catch_them_all/lib/python3.8/site-packages'
[7.003s] Level 1:colcon.colcon_core.environment:checking '/home/nmolla/ros2_ws/install/turtlesim_catch_them_all/bin'
[7.006s] INFO:colcon.colcon_core.shell:Creating package script '/home/nmolla/ros2_ws/install/turtlesim_catch_them_all/share/turtlesim_catch_them_all/package.ps1'
[7.007s] INFO:colcon.colcon_core.shell:Creating package descriptor '/home/nmolla/ros2_ws/install/turtlesim_catch_them_all/share/turtlesim_catch_them_all/package.dsv'
[7.008s] INFO:colcon.colcon_core.shell:Creating package script '/home/nmolla/ros2_ws/install/turtlesim_catch_them_all/share/turtlesim_catch_them_all/package.sh'
[7.008s] INFO:colcon.colcon_core.shell:Creating package script '/home/nmolla/ros2_ws/install/turtlesim_catch_them_all/share/turtlesim_catch_them_all/package.bash'
[7.009s] INFO:colcon.colcon_core.shell:Creating package script '/home/nmolla/ros2_ws/install/turtlesim_catch_them_all/share/turtlesim_catch_them_all/package.zsh'
[7.009s] Level 1:colcon.colcon_core.environment:create_file_with_runtime_dependencies(/home/nmolla/ros2_ws/install/turtlesim_catch_them_all/share/colcon-core/packages/turtlesim_catch_them_all)
[7.010s] DEBUG:colcon.colcon_parallel_executor.executor.parallel:closing loop
[7.011s] DEBUG:colcon.colcon_parallel_executor.executor.parallel:loop closed
[7.011s] DEBUG:colcon.colcon_parallel_executor.executor.parallel:run_until_complete finished with '0'
[7.011s] DEBUG:colcon.colcon_core.event_reactor:joining thread
[7.023s] INFO:colcon.colcon_core.plugin_system:Skipping extension 'colcon_notification.desktop_notification.terminal_notifier': Not used on non-Darwin systems
[7.023s] INFO:colcon.colcon_core.plugin_system:Skipping extension 'colcon_notification.desktop_notification.win32': Not used on non-Windows systems
[7.024s] INFO:colcon.colcon_notification.desktop_notification:Sending desktop notification using 'notify2'
[7.053s] DEBUG:colcon.colcon_core.event_reactor:joined thread
[7.055s] INFO:colcon.colcon_core.shell:Creating prefix script '/home/nmolla/ros2_ws/install/local_setup.ps1'
[7.057s] INFO:colcon.colcon_core.shell:Creating prefix util module '/home/nmolla/ros2_ws/install/_local_setup_util_ps1.py'
[7.058s] INFO:colcon.colcon_core.shell:Creating prefix chain script '/home/nmolla/ros2_ws/install/setup.ps1'
[7.061s] INFO:colcon.colcon_core.shell:Creating prefix script '/home/nmolla/ros2_ws/install/local_setup.sh'
[7.062s] INFO:colcon.colcon_core.shell:Creating prefix util module '/home/nmolla/ros2_ws/install/_local_setup_util_sh.py'
[7.063s] INFO:colcon.colcon_core.shell:Creating prefix chain script '/home/nmolla/ros2_ws/install/setup.sh'
[7.069s] INFO:colcon.colcon_core.shell:Creating prefix script '/home/nmolla/ros2_ws/install/local_setup.bash'
[7.071s] INFO:colcon.colcon_core.shell:Creating prefix chain script '/home/nmolla/ros2_ws/install/setup.bash'
[7.074s] INFO:colcon.colcon_core.shell:Creating prefix script '/home/nmolla/ros2_ws/install/local_setup.zsh'
[7.076s] INFO:colcon.colcon_core.shell:Creating prefix chain script '/home/nmolla/ros2_ws/install/setup.zsh'
