[0.024s] Invoking command in '/home/nmolla/ros2_ws/build/my_cpp_pkg': CMAKE_PREFIX_PATH=${CMAKE_PREFIX_PATH}:/opt/ros/galactic /usr/bin/cmake --build /home/nmolla/ros2_ws/build/my_cpp_pkg -- -j4 -l4
[0.060s] -- Found ament_cmake: 1.1.6 (/opt/ros/galactic/share/ament_cmake/cmake)
[0.089s] -- Using PYTHON_EXECUTABLE: /usr/bin/python3
[0.174s] -- Found rclcpp: 9.2.2 (/opt/ros/galactic/share/rclcpp/cmake)
[0.218s] -- Using all available rosidl_typesupport_c: rosidl_typesupport_fastrtps_c;rosidl_typesupport_introspection_c
[0.223s] -- Found rosidl_adapter: 2.2.3 (/opt/ros/galactic/share/rosidl_adapter/cmake)
[0.375s] -- Using all available rosidl_typesupport_cpp: rosidl_typesupport_fastrtps_cpp;rosidl_typesupport_introspection_cpp
[0.441s] -- Found rmw_implementation_cmake: 3.3.1 (/opt/ros/galactic/share/rmw_implementation_cmake/cmake)
[0.443s] -- Found rmw_cyclonedds_cpp: 0.22.6 (/opt/ros/galactic/share/rmw_cyclonedds_cpp/cmake)
[0.466s] -- Using RMW implementation 'rmw_cyclonedds_cpp' as default
[0.656s] -- Found example_interfaces: 0.9.2 (/opt/ros/galactic/share/example_interfaces/cmake)
[0.872s] -- Configuring done
[0.875s] CMake Error at CMakeLists.txt:32 (add_executable):
[0.875s]   Cannot find source file:
[0.875s] 
[0.875s]     src/add_two_ints_client_no_opp.cpp
[0.875s] 
[0.875s]   Tried extensions .c .C .c++ .cc .cpp .cxx .cu .m .M .mm .h .hh .h++ .hm
[0.875s]   .hpp .hxx .in .txx
[0.876s] 
[0.876s] 
[0.876s] CMake Error at CMakeLists.txt:32 (add_executable):
[0.876s]   No SOURCES given to target: add_two_ints_client_no_opp
[0.876s] 
[0.876s] 
[0.876s] CMake Generate step failed.  Build files cannot be regenerated correctly.
[0.882s] make: *** [Makefile:486: cmake_check_build_system] Error 1
[0.885s] Invoked command in '/home/nmolla/ros2_ws/build/my_cpp_pkg' returned '2': CMAKE_PREFIX_PATH=${CMAKE_PREFIX_PATH}:/opt/ros/galactic /usr/bin/cmake --build /home/nmolla/ros2_ws/build/my_cpp_pkg -- -j4 -l4
