[0.030s] Invoking command in '/home/nmolla/ros2_ws/build/my_robot_interfaces': CMAKE_PREFIX_PATH=${CMAKE_PREFIX_PATH}:/opt/ros/galactic /usr/bin/cmake --build /home/nmolla/ros2_ws/build/my_robot_interfaces -- -j4 -l4
[0.084s] -- Found ament_cmake: 1.1.6 (/opt/ros/galactic/share/ament_cmake/cmake)
[0.138s] -- Found PythonInterp: /usr/bin/python3 (found suitable version "3.8.10", minimum required is "3") 
[0.139s] -- Using PYTHON_EXECUTABLE: /usr/bin/python3
[0.251s] -- Found rosidl_default_generators: 1.1.1 (/opt/ros/galactic/share/rosidl_default_generators/cmake)
[0.257s] -- Using all available rosidl_typesupport_c: rosidl_typesupport_fastrtps_c;rosidl_typesupport_introspection_c
[0.263s] -- Found rosidl_adapter: 2.2.3 (/opt/ros/galactic/share/rosidl_adapter/cmake)
[0.507s] -- Using all available rosidl_typesupport_cpp: rosidl_typesupport_fastrtps_cpp;rosidl_typesupport_introspection_cpp
[0.581s] -- Found PythonInterp: /usr/bin/python3 (found version "3.8.10") 
[0.831s] -- Found ament_cmake_ros: 0.9.2 (/opt/ros/galactic/share/ament_cmake_ros/cmake)
[0.995s] -- Using all available rosidl_typesupport_c: rosidl_typesupport_fastrtps_c;rosidl_typesupport_introspection_c
[1.012s] -- Using all available rosidl_typesupport_cpp: rosidl_typesupport_fastrtps_cpp;rosidl_typesupport_introspection_cpp
[1.048s] -- Found PythonInterp: /usr/bin/python3 (found suitable version "3.8.10", minimum required is "3.5") 
[1.048s] -- Found python_cmake_module: 0.8.1 (/opt/ros/galactic/share/python_cmake_module/cmake)
[1.085s] -- Using PYTHON_EXECUTABLE: /usr/bin/python3
[1.086s] -- Using PYTHON_INCLUDE_DIRS: /usr/include/python3.8
[1.086s] -- Using PYTHON_LIBRARIES: /usr/lib/x86_64-linux-gnu/libpython3.8.so
[1.129s] -- Configuring done
[1.214s] -- Generating done
[1.218s] -- Build files have been written to: /home/nmolla/ros2_ws/build/my_robot_interfaces
[1.261s] [35m[1mScanning dependencies of target my_robot_interfaces__cpp[0m
[1.262s] [  1%] [34m[1mGenerating C code for ROS interfaces[0m
[1.279s] [  3%] [34m[1mGenerating C++ code for ROS interfaces[0m
[2.208s] [  3%] Built target my_robot_interfaces__cpp
[2.242s] [  4%] [34m[1mGenerating C++ introspection for ROS interfaces[0m
[2.270s] [  6%] [34m[1mGenerating C++ type support dispatch for ROS interfaces[0m
[2.276s] [  7%] [34m[1mGenerating C++ type support for eProsima Fast-RTPS[0m
[2.290s] [35m[1mScanning dependencies of target my_robot_interfaces__rosidl_generator_c[0m
[2.328s] [  9%] [32mBuilding C object CMakeFiles/my_robot_interfaces__rosidl_generator_c.dir/rosidl_generator_c/my_robot_interfaces/msg/detail/hardware_status__functions.c.o[0m
[2.527s] [ 11%] [32mBuilding C object CMakeFiles/my_robot_interfaces__rosidl_generator_c.dir/rosidl_generator_c/my_robot_interfaces/srv/detail/compute_rectangle_area__functions.c.o[0m
[2.645s] [ 12%] [32mBuilding C object CMakeFiles/my_robot_interfaces__rosidl_generator_c.dir/rosidl_generator_c/my_robot_interfaces/msg/detail/turtle__functions.c.o[0m
[2.749s] [ 14%] [32mBuilding C object CMakeFiles/my_robot_interfaces__rosidl_generator_c.dir/rosidl_generator_c/my_robot_interfaces/msg/detail/turtle_array__functions.c.o[0m
[2.872s] [ 15%] [32mBuilding C object CMakeFiles/my_robot_interfaces__rosidl_generator_c.dir/rosidl_generator_c/my_robot_interfaces/srv/detail/catch_turtle__functions.c.o[0m
[3.023s] [ 17%] [32m[1mLinking C shared library libmy_robot_interfaces__rosidl_generator_c.so[0m
[3.099s] [35m[1mScanning dependencies of target my_robot_interfaces__rosidl_typesupport_cpp[0m
[3.176s] [ 17%] Built target my_robot_interfaces__rosidl_generator_c
[3.177s] [ 19%] [32mBuilding CXX object CMakeFiles/my_robot_interfaces__rosidl_typesupport_cpp.dir/rosidl_typesupport_cpp/my_robot_interfaces/msg/hardware_status__type_support.cpp.o[0m
[3.263s] [ 20%] [34m[1mGenerating C introspection for ROS interfaces[0m
[3.434s] [35m[1mScanning dependencies of target my_robot_interfaces__rosidl_typesupport_introspection_cpp[0m
[3.485s] [ 22%] [32mBuilding CXX object CMakeFiles/my_robot_interfaces__rosidl_typesupport_introspection_cpp.dir/rosidl_typesupport_introspection_cpp/my_robot_interfaces/msg/detail/hardware_status__type_support.cpp.o[0m
[3.748s] [35m[1mScanning dependencies of target my_robot_interfaces__rosidl_typesupport_fastrtps_cpp[0m
[3.803s] [ 23%] [32mBuilding CXX object CMakeFiles/my_robot_interfaces__rosidl_typesupport_fastrtps_cpp.dir/rosidl_typesupport_fastrtps_cpp/my_robot_interfaces/msg/detail/dds_fastrtps/hardware_status__type_support.cpp.o[0m
[4.004s] [ 25%] [32mBuilding CXX object CMakeFiles/my_robot_interfaces__rosidl_typesupport_cpp.dir/rosidl_typesupport_cpp/my_robot_interfaces/srv/compute_rectangle_area__type_support.cpp.o[0m
[4.252s] [ 26%] [32mBuilding CXX object CMakeFiles/my_robot_interfaces__rosidl_typesupport_introspection_cpp.dir/rosidl_typesupport_introspection_cpp/my_robot_interfaces/srv/detail/compute_rectangle_area__type_support.cpp.o[0m
[4.502s] [35m[1mScanning dependencies of target my_robot_interfaces__rosidl_typesupport_introspection_c[0m
[4.548s] [ 28%] [32mBuilding C object CMakeFiles/my_robot_interfaces__rosidl_typesupport_introspection_c.dir/rosidl_typesupport_introspection_c/my_robot_interfaces/msg/detail/hardware_status__type_support.c.o[0m
[4.635s] [ 30%] [32mBuilding C object CMakeFiles/my_robot_interfaces__rosidl_typesupport_introspection_c.dir/rosidl_typesupport_introspection_c/my_robot_interfaces/srv/detail/compute_rectangle_area__type_support.c.o[0m
[4.745s] [ 31%] [32mBuilding C object CMakeFiles/my_robot_interfaces__rosidl_typesupport_introspection_c.dir/rosidl_typesupport_introspection_c/my_robot_interfaces/msg/detail/turtle__type_support.c.o[0m
[4.882s] [ 33%] [32mBuilding C object CMakeFiles/my_robot_interfaces__rosidl_typesupport_introspection_c.dir/rosidl_typesupport_introspection_c/my_robot_interfaces/msg/detail/turtle_array__type_support.c.o[0m
[4.915s] [ 34%] [32mBuilding CXX object CMakeFiles/my_robot_interfaces__rosidl_typesupport_cpp.dir/rosidl_typesupport_cpp/my_robot_interfaces/msg/turtle__type_support.cpp.o[0m
[5.001s] [ 36%] [32mBuilding C object CMakeFiles/my_robot_interfaces__rosidl_typesupport_introspection_c.dir/rosidl_typesupport_introspection_c/my_robot_interfaces/srv/detail/catch_turtle__type_support.c.o[0m
[5.094s] [ 38%] [32m[1mLinking C shared library libmy_robot_interfaces__rosidl_typesupport_introspection_c.so[0m
[5.176s] [ 38%] Built target my_robot_interfaces__rosidl_typesupport_introspection_c
[5.190s] [ 39%] [32mBuilding CXX object CMakeFiles/my_robot_interfaces__rosidl_typesupport_introspection_cpp.dir/rosidl_typesupport_introspection_cpp/my_robot_interfaces/msg/detail/turtle__type_support.cpp.o[0m
[5.211s] [ 41%] [34m[1mGenerating C type support dispatch for ROS interfaces[0m
[5.271s] [ 42%] [32mBuilding CXX object CMakeFiles/my_robot_interfaces__rosidl_typesupport_fastrtps_cpp.dir/rosidl_typesupport_fastrtps_cpp/my_robot_interfaces/srv/detail/dds_fastrtps/compute_rectangle_area__type_support.cpp.o[0m
[5.851s] [ 44%] [32mBuilding CXX object CMakeFiles/my_robot_interfaces__rosidl_typesupport_cpp.dir/rosidl_typesupport_cpp/my_robot_interfaces/msg/turtle_array__type_support.cpp.o[0m
[5.976s] [ 46%] [32mBuilding CXX object CMakeFiles/my_robot_interfaces__rosidl_typesupport_introspection_cpp.dir/rosidl_typesupport_introspection_cpp/my_robot_interfaces/msg/detail/turtle_array__type_support.cpp.o[0m
[6.273s] [35m[1mScanning dependencies of target my_robot_interfaces__rosidl_typesupport_c[0m
[6.275s] [ 47%] [32mBuilding CXX object CMakeFiles/my_robot_interfaces__rosidl_typesupport_fastrtps_cpp.dir/rosidl_typesupport_fastrtps_cpp/my_robot_interfaces/msg/detail/dds_fastrtps/turtle__type_support.cpp.o[0m
[6.308s] [ 49%] [32mBuilding CXX object CMakeFiles/my_robot_interfaces__rosidl_typesupport_c.dir/rosidl_typesupport_c/my_robot_interfaces/msg/hardware_status__type_support.cpp.o[0m
[6.408s] [ 50%] [32mBuilding CXX object CMakeFiles/my_robot_interfaces__rosidl_typesupport_c.dir/rosidl_typesupport_c/my_robot_interfaces/srv/compute_rectangle_area__type_support.cpp.o[0m
[6.491s] [ 52%] [32mBuilding CXX object CMakeFiles/my_robot_interfaces__rosidl_typesupport_c.dir/rosidl_typesupport_c/my_robot_interfaces/msg/turtle__type_support.cpp.o[0m
[6.575s] [ 53%] [32mBuilding CXX object CMakeFiles/my_robot_interfaces__rosidl_typesupport_cpp.dir/rosidl_typesupport_cpp/my_robot_interfaces/srv/catch_turtle__type_support.cpp.o[0m
[6.577s] [ 55%] [32mBuilding CXX object CMakeFiles/my_robot_interfaces__rosidl_typesupport_c.dir/rosidl_typesupport_c/my_robot_interfaces/msg/turtle_array__type_support.cpp.o[0m
[6.667s] [ 57%] [32mBuilding CXX object CMakeFiles/my_robot_interfaces__rosidl_typesupport_c.dir/rosidl_typesupport_c/my_robot_interfaces/srv/catch_turtle__type_support.cpp.o[0m
[6.743s] [ 58%] [32m[1mLinking CXX shared library libmy_robot_interfaces__rosidl_typesupport_c.so[0m
[6.854s] [ 58%] Built target my_robot_interfaces__rosidl_typesupport_c
[6.879s] [ 60%] [32mBuilding CXX object CMakeFiles/my_robot_interfaces__rosidl_typesupport_fastrtps_cpp.dir/rosidl_typesupport_fastrtps_cpp/my_robot_interfaces/msg/detail/dds_fastrtps/turtle_array__type_support.cpp.o[0m
[6.963s] [ 61%] [32mBuilding CXX object CMakeFiles/my_robot_interfaces__rosidl_typesupport_introspection_cpp.dir/rosidl_typesupport_introspection_cpp/my_robot_interfaces/srv/detail/catch_turtle__type_support.cpp.o[0m
[7.677s] [ 63%] [32mBuilding CXX object CMakeFiles/my_robot_interfaces__rosidl_typesupport_fastrtps_cpp.dir/rosidl_typesupport_fastrtps_cpp/my_robot_interfaces/srv/detail/dds_fastrtps/catch_turtle__type_support.cpp.o[0m
[8.068s] [ 65%] [32m[1mLinking CXX shared library libmy_robot_interfaces__rosidl_typesupport_cpp.so[0m
[8.209s] [ 65%] Built target my_robot_interfaces__rosidl_typesupport_cpp
[8.321s] [ 66%] [32m[1mLinking CXX shared library libmy_robot_interfaces__rosidl_typesupport_introspection_cpp.so[0m
[8.511s] [ 66%] Built target my_robot_interfaces__rosidl_typesupport_introspection_cpp
[8.876s] [ 68%] [32m[1mLinking CXX shared library libmy_robot_interfaces__rosidl_typesupport_fastrtps_cpp.so[0m
[9.048s] [ 68%] Built target my_robot_interfaces__rosidl_typesupport_fastrtps_cpp
[9.067s] [ 69%] [34m[1mGenerating C type support for eProsima Fast-RTPS[0m
[9.696s] [35m[1mScanning dependencies of target my_robot_interfaces__rosidl_typesupport_fastrtps_c[0m
[9.732s] [ 71%] [32mBuilding CXX object CMakeFiles/my_robot_interfaces__rosidl_typesupport_fastrtps_c.dir/rosidl_typesupport_fastrtps_c/my_robot_interfaces/msg/detail/turtle_array__type_support_c.cpp.o[0m
[9.733s] [ 73%] [32mBuilding CXX object CMakeFiles/my_robot_interfaces__rosidl_typesupport_fastrtps_c.dir/rosidl_typesupport_fastrtps_c/my_robot_interfaces/srv/detail/compute_rectangle_area__type_support_c.cpp.o[0m
[9.734s] [ 74%] [32mBuilding CXX object CMakeFiles/my_robot_interfaces__rosidl_typesupport_fastrtps_c.dir/rosidl_typesupport_fastrtps_c/my_robot_interfaces/msg/detail/turtle__type_support_c.cpp.o[0m
[9.736s] [ 76%] [32mBuilding CXX object CMakeFiles/my_robot_interfaces__rosidl_typesupport_fastrtps_c.dir/rosidl_typesupport_fastrtps_c/my_robot_interfaces/msg/detail/hardware_status__type_support_c.cpp.o[0m
[10.669s] [ 77%] [32mBuilding CXX object CMakeFiles/my_robot_interfaces__rosidl_typesupport_fastrtps_c.dir/rosidl_typesupport_fastrtps_c/my_robot_interfaces/srv/detail/catch_turtle__type_support_c.cpp.o[0m
[11.243s] [ 79%] [32m[1mLinking CXX shared library libmy_robot_interfaces__rosidl_typesupport_fastrtps_c.so[0m
[11.398s] [ 79%] Built target my_robot_interfaces__rosidl_typesupport_fastrtps_c
[11.433s] [ 79%] Built target my_robot_interfaces
[11.450s] [35m[1mScanning dependencies of target my_robot_interfaces__py[0m
[11.468s] [ 80%] [34m[1mGenerating Python code for ROS interfaces[0m
[12.885s] [ 80%] Built target my_robot_interfaces__py
[12.905s] [35m[1mScanning dependencies of target my_robot_interfaces__python[0m
[12.952s] [ 82%] [32mBuilding C object CMakeFiles/my_robot_interfaces__python.dir/rosidl_generator_py/my_robot_interfaces/srv/_compute_rectangle_area_s.c.o[0m
[12.955s] [ 84%] [32mBuilding C object CMakeFiles/my_robot_interfaces__python.dir/rosidl_generator_py/my_robot_interfaces/msg/_turtle_array_s.c.o[0m
[12.955s] [ 87%] [32mBuilding C object CMakeFiles/my_robot_interfaces__python.dir/rosidl_generator_py/my_robot_interfaces/msg/_hardware_status_s.c.o[0m
[12.955s] [ 87%] [32mBuilding C object CMakeFiles/my_robot_interfaces__python.dir/rosidl_generator_py/my_robot_interfaces/msg/_turtle_s.c.o[0m
[13.200s] [ 88%] [32mBuilding C object CMakeFiles/my_robot_interfaces__python.dir/rosidl_generator_py/my_robot_interfaces/srv/_catch_turtle_s.c.o[0m
[13.346s] [ 90%] [32m[1mLinking C shared library rosidl_generator_py/my_robot_interfaces/libmy_robot_interfaces__python.so[0m
[13.417s] [ 90%] Built target my_robot_interfaces__python
[13.440s] [35m[1mScanning dependencies of target my_robot_interfaces__rosidl_typesupport_c__pyext[0m
[13.443s] [35m[1mScanning dependencies of target my_robot_interfaces__rosidl_typesupport_fastrtps_c__pyext[0m
[13.448s] [35m[1mScanning dependencies of target my_robot_interfaces__rosidl_typesupport_introspection_c__pyext[0m
[13.482s] [ 92%] [32mBuilding C object CMakeFiles/my_robot_interfaces__rosidl_typesupport_c__pyext.dir/rosidl_generator_py/my_robot_interfaces/_my_robot_interfaces_s.ep.rosidl_typesupport_c.c.o[0m
[13.485s] [ 93%] [32mBuilding C object CMakeFiles/my_robot_interfaces__rosidl_typesupport_introspection_c__pyext.dir/rosidl_generator_py/my_robot_interfaces/_my_robot_interfaces_s.ep.rosidl_typesupport_introspection_c.c.o[0m
[13.487s] [ 95%] [32mBuilding C object CMakeFiles/my_robot_interfaces__rosidl_typesupport_fastrtps_c__pyext.dir/rosidl_generator_py/my_robot_interfaces/_my_robot_interfaces_s.ep.rosidl_typesupport_fastrtps_c.c.o[0m
[13.664s] [ 96%] [32m[1mLinking C shared library rosidl_generator_py/my_robot_interfaces/my_robot_interfaces_s__rosidl_typesupport_c.cpython-38-x86_64-linux-gnu.so[0m
[13.739s] [ 98%] [32m[1mLinking C shared library rosidl_generator_py/my_robot_interfaces/my_robot_interfaces_s__rosidl_typesupport_introspection_c.cpython-38-x86_64-linux-gnu.so[0m
[13.745s] [100%] [32m[1mLinking CXX shared library rosidl_generator_py/my_robot_interfaces/my_robot_interfaces_s__rosidl_typesupport_fastrtps_c.cpython-38-x86_64-linux-gnu.so[0m
[13.748s] [100%] Built target my_robot_interfaces__rosidl_typesupport_c__pyext
[13.804s] [100%] Built target my_robot_interfaces__rosidl_typesupport_introspection_c__pyext
[13.858s] [100%] Built target my_robot_interfaces__rosidl_typesupport_fastrtps_c__pyext
[13.878s] Invoked command in '/home/nmolla/ros2_ws/build/my_robot_interfaces' returned '0': CMAKE_PREFIX_PATH=${CMAKE_PREFIX_PATH}:/opt/ros/galactic /usr/bin/cmake --build /home/nmolla/ros2_ws/build/my_robot_interfaces -- -j4 -l4
[14.076s] Invoking command in '/home/nmolla/ros2_ws/build/my_robot_interfaces': CMAKE_PREFIX_PATH=${CMAKE_PREFIX_PATH}:/opt/ros/galactic /usr/bin/cmake --install /home/nmolla/ros2_ws/build/my_robot_interfaces
[14.092s] -- Install configuration: ""
[14.093s] -- Installing: /home/nmolla/ros2_ws/install/my_robot_interfaces/share/ament_index/resource_index/rosidl_interfaces/my_robot_interfaces
[14.093s] -- Up-to-date: /home/nmolla/ros2_ws/install/my_robot_interfaces/include/my_robot_interfaces
[14.094s] -- Up-to-date: /home/nmolla/ros2_ws/install/my_robot_interfaces/include/my_robot_interfaces/srv
[14.094s] -- Installing: /home/nmolla/ros2_ws/install/my_robot_interfaces/include/my_robot_interfaces/srv/catch_turtle.h
[14.094s] -- Up-to-date: /home/nmolla/ros2_ws/install/my_robot_interfaces/include/my_robot_interfaces/srv/detail
[14.094s] -- Installing: /home/nmolla/ros2_ws/install/my_robot_interfaces/include/my_robot_interfaces/srv/detail/catch_turtle__type_support.h
[14.095s] -- Installing: /home/nmolla/ros2_ws/install/my_robot_interfaces/include/my_robot_interfaces/srv/detail/compute_rectangle_area__struct.h
[14.095s] -- Installing: /home/nmolla/ros2_ws/install/my_robot_interfaces/include/my_robot_interfaces/srv/detail/compute_rectangle_area__type_support.h
[14.095s] -- Installing: /home/nmolla/ros2_ws/install/my_robot_interfaces/include/my_robot_interfaces/srv/detail/compute_rectangle_area__functions.c
[14.095s] -- Installing: /home/nmolla/ros2_ws/install/my_robot_interfaces/include/my_robot_interfaces/srv/detail/catch_turtle__functions.h
[14.096s] -- Installing: /home/nmolla/ros2_ws/install/my_robot_interfaces/include/my_robot_interfaces/srv/detail/compute_rectangle_area__functions.h
[14.096s] -- Installing: /home/nmolla/ros2_ws/install/my_robot_interfaces/include/my_robot_interfaces/srv/detail/catch_turtle__functions.c
[14.096s] -- Installing: /home/nmolla/ros2_ws/install/my_robot_interfaces/include/my_robot_interfaces/srv/detail/catch_turtle__struct.h
[14.096s] -- Installing: /home/nmolla/ros2_ws/install/my_robot_interfaces/include/my_robot_interfaces/srv/compute_rectangle_area.h
[14.097s] -- Up-to-date: /home/nmolla/ros2_ws/install/my_robot_interfaces/include/my_robot_interfaces/msg
[14.097s] -- Installing: /home/nmolla/ros2_ws/install/my_robot_interfaces/include/my_robot_interfaces/msg/hardware_status.h
[14.097s] -- Up-to-date: /home/nmolla/ros2_ws/install/my_robot_interfaces/include/my_robot_interfaces/msg/rosidl_generator_c__visibility_control.h
[14.098s] -- Installing: /home/nmolla/ros2_ws/install/my_robot_interfaces/include/my_robot_interfaces/msg/turtle.h
[14.098s] -- Up-to-date: /home/nmolla/ros2_ws/install/my_robot_interfaces/include/my_robot_interfaces/msg/detail
[14.098s] -- Installing: /home/nmolla/ros2_ws/install/my_robot_interfaces/include/my_robot_interfaces/msg/detail/turtle__type_support.h
[14.098s] -- Installing: /home/nmolla/ros2_ws/install/my_robot_interfaces/include/my_robot_interfaces/msg/detail/turtle__functions.h
[14.099s] -- Installing: /home/nmolla/ros2_ws/install/my_robot_interfaces/include/my_robot_interfaces/msg/detail/turtle__struct.h
[14.099s] -- Installing: /home/nmolla/ros2_ws/install/my_robot_interfaces/include/my_robot_interfaces/msg/detail/hardware_status__functions.c
[14.099s] -- Installing: /home/nmolla/ros2_ws/install/my_robot_interfaces/include/my_robot_interfaces/msg/detail/turtle_array__functions.h
[14.099s] -- Installing: /home/nmolla/ros2_ws/install/my_robot_interfaces/include/my_robot_interfaces/msg/detail/hardware_status__type_support.h
[14.099s] -- Installing: /home/nmolla/ros2_ws/install/my_robot_interfaces/include/my_robot_interfaces/msg/detail/hardware_status__struct.h
[14.100s] -- Installing: /home/nmolla/ros2_ws/install/my_robot_interfaces/include/my_robot_interfaces/msg/detail/turtle_array__functions.c
[14.100s] -- Installing: /home/nmolla/ros2_ws/install/my_robot_interfaces/include/my_robot_interfaces/msg/detail/turtle__functions.c
[14.100s] -- Installing: /home/nmolla/ros2_ws/install/my_robot_interfaces/include/my_robot_interfaces/msg/detail/turtle_array__type_support.h
[14.100s] -- Installing: /home/nmolla/ros2_ws/install/my_robot_interfaces/include/my_robot_interfaces/msg/detail/turtle_array__struct.h
[14.101s] -- Installing: /home/nmolla/ros2_ws/install/my_robot_interfaces/include/my_robot_interfaces/msg/detail/hardware_status__functions.h
[14.101s] -- Installing: /home/nmolla/ros2_ws/install/my_robot_interfaces/include/my_robot_interfaces/msg/turtle_array.h
[14.101s] -- Up-to-date: /home/nmolla/ros2_ws/install/my_robot_interfaces/share/my_robot_interfaces/environment/library_path.sh
[14.101s] -- Installing: /home/nmolla/ros2_ws/install/my_robot_interfaces/share/my_robot_interfaces/environment/library_path.dsv
[14.102s] -- Installing: /home/nmolla/ros2_ws/install/my_robot_interfaces/lib/libmy_robot_interfaces__rosidl_generator_c.so
[14.103s] -- Set runtime path of "/home/nmolla/ros2_ws/install/my_robot_interfaces/lib/libmy_robot_interfaces__rosidl_generator_c.so" to ""
[14.103s] -- Up-to-date: /home/nmolla/ros2_ws/install/my_robot_interfaces/include/my_robot_interfaces
[14.103s] -- Up-to-date: /home/nmolla/ros2_ws/install/my_robot_interfaces/include/my_robot_interfaces/srv
[14.103s] -- Up-to-date: /home/nmolla/ros2_ws/install/my_robot_interfaces/include/my_robot_interfaces/srv/detail
[14.103s] -- Installing: /home/nmolla/ros2_ws/install/my_robot_interfaces/include/my_robot_interfaces/srv/detail/catch_turtle__rosidl_typesupport_fastrtps_c.h
[14.104s] -- Installing: /home/nmolla/ros2_ws/install/my_robot_interfaces/include/my_robot_interfaces/srv/detail/compute_rectangle_area__rosidl_typesupport_fastrtps_c.h
[14.104s] -- Up-to-date: /home/nmolla/ros2_ws/install/my_robot_interfaces/include/my_robot_interfaces/msg
[14.104s] -- Up-to-date: /home/nmolla/ros2_ws/install/my_robot_interfaces/include/my_robot_interfaces/msg/rosidl_typesupport_fastrtps_c__visibility_control.h
[14.104s] -- Up-to-date: /home/nmolla/ros2_ws/install/my_robot_interfaces/include/my_robot_interfaces/msg/detail
[14.104s] -- Installing: /home/nmolla/ros2_ws/install/my_robot_interfaces/include/my_robot_interfaces/msg/detail/hardware_status__rosidl_typesupport_fastrtps_c.h
[14.104s] -- Installing: /home/nmolla/ros2_ws/install/my_robot_interfaces/include/my_robot_interfaces/msg/detail/turtle__rosidl_typesupport_fastrtps_c.h
[14.105s] -- Installing: /home/nmolla/ros2_ws/install/my_robot_interfaces/include/my_robot_interfaces/msg/detail/turtle_array__rosidl_typesupport_fastrtps_c.h
[14.105s] -- Installing: /home/nmolla/ros2_ws/install/my_robot_interfaces/lib/libmy_robot_interfaces__rosidl_typesupport_fastrtps_c.so
[14.106s] -- Set runtime path of "/home/nmolla/ros2_ws/install/my_robot_interfaces/lib/libmy_robot_interfaces__rosidl_typesupport_fastrtps_c.so" to ""
[14.107s] -- Up-to-date: /home/nmolla/ros2_ws/install/my_robot_interfaces/include/my_robot_interfaces
[14.107s] -- Up-to-date: /home/nmolla/ros2_ws/install/my_robot_interfaces/include/my_robot_interfaces/srv
[14.107s] -- Up-to-date: /home/nmolla/ros2_ws/install/my_robot_interfaces/include/my_robot_interfaces/srv/detail
[14.107s] -- Installing: /home/nmolla/ros2_ws/install/my_robot_interfaces/include/my_robot_interfaces/srv/detail/catch_turtle__rosidl_typesupport_fastrtps_cpp.hpp
[14.108s] -- Up-to-date: /home/nmolla/ros2_ws/install/my_robot_interfaces/include/my_robot_interfaces/srv/detail/dds_fastrtps
[14.108s] -- Installing: /home/nmolla/ros2_ws/install/my_robot_interfaces/include/my_robot_interfaces/srv/detail/compute_rectangle_area__rosidl_typesupport_fastrtps_cpp.hpp
[14.108s] -- Up-to-date: /home/nmolla/ros2_ws/install/my_robot_interfaces/include/my_robot_interfaces/msg
[14.108s] -- Up-to-date: /home/nmolla/ros2_ws/install/my_robot_interfaces/include/my_robot_interfaces/msg/rosidl_typesupport_fastrtps_cpp__visibility_control.h
[14.109s] -- Up-to-date: /home/nmolla/ros2_ws/install/my_robot_interfaces/include/my_robot_interfaces/msg/detail
[14.109s] -- Installing: /home/nmolla/ros2_ws/install/my_robot_interfaces/include/my_robot_interfaces/msg/detail/turtle_array__rosidl_typesupport_fastrtps_cpp.hpp
[14.109s] -- Installing: /home/nmolla/ros2_ws/install/my_robot_interfaces/include/my_robot_interfaces/msg/detail/turtle__rosidl_typesupport_fastrtps_cpp.hpp
[14.109s] -- Up-to-date: /home/nmolla/ros2_ws/install/my_robot_interfaces/include/my_robot_interfaces/msg/detail/dds_fastrtps
[14.112s] -- Installing: /home/nmolla/ros2_ws/install/my_robot_interfaces/include/my_robot_interfaces/msg/detail/hardware_status__rosidl_typesupport_fastrtps_cpp.hpp
[14.112s] -- Installing: /home/nmolla/ros2_ws/install/my_robot_interfaces/lib/libmy_robot_interfaces__rosidl_typesupport_fastrtps_cpp.so
[14.112s] -- Set runtime path of "/home/nmolla/ros2_ws/install/my_robot_interfaces/lib/libmy_robot_interfaces__rosidl_typesupport_fastrtps_cpp.so" to ""
[14.112s] -- Up-to-date: /home/nmolla/ros2_ws/install/my_robot_interfaces/include/my_robot_interfaces
[14.113s] -- Up-to-date: /home/nmolla/ros2_ws/install/my_robot_interfaces/include/my_robot_interfaces/srv
[14.113s] -- Up-to-date: /home/nmolla/ros2_ws/install/my_robot_interfaces/include/my_robot_interfaces/srv/detail
[14.113s] -- Installing: /home/nmolla/ros2_ws/install/my_robot_interfaces/include/my_robot_interfaces/srv/detail/compute_rectangle_area__type_support.c
[14.113s] -- Installing: /home/nmolla/ros2_ws/install/my_robot_interfaces/include/my_robot_interfaces/srv/detail/catch_turtle__type_support.c
[14.113s] -- Installing: /home/nmolla/ros2_ws/install/my_robot_interfaces/include/my_robot_interfaces/srv/detail/compute_rectangle_area__rosidl_typesupport_introspection_c.h
[14.114s] -- Installing: /home/nmolla/ros2_ws/install/my_robot_interfaces/include/my_robot_interfaces/srv/detail/catch_turtle__rosidl_typesupport_introspection_c.h
[14.114s] -- Up-to-date: /home/nmolla/ros2_ws/install/my_robot_interfaces/include/my_robot_interfaces/msg
[14.114s] -- Up-to-date: /home/nmolla/ros2_ws/install/my_robot_interfaces/include/my_robot_interfaces/msg/detail
[14.114s] -- Installing: /home/nmolla/ros2_ws/install/my_robot_interfaces/include/my_robot_interfaces/msg/detail/turtle_array__type_support.c
[14.114s] -- Installing: /home/nmolla/ros2_ws/install/my_robot_interfaces/include/my_robot_interfaces/msg/detail/hardware_status__rosidl_typesupport_introspection_c.h
[14.114s] -- Installing: /home/nmolla/ros2_ws/install/my_robot_interfaces/include/my_robot_interfaces/msg/detail/turtle__rosidl_typesupport_introspection_c.h
[14.115s] -- Installing: /home/nmolla/ros2_ws/install/my_robot_interfaces/include/my_robot_interfaces/msg/detail/hardware_status__type_support.c
[14.115s] -- Installing: /home/nmolla/ros2_ws/install/my_robot_interfaces/include/my_robot_interfaces/msg/detail/turtle_array__rosidl_typesupport_introspection_c.h
[14.115s] -- Installing: /home/nmolla/ros2_ws/install/my_robot_interfaces/include/my_robot_interfaces/msg/detail/turtle__type_support.c
[14.115s] -- Up-to-date: /home/nmolla/ros2_ws/install/my_robot_interfaces/include/my_robot_interfaces/msg/rosidl_typesupport_introspection_c__visibility_control.h
[14.115s] -- Installing: /home/nmolla/ros2_ws/install/my_robot_interfaces/lib/libmy_robot_interfaces__rosidl_typesupport_introspection_c.so
[14.115s] -- Set runtime path of "/home/nmolla/ros2_ws/install/my_robot_interfaces/lib/libmy_robot_interfaces__rosidl_typesupport_introspection_c.so" to ""
[14.115s] -- Installing: /home/nmolla/ros2_ws/install/my_robot_interfaces/lib/libmy_robot_interfaces__rosidl_typesupport_c.so
[14.116s] -- Set runtime path of "/home/nmolla/ros2_ws/install/my_robot_interfaces/lib/libmy_robot_interfaces__rosidl_typesupport_c.so" to ""
[14.116s] -- Up-to-date: /home/nmolla/ros2_ws/install/my_robot_interfaces/include/my_robot_interfaces
[14.116s] -- Up-to-date: /home/nmolla/ros2_ws/install/my_robot_interfaces/include/my_robot_interfaces/srv
[14.117s] -- Up-to-date: /home/nmolla/ros2_ws/install/my_robot_interfaces/include/my_robot_interfaces/srv/detail
[14.117s] -- Installing: /home/nmolla/ros2_ws/install/my_robot_interfaces/include/my_robot_interfaces/srv/detail/catch_turtle__traits.hpp
[14.117s] -- Installing: /home/nmolla/ros2_ws/install/my_robot_interfaces/include/my_robot_interfaces/srv/detail/catch_turtle__builder.hpp
[14.117s] -- Installing: /home/nmolla/ros2_ws/install/my_robot_interfaces/include/my_robot_interfaces/srv/detail/compute_rectangle_area__traits.hpp
[14.117s] -- Installing: /home/nmolla/ros2_ws/install/my_robot_interfaces/include/my_robot_interfaces/srv/detail/compute_rectangle_area__builder.hpp
[14.118s] -- Installing: /home/nmolla/ros2_ws/install/my_robot_interfaces/include/my_robot_interfaces/srv/detail/compute_rectangle_area__struct.hpp
[14.118s] -- Installing: /home/nmolla/ros2_ws/install/my_robot_interfaces/include/my_robot_interfaces/srv/detail/catch_turtle__struct.hpp
[14.118s] -- Installing: /home/nmolla/ros2_ws/install/my_robot_interfaces/include/my_robot_interfaces/srv/compute_rectangle_area.hpp
[14.118s] -- Installing: /home/nmolla/ros2_ws/install/my_robot_interfaces/include/my_robot_interfaces/srv/catch_turtle.hpp
[14.118s] -- Up-to-date: /home/nmolla/ros2_ws/install/my_robot_interfaces/include/my_robot_interfaces/msg
[14.118s] -- Up-to-date: /home/nmolla/ros2_ws/install/my_robot_interfaces/include/my_robot_interfaces/msg/detail
[14.119s] -- Installing: /home/nmolla/ros2_ws/install/my_robot_interfaces/include/my_robot_interfaces/msg/detail/turtle_array__struct.hpp
[14.119s] -- Installing: /home/nmolla/ros2_ws/install/my_robot_interfaces/include/my_robot_interfaces/msg/detail/hardware_status__traits.hpp
[14.119s] -- Installing: /home/nmolla/ros2_ws/install/my_robot_interfaces/include/my_robot_interfaces/msg/detail/turtle__traits.hpp
[14.120s] -- Installing: /home/nmolla/ros2_ws/install/my_robot_interfaces/include/my_robot_interfaces/msg/detail/hardware_status__builder.hpp
[14.120s] -- Installing: /home/nmolla/ros2_ws/install/my_robot_interfaces/include/my_robot_interfaces/msg/detail/turtle_array__traits.hpp
[14.120s] -- Installing: /home/nmolla/ros2_ws/install/my_robot_interfaces/include/my_robot_interfaces/msg/detail/turtle__struct.hpp
[14.120s] -- Installing: /home/nmolla/ros2_ws/install/my_robot_interfaces/include/my_robot_interfaces/msg/detail/hardware_status__struct.hpp
[14.120s] -- Installing: /home/nmolla/ros2_ws/install/my_robot_interfaces/include/my_robot_interfaces/msg/detail/turtle__builder.hpp
[14.121s] -- Installing: /home/nmolla/ros2_ws/install/my_robot_interfaces/include/my_robot_interfaces/msg/detail/turtle_array__builder.hpp
[14.121s] -- Installing: /home/nmolla/ros2_ws/install/my_robot_interfaces/include/my_robot_interfaces/msg/turtle.hpp
[14.121s] -- Installing: /home/nmolla/ros2_ws/install/my_robot_interfaces/include/my_robot_interfaces/msg/turtle_array.hpp
[14.121s] -- Installing: /home/nmolla/ros2_ws/install/my_robot_interfaces/include/my_robot_interfaces/msg/hardware_status.hpp
[14.121s] -- Up-to-date: /home/nmolla/ros2_ws/install/my_robot_interfaces/include/my_robot_interfaces
[14.122s] -- Up-to-date: /home/nmolla/ros2_ws/install/my_robot_interfaces/include/my_robot_interfaces/srv
[14.122s] -- Up-to-date: /home/nmolla/ros2_ws/install/my_robot_interfaces/include/my_robot_interfaces/srv/detail
[14.122s] -- Installing: /home/nmolla/ros2_ws/install/my_robot_interfaces/include/my_robot_interfaces/srv/detail/compute_rectangle_area__rosidl_typesupport_introspection_cpp.hpp
[14.122s] -- Installing: /home/nmolla/ros2_ws/install/my_robot_interfaces/include/my_robot_interfaces/srv/detail/catch_turtle__rosidl_typesupport_introspection_cpp.hpp
[14.122s] -- Installing: /home/nmolla/ros2_ws/install/my_robot_interfaces/include/my_robot_interfaces/srv/detail/catch_turtle__type_support.cpp
[14.122s] -- Installing: /home/nmolla/ros2_ws/install/my_robot_interfaces/include/my_robot_interfaces/srv/detail/compute_rectangle_area__type_support.cpp
[14.123s] -- Up-to-date: /home/nmolla/ros2_ws/install/my_robot_interfaces/include/my_robot_interfaces/msg
[14.123s] -- Up-to-date: /home/nmolla/ros2_ws/install/my_robot_interfaces/include/my_robot_interfaces/msg/detail
[14.123s] -- Installing: /home/nmolla/ros2_ws/install/my_robot_interfaces/include/my_robot_interfaces/msg/detail/hardware_status__rosidl_typesupport_introspection_cpp.hpp
[14.123s] -- Installing: /home/nmolla/ros2_ws/install/my_robot_interfaces/include/my_robot_interfaces/msg/detail/turtle__type_support.cpp
[14.123s] -- Installing: /home/nmolla/ros2_ws/install/my_robot_interfaces/include/my_robot_interfaces/msg/detail/turtle_array__rosidl_typesupport_introspection_cpp.hpp
[14.124s] -- Installing: /home/nmolla/ros2_ws/install/my_robot_interfaces/include/my_robot_interfaces/msg/detail/hardware_status__type_support.cpp
[14.124s] -- Installing: /home/nmolla/ros2_ws/install/my_robot_interfaces/include/my_robot_interfaces/msg/detail/turtle_array__type_support.cpp
[14.124s] -- Installing: /home/nmolla/ros2_ws/install/my_robot_interfaces/include/my_robot_interfaces/msg/detail/turtle__rosidl_typesupport_introspection_cpp.hpp
[14.125s] -- Installing: /home/nmolla/ros2_ws/install/my_robot_interfaces/lib/libmy_robot_interfaces__rosidl_typesupport_introspection_cpp.so
[14.125s] -- Set runtime path of "/home/nmolla/ros2_ws/install/my_robot_interfaces/lib/libmy_robot_interfaces__rosidl_typesupport_introspection_cpp.so" to ""
[14.127s] -- Installing: /home/nmolla/ros2_ws/install/my_robot_interfaces/lib/libmy_robot_interfaces__rosidl_typesupport_cpp.so
[14.128s] -- Set runtime path of "/home/nmolla/ros2_ws/install/my_robot_interfaces/lib/libmy_robot_interfaces__rosidl_typesupport_cpp.so" to ""
[14.128s] -- Up-to-date: /home/nmolla/ros2_ws/install/my_robot_interfaces/share/my_robot_interfaces/environment/pythonpath.sh
[14.128s] -- Installing: /home/nmolla/ros2_ws/install/my_robot_interfaces/share/my_robot_interfaces/environment/pythonpath.dsv
[14.129s] -- Installing: /home/nmolla/ros2_ws/install/my_robot_interfaces/lib/python3.8/site-packages/my_robot_interfaces/__init__.py
[14.175s] Compiling '/home/nmolla/ros2_ws/install/my_robot_interfaces/lib/python3.8/site-packages/my_robot_interfaces/__init__.py'...
[14.182s] -- Up-to-date: /home/nmolla/ros2_ws/install/my_robot_interfaces/lib/python3.8/site-packages/my_robot_interfaces/msg
[14.182s] -- Installing: /home/nmolla/ros2_ws/install/my_robot_interfaces/lib/python3.8/site-packages/my_robot_interfaces/msg/_turtle_s.c
[14.182s] -- Installing: /home/nmolla/ros2_ws/install/my_robot_interfaces/lib/python3.8/site-packages/my_robot_interfaces/msg/_hardware_status.py
[14.183s] -- Installing: /home/nmolla/ros2_ws/install/my_robot_interfaces/lib/python3.8/site-packages/my_robot_interfaces/msg/_turtle.py
[14.183s] -- Installing: /home/nmolla/ros2_ws/install/my_robot_interfaces/lib/python3.8/site-packages/my_robot_interfaces/msg/_hardware_status_s.c
[14.183s] -- Installing: /home/nmolla/ros2_ws/install/my_robot_interfaces/lib/python3.8/site-packages/my_robot_interfaces/msg/_turtle_array.py
[14.183s] -- Installing: /home/nmolla/ros2_ws/install/my_robot_interfaces/lib/python3.8/site-packages/my_robot_interfaces/msg/__init__.py
[14.183s] -- Installing: /home/nmolla/ros2_ws/install/my_robot_interfaces/lib/python3.8/site-packages/my_robot_interfaces/msg/_turtle_array_s.c
[14.184s] -- Up-to-date: /home/nmolla/ros2_ws/install/my_robot_interfaces/lib/python3.8/site-packages/my_robot_interfaces/srv
[14.184s] -- Installing: /home/nmolla/ros2_ws/install/my_robot_interfaces/lib/python3.8/site-packages/my_robot_interfaces/srv/_catch_turtle.py
[14.184s] -- Installing: /home/nmolla/ros2_ws/install/my_robot_interfaces/lib/python3.8/site-packages/my_robot_interfaces/srv/_compute_rectangle_area_s.c
[14.184s] -- Installing: /home/nmolla/ros2_ws/install/my_robot_interfaces/lib/python3.8/site-packages/my_robot_interfaces/srv/_catch_turtle_s.c
[14.184s] -- Installing: /home/nmolla/ros2_ws/install/my_robot_interfaces/lib/python3.8/site-packages/my_robot_interfaces/srv/_compute_rectangle_area.py
[14.185s] -- Installing: /home/nmolla/ros2_ws/install/my_robot_interfaces/lib/python3.8/site-packages/my_robot_interfaces/srv/__init__.py
[14.186s] -- Installing: /home/nmolla/ros2_ws/install/my_robot_interfaces/lib/python3.8/site-packages/my_robot_interfaces/my_robot_interfaces_s__rosidl_typesupport_fastrtps_c.cpython-38-x86_64-linux-gnu.so
[14.187s] -- Set runtime path of "/home/nmolla/ros2_ws/install/my_robot_interfaces/lib/python3.8/site-packages/my_robot_interfaces/my_robot_interfaces_s__rosidl_typesupport_fastrtps_c.cpython-38-x86_64-linux-gnu.so" to ""
[14.188s] -- Installing: /home/nmolla/ros2_ws/install/my_robot_interfaces/lib/python3.8/site-packages/my_robot_interfaces/my_robot_interfaces_s__rosidl_typesupport_introspection_c.cpython-38-x86_64-linux-gnu.so
[14.189s] -- Set runtime path of "/home/nmolla/ros2_ws/install/my_robot_interfaces/lib/python3.8/site-packages/my_robot_interfaces/my_robot_interfaces_s__rosidl_typesupport_introspection_c.cpython-38-x86_64-linux-gnu.so" to ""
[14.190s] -- Installing: /home/nmolla/ros2_ws/install/my_robot_interfaces/lib/python3.8/site-packages/my_robot_interfaces/my_robot_interfaces_s__rosidl_typesupport_c.cpython-38-x86_64-linux-gnu.so
[14.191s] -- Set runtime path of "/home/nmolla/ros2_ws/install/my_robot_interfaces/lib/python3.8/site-packages/my_robot_interfaces/my_robot_interfaces_s__rosidl_typesupport_c.cpython-38-x86_64-linux-gnu.so" to ""
[14.193s] -- Installing: /home/nmolla/ros2_ws/install/my_robot_interfaces/lib/libmy_robot_interfaces__python.so
[14.194s] -- Set runtime path of "/home/nmolla/ros2_ws/install/my_robot_interfaces/lib/libmy_robot_interfaces__python.so" to ""
[14.194s] -- Up-to-date: /home/nmolla/ros2_ws/install/my_robot_interfaces/share/my_robot_interfaces/msg/HardwareStatus.idl
[14.194s] -- Up-to-date: /home/nmolla/ros2_ws/install/my_robot_interfaces/share/my_robot_interfaces/srv/ComputeRectangleArea.idl
[14.194s] -- Up-to-date: /home/nmolla/ros2_ws/install/my_robot_interfaces/share/my_robot_interfaces/msg/Turtle.idl
[14.195s] -- Up-to-date: /home/nmolla/ros2_ws/install/my_robot_interfaces/share/my_robot_interfaces/msg/TurtleArray.idl
[14.195s] -- Installing: /home/nmolla/ros2_ws/install/my_robot_interfaces/share/my_robot_interfaces/srv/CatchTurtle.idl
[14.195s] -- Up-to-date: /home/nmolla/ros2_ws/install/my_robot_interfaces/share/my_robot_interfaces/msg/HardwareStatus.msg
[14.195s] -- Up-to-date: /home/nmolla/ros2_ws/install/my_robot_interfaces/share/my_robot_interfaces/srv/ComputeRectangleArea.srv
[14.196s] -- Up-to-date: /home/nmolla/ros2_ws/install/my_robot_interfaces/share/my_robot_interfaces/srv/ComputeRectangleArea_Request.msg
[14.196s] -- Up-to-date: /home/nmolla/ros2_ws/install/my_robot_interfaces/share/my_robot_interfaces/srv/ComputeRectangleArea_Response.msg
[14.196s] -- Up-to-date: /home/nmolla/ros2_ws/install/my_robot_interfaces/share/my_robot_interfaces/msg/Turtle.msg
[14.196s] -- Up-to-date: /home/nmolla/ros2_ws/install/my_robot_interfaces/share/my_robot_interfaces/msg/TurtleArray.msg
[14.196s] -- Installing: /home/nmolla/ros2_ws/install/my_robot_interfaces/share/my_robot_interfaces/srv/CatchTurtle.srv
[14.197s] -- Installing: /home/nmolla/ros2_ws/install/my_robot_interfaces/share/my_robot_interfaces/srv/CatchTurtle_Request.msg
[14.197s] -- Installing: /home/nmolla/ros2_ws/install/my_robot_interfaces/share/my_robot_interfaces/srv/CatchTurtle_Response.msg
[14.197s] -- Up-to-date: /home/nmolla/ros2_ws/install/my_robot_interfaces/share/ament_index/resource_index/package_run_dependencies/my_robot_interfaces
[14.197s] -- Up-to-date: /home/nmolla/ros2_ws/install/my_robot_interfaces/share/ament_index/resource_index/parent_prefix_path/my_robot_interfaces
[14.197s] -- Up-to-date: /home/nmolla/ros2_ws/install/my_robot_interfaces/share/my_robot_interfaces/environment/ament_prefix_path.sh
[14.198s] -- Installing: /home/nmolla/ros2_ws/install/my_robot_interfaces/share/my_robot_interfaces/environment/ament_prefix_path.dsv
[14.198s] -- Up-to-date: /home/nmolla/ros2_ws/install/my_robot_interfaces/share/my_robot_interfaces/environment/path.sh
[14.198s] -- Installing: /home/nmolla/ros2_ws/install/my_robot_interfaces/share/my_robot_interfaces/environment/path.dsv
[14.198s] -- Up-to-date: /home/nmolla/ros2_ws/install/my_robot_interfaces/share/my_robot_interfaces/local_setup.bash
[14.199s] -- Up-to-date: /home/nmolla/ros2_ws/install/my_robot_interfaces/share/my_robot_interfaces/local_setup.sh
[14.199s] -- Up-to-date: /home/nmolla/ros2_ws/install/my_robot_interfaces/share/my_robot_interfaces/local_setup.zsh
[14.199s] -- Installing: /home/nmolla/ros2_ws/install/my_robot_interfaces/share/my_robot_interfaces/local_setup.dsv
[14.199s] -- Installing: /home/nmolla/ros2_ws/install/my_robot_interfaces/share/my_robot_interfaces/package.dsv
[14.199s] -- Up-to-date: /home/nmolla/ros2_ws/install/my_robot_interfaces/share/ament_index/resource_index/packages/my_robot_interfaces
[14.199s] -- Up-to-date: /home/nmolla/ros2_ws/install/my_robot_interfaces/share/my_robot_interfaces/cmake/my_robot_interfaces__rosidl_generator_cExport.cmake
[14.200s] -- Installing: /home/nmolla/ros2_ws/install/my_robot_interfaces/share/my_robot_interfaces/cmake/my_robot_interfaces__rosidl_generator_cExport-noconfig.cmake
[14.200s] -- Up-to-date: /home/nmolla/ros2_ws/install/my_robot_interfaces/share/my_robot_interfaces/cmake/my_robot_interfaces__rosidl_typesupport_introspection_cExport.cmake
[14.200s] -- Installing: /home/nmolla/ros2_ws/install/my_robot_interfaces/share/my_robot_interfaces/cmake/my_robot_interfaces__rosidl_typesupport_introspection_cExport-noconfig.cmake
[14.201s] -- Up-to-date: /home/nmolla/ros2_ws/install/my_robot_interfaces/share/my_robot_interfaces/cmake/my_robot_interfaces__rosidl_typesupport_cExport.cmake
[14.201s] -- Installing: /home/nmolla/ros2_ws/install/my_robot_interfaces/share/my_robot_interfaces/cmake/my_robot_interfaces__rosidl_typesupport_cExport-noconfig.cmake
[14.202s] -- Up-to-date: /home/nmolla/ros2_ws/install/my_robot_interfaces/share/my_robot_interfaces/cmake/my_robot_interfaces__rosidl_generator_cppExport.cmake
[14.202s] -- Up-to-date: /home/nmolla/ros2_ws/install/my_robot_interfaces/share/my_robot_interfaces/cmake/my_robot_interfaces__rosidl_typesupport_introspection_cppExport.cmake
[14.202s] -- Installing: /home/nmolla/ros2_ws/install/my_robot_interfaces/share/my_robot_interfaces/cmake/my_robot_interfaces__rosidl_typesupport_introspection_cppExport-noconfig.cmake
[14.203s] -- Up-to-date: /home/nmolla/ros2_ws/install/my_robot_interfaces/share/my_robot_interfaces/cmake/my_robot_interfaces__rosidl_typesupport_cppExport.cmake
[14.203s] -- Installing: /home/nmolla/ros2_ws/install/my_robot_interfaces/share/my_robot_interfaces/cmake/my_robot_interfaces__rosidl_typesupport_cppExport-noconfig.cmake
[14.203s] -- Installing: /home/nmolla/ros2_ws/install/my_robot_interfaces/share/my_robot_interfaces/cmake/rosidl_cmake-extras.cmake
[14.203s] -- Up-to-date: /home/nmolla/ros2_ws/install/my_robot_interfaces/share/my_robot_interfaces/cmake/ament_cmake_export_dependencies-extras.cmake
[14.204s] -- Up-to-date: /home/nmolla/ros2_ws/install/my_robot_interfaces/share/my_robot_interfaces/cmake/ament_cmake_export_libraries-extras.cmake
[14.204s] -- Up-to-date: /home/nmolla/ros2_ws/install/my_robot_interfaces/share/my_robot_interfaces/cmake/ament_cmake_export_targets-extras.cmake
[14.204s] -- Up-to-date: /home/nmolla/ros2_ws/install/my_robot_interfaces/share/my_robot_interfaces/cmake/ament_cmake_export_include_directories-extras.cmake
[14.205s] -- Up-to-date: /home/nmolla/ros2_ws/install/my_robot_interfaces/share/my_robot_interfaces/cmake/rosidl_cmake_export_typesupport_libraries-extras.cmake
[14.205s] -- Up-to-date: /home/nmolla/ros2_ws/install/my_robot_interfaces/share/my_robot_interfaces/cmake/rosidl_cmake_export_typesupport_targets-extras.cmake
[14.205s] -- Up-to-date: /home/nmolla/ros2_ws/install/my_robot_interfaces/share/my_robot_interfaces/cmake/my_robot_interfacesConfig.cmake
[14.205s] -- Up-to-date: /home/nmolla/ros2_ws/install/my_robot_interfaces/share/my_robot_interfaces/cmake/my_robot_interfacesConfig-version.cmake
[14.205s] -- Up-to-date: /home/nmolla/ros2_ws/install/my_robot_interfaces/share/my_robot_interfaces/package.xml
[14.214s] Invoked command in '/home/nmolla/ros2_ws/build/my_robot_interfaces' returned '0': CMAKE_PREFIX_PATH=${CMAKE_PREFIX_PATH}:/opt/ros/galactic /usr/bin/cmake --install /home/nmolla/ros2_ws/build/my_robot_interfaces
