[0.039s] Invoking command in '/home/nmolla/ros2_ws/build/my_cpp_pkg': CMAKE_PREFIX_PATH=${CMAKE_PREFIX_PATH}:/opt/ros/galactic /usr/bin/cmake --build /home/nmolla/ros2_ws/build/my_cpp_pkg -- -j4 -l4
[0.098s] -- Found ament_cmake: 1.1.6 (/opt/ros/galactic/share/ament_cmake/cmake)
[0.147s] -- Using PYTHON_EXECUTABLE: /usr/bin/python3
[0.292s] -- Found rclcpp: 9.2.2 (/opt/ros/galactic/share/rclcpp/cmake)
[0.367s] -- Using all available rosidl_typesupport_c: rosidl_typesupport_fastrtps_c;rosidl_typesupport_introspection_c
[0.374s] -- Found rosidl_adapter: 2.2.3 (/opt/ros/galactic/share/rosidl_adapter/cmake)
[0.599s] -- Using all available rosidl_typesupport_cpp: rosidl_typesupport_fastrtps_cpp;rosidl_typesupport_introspection_cpp
[0.710s] -- Found rmw_implementation_cmake: 3.3.1 (/opt/ros/galactic/share/rmw_implementation_cmake/cmake)
[0.713s] -- Found rmw_cyclonedds_cpp: 0.22.6 (/opt/ros/galactic/share/rmw_cyclonedds_cpp/cmake)
[0.753s] -- Using RMW implementation 'rmw_cyclonedds_cpp' as default
[1.056s] -- Found example_interfaces: 0.9.2 (/opt/ros/galactic/share/example_interfaces/cmake)
[1.489s] -- Configuring done
[1.571s] -- Generating done
[1.576s] -- Build files have been written to: /home/nmolla/ros2_ws/build/my_cpp_pkg
[1.690s] [ 12%] Built target cpp_node
[1.698s] [ 25%] Built target number_publisher
[1.712s] [ 37%] Built target number_counter
[1.771s] [ 50%] Built target smartphone
[1.782s] [ 62%] Built target robot_news_station
[1.790s] [ 75%] Built target add_two_ints_server
[1.810s] [35m[1mScanning dependencies of target add_two_ints_client[0m
[1.845s] [ 87%] Built target add_two_ints_client_no_oop
[1.904s] [ 93%] [32mBuilding CXX object CMakeFiles/add_two_ints_client.dir/src/add_two_ints_client.cpp.o[0m
[5.685s] In file included from [01m[K/opt/ros/galactic/include/rclcpp/client.hpp:40[m[K,
[5.686s]                  from [01m[K/opt/ros/galactic/include/rclcpp/callback_group.hpp:23[m[K,
[5.686s]                  from [01m[K/opt/ros/galactic/include/rclcpp/any_executable.hpp:20[m[K,
[5.686s]                  from [01m[K/opt/ros/galactic/include/rclcpp/memory_strategy.hpp:25[m[K,
[5.686s]                  from [01m[K/opt/ros/galactic/include/rclcpp/memory_strategies.hpp:18[m[K,
[5.686s]                  from [01m[K/opt/ros/galactic/include/rclcpp/executor_options.hpp:20[m[K,
[5.686s]                  from [01m[K/opt/ros/galactic/include/rclcpp/executor.hpp:36[m[K,
[5.686s]                  from [01m[K/opt/ros/galactic/include/rclcpp/executors/multi_threaded_executor.hpp:26[m[K,
[5.686s]                  from [01m[K/opt/ros/galactic/include/rclcpp/executors.hpp:21[m[K,
[5.686s]                  from [01m[K/opt/ros/galactic/include/rclcpp/rclcpp.hpp:156[m[K,
[5.687s]                  from [01m[K/home/nmolla/ros2_ws/src/my_cpp_pkg/src/add_two_ints_client.cpp:1[m[K:
[5.687s] [01m[K/home/nmolla/ros2_ws/src/my_cpp_pkg/src/add_two_ints_client.cpp:[m[K In member function ‘[01m[Kvoid AddTwoIntsClientNode::callAddTwoIntsServoce(int, int)[m[K’:
[5.687s] [01m[K/home/nmolla/ros2_ws/src/my_cpp_pkg/src/add_two_ints_client.cpp:35:41:[m[K [01;35m[Kwarning: [m[Kformat ‘[01m[K%d[m[K’ expects argument of type ‘[01m[Kint[m[K’, but argument 5 has type ‘[01m[Kexample_interfaces::srv::AddTwoInts_Request_<std::allocator<void> >::_a_type[m[K’ {aka ‘[01m[Klong int[m[K’} [[01;35m[K-Wformat=[m[K]
[5.687s]    35 |         RCLCPP_INFO(this->get_logger(), [01;35m[K"%d + %d = %d"[m[K, [32m[Krequest->a[m[K, request->b, future.get()->sum);
[5.687s]       |                                         [01;35m[K^~~~~~~~~~~~~~[m[K  [32m[K~~~~~~~~~~[m[K
[5.687s]       |                                                                  [32m[K|[m[K
[5.687s]       |                                                                  [32m[Kexample_interfaces::srv::AddTwoInts_Request_<std::allocator<void> >::_a_type {aka long int}[m[K
[5.687s] [01m[K/home/nmolla/ros2_ws/src/my_cpp_pkg/src/add_two_ints_client.cpp:35:43:[m[K [01;36m[Knote: [m[Kformat string is defined here
[5.687s]    35 |         RCLCPP_INFO(this->get_logger(), "[01;36m[K%d[m[K + %d = %d", request->a, request->b, future.get()->sum);
[5.687s]       |                                          [01;36m[K~^[m[K
[5.687s]       |                                           [01;36m[K|[m[K
[5.687s]       |                                           [01;36m[Kint[m[K
[5.688s]       |                                          [32m[K%ld[m[K
[5.688s] In file included from [01m[K/opt/ros/galactic/include/rclcpp/client.hpp:40[m[K,
[5.688s]                  from [01m[K/opt/ros/galactic/include/rclcpp/callback_group.hpp:23[m[K,
[5.688s]                  from [01m[K/opt/ros/galactic/include/rclcpp/any_executable.hpp:20[m[K,
[5.688s]                  from [01m[K/opt/ros/galactic/include/rclcpp/memory_strategy.hpp:25[m[K,
[5.688s]                  from [01m[K/opt/ros/galactic/include/rclcpp/memory_strategies.hpp:18[m[K,
[5.688s]                  from [01m[K/opt/ros/galactic/include/rclcpp/executor_options.hpp:20[m[K,
[5.688s]                  from [01m[K/opt/ros/galactic/include/rclcpp/executor.hpp:36[m[K,
[5.688s]                  from [01m[K/opt/ros/galactic/include/rclcpp/executors/multi_threaded_executor.hpp:26[m[K,
[5.688s]                  from [01m[K/opt/ros/galactic/include/rclcpp/executors.hpp:21[m[K,
[5.688s]                  from [01m[K/opt/ros/galactic/include/rclcpp/rclcpp.hpp:156[m[K,
[5.688s]                  from [01m[K/home/nmolla/ros2_ws/src/my_cpp_pkg/src/add_two_ints_client.cpp:1[m[K:
[5.689s] [01m[K/home/nmolla/ros2_ws/src/my_cpp_pkg/src/add_two_ints_client.cpp:35:41:[m[K [01;35m[Kwarning: [m[Kformat ‘[01m[K%d[m[K’ expects argument of type ‘[01m[Kint[m[K’, but argument 6 has type ‘[01m[Kexample_interfaces::srv::AddTwoInts_Request_<std::allocator<void> >::_b_type[m[K’ {aka ‘[01m[Klong int[m[K’} [[01;35m[K-Wformat=[m[K]
[5.689s]    35 |         RCLCPP_INFO(this->get_logger(), [01;35m[K"%d + %d = %d"[m[K, request->a, [32m[Krequest->b[m[K, future.get()->sum);
[5.689s]       |                                         [01;35m[K^~~~~~~~~~~~~~[m[K              [32m[K~~~~~~~~~~[m[K
[5.689s]       |                                                                              [32m[K|[m[K
[5.689s]       |                                                                              [32m[Kexample_interfaces::srv::AddTwoInts_Request_<std::allocator<void> >::_b_type {aka long int}[m[K
[5.689s] [01m[K/home/nmolla/ros2_ws/src/my_cpp_pkg/src/add_two_ints_client.cpp:35:48:[m[K [01;36m[Knote: [m[Kformat string is defined here
[5.689s]    35 |         RCLCPP_INFO(this->get_logger(), "%d + [01;36m[K%d[m[K = %d", request->a, request->b, future.get()->sum);
[5.690s]       |                                               [01;36m[K~^[m[K
[5.690s]       |                                                [01;36m[K|[m[K
[5.690s]       |                                                [01;36m[Kint[m[K
[5.690s]       |                                               [32m[K%ld[m[K
[5.690s] In file included from [01m[K/opt/ros/galactic/include/rclcpp/client.hpp:40[m[K,
[5.690s]                  from [01m[K/opt/ros/galactic/include/rclcpp/callback_group.hpp:23[m[K,
[5.690s]                  from [01m[K/opt/ros/galactic/include/rclcpp/any_executable.hpp:20[m[K,
[5.690s]                  from [01m[K/opt/ros/galactic/include/rclcpp/memory_strategy.hpp:25[m[K,
[5.690s]                  from [01m[K/opt/ros/galactic/include/rclcpp/memory_strategies.hpp:18[m[K,
[5.690s]                  from [01m[K/opt/ros/galactic/include/rclcpp/executor_options.hpp:20[m[K,
[5.690s]                  from [01m[K/opt/ros/galactic/include/rclcpp/executor.hpp:36[m[K,
[5.690s]                  from [01m[K/opt/ros/galactic/include/rclcpp/executors/multi_threaded_executor.hpp:26[m[K,
[5.691s]                  from [01m[K/opt/ros/galactic/include/rclcpp/executors.hpp:21[m[K,
[5.691s]                  from [01m[K/opt/ros/galactic/include/rclcpp/rclcpp.hpp:156[m[K,
[5.691s]                  from [01m[K/home/nmolla/ros2_ws/src/my_cpp_pkg/src/add_two_ints_client.cpp:1[m[K:
[5.691s] [01m[K/home/nmolla/ros2_ws/src/my_cpp_pkg/src/add_two_ints_client.cpp:35:41:[m[K [01;35m[Kwarning: [m[Kformat ‘[01m[K%d[m[K’ expects argument of type ‘[01m[Kint[m[K’, but argument 7 has type ‘[01m[Kexample_interfaces::srv::AddTwoInts_Response_<std::allocator<void> >::_sum_type[m[K’ {aka ‘[01m[Klong int[m[K’} [[01;35m[K-Wformat=[m[K]
[5.691s]    35 |         RCLCPP_INFO(this->get_logger(), [01;35m[K"%d + %d = %d"[m[K, request->a, request->b, [32m[Kfuture.get()->sum[m[K);
[5.691s]       |                                         [01;35m[K^~~~~~~~~~~~~~[m[K                          [32m[K~~~~~~~~~~~~~~~~~[m[K
[5.691s]       |                                                                                               [32m[K|[m[K
[5.691s]       |                                                                                               [32m[Kexample_interfaces::srv::AddTwoInts_Response_<std::allocator<void> >::_sum_type {aka long int}[m[K
[5.691s] [01m[K/home/nmolla/ros2_ws/src/my_cpp_pkg/src/add_two_ints_client.cpp:35:53:[m[K [01;36m[Knote: [m[Kformat string is defined here
[5.691s]    35 |         RCLCPP_INFO(this->get_logger(), "%d + %d = [01;36m[K%d[m[K", request->a, request->b, future.get()->sum);
[5.691s]       |                                                    [01;36m[K~^[m[K
[5.691s]       |                                                     [01;36m[K|[m[K
[5.691s]       |                                                     [01;36m[Kint[m[K
[5.692s]       |                                                    [32m[K%ld[m[K
[8.334s] [100%] [32m[1mLinking CXX executable add_two_ints_client[0m
[8.809s] [100%] Built target add_two_ints_client
[8.827s] Invoked command in '/home/nmolla/ros2_ws/build/my_cpp_pkg' returned '0': CMAKE_PREFIX_PATH=${CMAKE_PREFIX_PATH}:/opt/ros/galactic /usr/bin/cmake --build /home/nmolla/ros2_ws/build/my_cpp_pkg -- -j4 -l4
[8.933s] Invoking command in '/home/nmolla/ros2_ws/build/my_cpp_pkg': CMAKE_PREFIX_PATH=${CMAKE_PREFIX_PATH}:/opt/ros/galactic /usr/bin/cmake --install /home/nmolla/ros2_ws/build/my_cpp_pkg
[8.947s] -- Install configuration: ""
[8.948s] -- Up-to-date: /home/nmolla/ros2_ws/install/my_cpp_pkg/lib/my_cpp_pkg/cpp_node
[8.948s] -- Up-to-date: /home/nmolla/ros2_ws/install/my_cpp_pkg/lib/my_cpp_pkg/robot_news_station
[8.949s] -- Up-to-date: /home/nmolla/ros2_ws/install/my_cpp_pkg/lib/my_cpp_pkg/smartphone
[8.950s] -- Up-to-date: /home/nmolla/ros2_ws/install/my_cpp_pkg/lib/my_cpp_pkg/number_publisher
[8.950s] -- Up-to-date: /home/nmolla/ros2_ws/install/my_cpp_pkg/lib/my_cpp_pkg/number_counter
[8.951s] -- Up-to-date: /home/nmolla/ros2_ws/install/my_cpp_pkg/lib/my_cpp_pkg/add_two_ints_server
[8.953s] -- Up-to-date: /home/nmolla/ros2_ws/install/my_cpp_pkg/lib/my_cpp_pkg/add_two_ints_client_no_oop
[8.954s] -- Installing: /home/nmolla/ros2_ws/install/my_cpp_pkg/lib/my_cpp_pkg/add_two_ints_client
[8.956s] -- Set runtime path of "/home/nmolla/ros2_ws/install/my_cpp_pkg/lib/my_cpp_pkg/add_two_ints_client" to ""
[8.956s] -- Up-to-date: /home/nmolla/ros2_ws/install/my_cpp_pkg/share/ament_index/resource_index/package_run_dependencies/my_cpp_pkg
[8.956s] -- Up-to-date: /home/nmolla/ros2_ws/install/my_cpp_pkg/share/ament_index/resource_index/parent_prefix_path/my_cpp_pkg
[8.957s] -- Up-to-date: /home/nmolla/ros2_ws/install/my_cpp_pkg/share/my_cpp_pkg/environment/ament_prefix_path.sh
[8.957s] -- Installing: /home/nmolla/ros2_ws/install/my_cpp_pkg/share/my_cpp_pkg/environment/ament_prefix_path.dsv
[8.957s] -- Up-to-date: /home/nmolla/ros2_ws/install/my_cpp_pkg/share/my_cpp_pkg/environment/path.sh
[8.957s] -- Installing: /home/nmolla/ros2_ws/install/my_cpp_pkg/share/my_cpp_pkg/environment/path.dsv
[8.957s] -- Up-to-date: /home/nmolla/ros2_ws/install/my_cpp_pkg/share/my_cpp_pkg/local_setup.bash
[8.958s] -- Up-to-date: /home/nmolla/ros2_ws/install/my_cpp_pkg/share/my_cpp_pkg/local_setup.sh
[8.958s] -- Up-to-date: /home/nmolla/ros2_ws/install/my_cpp_pkg/share/my_cpp_pkg/local_setup.zsh
[8.958s] -- Installing: /home/nmolla/ros2_ws/install/my_cpp_pkg/share/my_cpp_pkg/local_setup.dsv
[8.958s] -- Installing: /home/nmolla/ros2_ws/install/my_cpp_pkg/share/my_cpp_pkg/package.dsv
[8.958s] -- Up-to-date: /home/nmolla/ros2_ws/install/my_cpp_pkg/share/ament_index/resource_index/packages/my_cpp_pkg
[8.958s] -- Up-to-date: /home/nmolla/ros2_ws/install/my_cpp_pkg/share/my_cpp_pkg/cmake/my_cpp_pkgConfig.cmake
[8.959s] -- Up-to-date: /home/nmolla/ros2_ws/install/my_cpp_pkg/share/my_cpp_pkg/cmake/my_cpp_pkgConfig-version.cmake
[8.959s] -- Up-to-date: /home/nmolla/ros2_ws/install/my_cpp_pkg/share/my_cpp_pkg/package.xml
[8.964s] Invoked command in '/home/nmolla/ros2_ws/build/my_cpp_pkg' returned '0': CMAKE_PREFIX_PATH=${CMAKE_PREFIX_PATH}:/opt/ros/galactic /usr/bin/cmake --install /home/nmolla/ros2_ws/build/my_cpp_pkg
