[0.021s] Invoking command in '/home/nmolla/ros2_ws/build/my_robot_interfaces': CMAKE_PREFIX_PATH=${CMAKE_PREFIX_PATH}:/opt/ros/galactic /usr/bin/cmake /home/nmolla/ros2_ws/src/my_robot_interfaces -DCMAKE_INSTALL_PREFIX=/home/nmolla/ros2_ws/install/my_robot_interfaces
[0.202s] -- The C compiler identification is GNU 9.4.0
[0.295s] -- The CXX compiler identification is GNU 9.4.0
[0.304s] -- Check for working C compiler: /usr/bin/cc
[0.403s] -- Check for working C compiler: /usr/bin/cc -- works
[0.404s] -- Detecting C compiler ABI info
[0.502s] -- Detecting C compiler ABI info - done
[0.516s] -- Detecting C compile features
[0.517s] -- Detecting C compile features - done
[0.521s] -- Check for working CXX compiler: /usr/bin/c++
[0.633s] -- Check for working CXX compiler: /usr/bin/c++ -- works
[0.634s] -- Detecting CXX compiler ABI info
[0.746s] -- Detecting CXX compiler ABI info - done
[0.760s] -- Detecting CXX compile features
[0.761s] -- Detecting CXX compile features - done
[0.771s] -- Found ament_cmake: 1.1.6 (/opt/ros/galactic/share/ament_cmake/cmake)
[0.811s] -- Found PythonInterp: /usr/bin/python3 (found suitable version "3.8.10", minimum required is "3") 
[0.811s] -- Using PYTHON_EXECUTABLE: /usr/bin/python3
[0.926s] -- Found rosidl_default_generators: 1.1.1 (/opt/ros/galactic/share/rosidl_default_generators/cmake)
[0.934s] -- Using all available rosidl_typesupport_c: rosidl_typesupport_fastrtps_c;rosidl_typesupport_introspection_c
[0.944s] -- Found rosidl_adapter: 2.2.3 (/opt/ros/galactic/share/rosidl_adapter/cmake)
[1.104s] -- Found OpenSSL: /usr/lib/x86_64-linux-gnu/libcrypto.so (found version "1.1.1f")  
[1.141s] -- Found FastRTPS: /opt/ros/galactic/include  
[1.249s] -- Using all available rosidl_typesupport_cpp: rosidl_typesupport_fastrtps_cpp;rosidl_typesupport_introspection_cpp
[1.312s] -- Found PythonInterp: /usr/bin/python3 (found version "3.8.10") 
[1.468s] -- Found ament_cmake_ros: 0.9.2 (/opt/ros/galactic/share/ament_cmake_ros/cmake)
[1.597s] -- Using all available rosidl_typesupport_c: rosidl_typesupport_fastrtps_c;rosidl_typesupport_introspection_c
[1.608s] -- Using all available rosidl_typesupport_cpp: rosidl_typesupport_fastrtps_cpp;rosidl_typesupport_introspection_cpp
[1.639s] -- Found PythonInterp: /usr/bin/python3 (found suitable version "3.8.10", minimum required is "3.5") 
[1.642s] -- Found python_cmake_module: 0.8.1 (/opt/ros/galactic/share/python_cmake_module/cmake)
[1.678s] -- Found PythonLibs: /usr/lib/x86_64-linux-gnu/libpython3.8.so (found suitable version "3.8.10", minimum required is "3.5") 
[1.678s] -- Using PYTHON_EXECUTABLE: /usr/bin/python3
[1.678s] -- Using PYTHON_INCLUDE_DIRS: /usr/include/python3.8
[1.678s] -- Using PYTHON_LIBRARIES: /usr/lib/x86_64-linux-gnu/libpython3.8.so
[1.706s] -- Found PythonExtra: .so  
[1.773s] -- Configuring done
[1.816s] -- Generating done
[1.819s] -- Build files have been written to: /home/nmolla/ros2_ws/build/my_robot_interfaces
[1.827s] Invoked command in '/home/nmolla/ros2_ws/build/my_robot_interfaces' returned '0': CMAKE_PREFIX_PATH=${CMAKE_PREFIX_PATH}:/opt/ros/galactic /usr/bin/cmake /home/nmolla/ros2_ws/src/my_robot_interfaces -DCMAKE_INSTALL_PREFIX=/home/nmolla/ros2_ws/install/my_robot_interfaces
[1.832s] Invoking command in '/home/nmolla/ros2_ws/build/my_robot_interfaces': CMAKE_PREFIX_PATH=${CMAKE_PREFIX_PATH}:/opt/ros/galactic /usr/bin/cmake --build /home/nmolla/ros2_ws/build/my_robot_interfaces -- -j4 -l4
[1.889s] [  3%] [34m[1mGenerating C code for ROS interfaces[0m
[1.889s] [35m[1mScanning dependencies of target my_robot_interfaces__cpp[0m
[1.904s] [  6%] [34m[1mGenerating C++ code for ROS interfaces[0m
[2.234s] [  6%] Built target my_robot_interfaces__cpp
[2.256s] [  9%] [34m[1mGenerating C++ type support dispatch for ROS interfaces[0m
[2.256s] [ 12%] [34m[1mGenerating C++ type support for eProsima Fast-RTPS[0m
[2.256s] [35m[1mScanning dependencies of target my_robot_interfaces__rosidl_generator_c[0m
[2.260s] [ 16%] [34m[1mGenerating C++ introspection for ROS interfaces[0m
[2.282s] [ 19%] [32mBuilding C object CMakeFiles/my_robot_interfaces__rosidl_generator_c.dir/rosidl_generator_c/my_robot_interfaces/msg/detail/hardware_status__functions.c.o[0m
[2.390s] [ 22%] [32m[1mLinking C shared library libmy_robot_interfaces__rosidl_generator_c.so[0m
[2.462s] [ 22%] Built target my_robot_interfaces__rosidl_generator_c
[2.482s] [ 25%] [34m[1mGenerating C introspection for ROS interfaces[0m
[2.703s] [35m[1mScanning dependencies of target my_robot_interfaces__rosidl_typesupport_cpp[0m
[2.731s] [ 29%] [32mBuilding CXX object CMakeFiles/my_robot_interfaces__rosidl_typesupport_cpp.dir/rosidl_typesupport_cpp/my_robot_interfaces/msg/hardware_status__type_support.cpp.o[0m
[2.735s] [35m[1mScanning dependencies of target my_robot_interfaces__rosidl_typesupport_introspection_cpp[0m
[2.737s] [35m[1mScanning dependencies of target my_robot_interfaces__rosidl_typesupport_fastrtps_cpp[0m
[2.771s] [ 32%] [32mBuilding CXX object CMakeFiles/my_robot_interfaces__rosidl_typesupport_introspection_cpp.dir/rosidl_typesupport_introspection_cpp/my_robot_interfaces/msg/detail/hardware_status__type_support.cpp.o[0m
[2.777s] [ 35%] [32mBuilding CXX object CMakeFiles/my_robot_interfaces__rosidl_typesupport_fastrtps_cpp.dir/rosidl_typesupport_fastrtps_cpp/my_robot_interfaces/msg/detail/dds_fastrtps/hardware_status__type_support.cpp.o[0m
[2.974s] [35m[1mScanning dependencies of target my_robot_interfaces__rosidl_typesupport_introspection_c[0m
[3.004s] [ 38%] [32mBuilding C object CMakeFiles/my_robot_interfaces__rosidl_typesupport_introspection_c.dir/rosidl_typesupport_introspection_c/my_robot_interfaces/msg/detail/hardware_status__type_support.c.o[0m
[3.079s] [ 41%] [32m[1mLinking C shared library libmy_robot_interfaces__rosidl_typesupport_introspection_c.so[0m
[3.148s] [ 41%] Built target my_robot_interfaces__rosidl_typesupport_introspection_c
[3.171s] [ 45%] [34m[1mGenerating C type support dispatch for ROS interfaces[0m
[3.401s] [ 48%] [32m[1mLinking CXX shared library libmy_robot_interfaces__rosidl_typesupport_cpp.so[0m
[3.456s] [ 51%] [32m[1mLinking CXX shared library libmy_robot_interfaces__rosidl_typesupport_introspection_cpp.so[0m
[3.540s] [ 51%] Built target my_robot_interfaces__rosidl_typesupport_cpp
[3.635s] [ 51%] Built target my_robot_interfaces__rosidl_typesupport_introspection_cpp
[3.740s] [35m[1mScanning dependencies of target my_robot_interfaces__rosidl_typesupport_c[0m
[3.762s] [ 54%] [32mBuilding CXX object CMakeFiles/my_robot_interfaces__rosidl_typesupport_c.dir/rosidl_typesupport_c/my_robot_interfaces/msg/hardware_status__type_support.cpp.o[0m
[3.780s] [ 58%] [32m[1mLinking CXX shared library libmy_robot_interfaces__rosidl_typesupport_fastrtps_cpp.so[0m
[3.837s] [ 61%] [32m[1mLinking CXX shared library libmy_robot_interfaces__rosidl_typesupport_c.so[0m
[3.954s] [ 61%] Built target my_robot_interfaces__rosidl_typesupport_c
[4.087s] [ 61%] Built target my_robot_interfaces__rosidl_typesupport_fastrtps_cpp
[4.118s] [ 64%] [34m[1mGenerating C type support for eProsima Fast-RTPS[0m
[4.581s] [35m[1mScanning dependencies of target my_robot_interfaces__rosidl_typesupport_fastrtps_c[0m
[4.607s] [ 67%] [32mBuilding CXX object CMakeFiles/my_robot_interfaces__rosidl_typesupport_fastrtps_c.dir/rosidl_typesupport_fastrtps_c/my_robot_interfaces/msg/detail/hardware_status__type_support_c.cpp.o[0m
[5.294s] [ 70%] [32m[1mLinking CXX shared library libmy_robot_interfaces__rosidl_typesupport_fastrtps_c.so[0m
[5.501s] [ 70%] Built target my_robot_interfaces__rosidl_typesupport_fastrtps_c
[5.525s] [35m[1mScanning dependencies of target my_robot_interfaces[0m
[5.544s] [ 70%] Built target my_robot_interfaces
[5.568s] [35m[1mScanning dependencies of target my_robot_interfaces__py[0m
[5.590s] [ 74%] [34m[1mGenerating Python code for ROS interfaces[0m
[6.426s] [ 74%] Built target my_robot_interfaces__py
[6.445s] [35m[1mScanning dependencies of target my_robot_interfaces__python[0m
[6.499s] [ 77%] [32mBuilding C object CMakeFiles/my_robot_interfaces__python.dir/rosidl_generator_py/my_robot_interfaces/msg/_hardware_status_s.c.o[0m
[6.689s] [ 80%] [32m[1mLinking C shared library rosidl_generator_py/my_robot_interfaces/libmy_robot_interfaces__python.so[0m
[6.769s] [ 80%] Built target my_robot_interfaces__python
[6.798s] [35m[1mScanning dependencies of target my_robot_interfaces__rosidl_typesupport_fastrtps_c__pyext[0m
[6.799s] [35m[1mScanning dependencies of target my_robot_interfaces__rosidl_typesupport_c__pyext[0m
[6.809s] [35m[1mScanning dependencies of target my_robot_interfaces__rosidl_typesupport_introspection_c__pyext[0m
[6.857s] [ 83%] [32mBuilding C object CMakeFiles/my_robot_interfaces__rosidl_typesupport_c__pyext.dir/rosidl_generator_py/my_robot_interfaces/_my_robot_interfaces_s.ep.rosidl_typesupport_c.c.o[0m
[6.859s] [ 87%] [32mBuilding C object CMakeFiles/my_robot_interfaces__rosidl_typesupport_fastrtps_c__pyext.dir/rosidl_generator_py/my_robot_interfaces/_my_robot_interfaces_s.ep.rosidl_typesupport_fastrtps_c.c.o[0m
[6.876s] [ 90%] [32mBuilding C object CMakeFiles/my_robot_interfaces__rosidl_typesupport_introspection_c__pyext.dir/rosidl_generator_py/my_robot_interfaces/_my_robot_interfaces_s.ep.rosidl_typesupport_introspection_c.c.o[0m
[7.072s] [ 93%] [32m[1mLinking C shared library rosidl_generator_py/my_robot_interfaces/my_robot_interfaces_s__rosidl_typesupport_c.cpython-38-x86_64-linux-gnu.so[0m
[7.079s] [ 96%] [32m[1mLinking C shared library rosidl_generator_py/my_robot_interfaces/my_robot_interfaces_s__rosidl_typesupport_introspection_c.cpython-38-x86_64-linux-gnu.so[0m
[7.087s] [100%] [32m[1mLinking CXX shared library rosidl_generator_py/my_robot_interfaces/my_robot_interfaces_s__rosidl_typesupport_fastrtps_c.cpython-38-x86_64-linux-gnu.so[0m
[7.174s] [100%] Built target my_robot_interfaces__rosidl_typesupport_introspection_c__pyext
[7.184s] [100%] Built target my_robot_interfaces__rosidl_typesupport_c__pyext
[7.259s] [100%] Built target my_robot_interfaces__rosidl_typesupport_fastrtps_c__pyext
[7.279s] Invoked command in '/home/nmolla/ros2_ws/build/my_robot_interfaces' returned '0': CMAKE_PREFIX_PATH=${CMAKE_PREFIX_PATH}:/opt/ros/galactic /usr/bin/cmake --build /home/nmolla/ros2_ws/build/my_robot_interfaces -- -j4 -l4
[7.400s] Invoking command in '/home/nmolla/ros2_ws/build/my_robot_interfaces': CMAKE_PREFIX_PATH=${CMAKE_PREFIX_PATH}:/opt/ros/galactic /usr/bin/cmake --install /home/nmolla/ros2_ws/build/my_robot_interfaces
[7.416s] -- Install configuration: ""
[7.417s] -- Installing: /home/nmolla/ros2_ws/install/my_robot_interfaces/share/ament_index/resource_index/rosidl_interfaces/my_robot_interfaces
[7.417s] -- Installing: /home/nmolla/ros2_ws/install/my_robot_interfaces/include/my_robot_interfaces
[7.418s] -- Installing: /home/nmolla/ros2_ws/install/my_robot_interfaces/include/my_robot_interfaces/msg
[7.418s] -- Installing: /home/nmolla/ros2_ws/install/my_robot_interfaces/include/my_robot_interfaces/msg/hardware_status.h
[7.418s] -- Installing: /home/nmolla/ros2_ws/install/my_robot_interfaces/include/my_robot_interfaces/msg/rosidl_generator_c__visibility_control.h
[7.418s] -- Installing: /home/nmolla/ros2_ws/install/my_robot_interfaces/include/my_robot_interfaces/msg/detail
[7.419s] -- Installing: /home/nmolla/ros2_ws/install/my_robot_interfaces/include/my_robot_interfaces/msg/detail/hardware_status__functions.c
[7.419s] -- Installing: /home/nmolla/ros2_ws/install/my_robot_interfaces/include/my_robot_interfaces/msg/detail/hardware_status__type_support.h
[7.419s] -- Installing: /home/nmolla/ros2_ws/install/my_robot_interfaces/include/my_robot_interfaces/msg/detail/hardware_status__struct.h
[7.419s] -- Installing: /home/nmolla/ros2_ws/install/my_robot_interfaces/include/my_robot_interfaces/msg/detail/hardware_status__functions.h
[7.419s] -- Installing: /home/nmolla/ros2_ws/install/my_robot_interfaces/share/my_robot_interfaces/environment/library_path.sh
[7.420s] -- Installing: /home/nmolla/ros2_ws/install/my_robot_interfaces/share/my_robot_interfaces/environment/library_path.dsv
[7.420s] -- Installing: /home/nmolla/ros2_ws/install/my_robot_interfaces/lib/libmy_robot_interfaces__rosidl_generator_c.so
[7.421s] -- Set runtime path of "/home/nmolla/ros2_ws/install/my_robot_interfaces/lib/libmy_robot_interfaces__rosidl_generator_c.so" to ""
[7.422s] -- Up-to-date: /home/nmolla/ros2_ws/install/my_robot_interfaces/include/my_robot_interfaces
[7.423s] -- Up-to-date: /home/nmolla/ros2_ws/install/my_robot_interfaces/include/my_robot_interfaces/msg
[7.423s] -- Installing: /home/nmolla/ros2_ws/install/my_robot_interfaces/include/my_robot_interfaces/msg/rosidl_typesupport_fastrtps_c__visibility_control.h
[7.424s] -- Up-to-date: /home/nmolla/ros2_ws/install/my_robot_interfaces/include/my_robot_interfaces/msg/detail
[7.426s] -- Installing: /home/nmolla/ros2_ws/install/my_robot_interfaces/include/my_robot_interfaces/msg/detail/hardware_status__rosidl_typesupport_fastrtps_c.h
[7.427s] -- Installing: /home/nmolla/ros2_ws/install/my_robot_interfaces/lib/libmy_robot_interfaces__rosidl_typesupport_fastrtps_c.so
[7.428s] -- Set runtime path of "/home/nmolla/ros2_ws/install/my_robot_interfaces/lib/libmy_robot_interfaces__rosidl_typesupport_fastrtps_c.so" to ""
[7.428s] -- Up-to-date: /home/nmolla/ros2_ws/install/my_robot_interfaces/include/my_robot_interfaces
[7.428s] -- Up-to-date: /home/nmolla/ros2_ws/install/my_robot_interfaces/include/my_robot_interfaces/msg
[7.428s] -- Installing: /home/nmolla/ros2_ws/install/my_robot_interfaces/include/my_robot_interfaces/msg/rosidl_typesupport_fastrtps_cpp__visibility_control.h
[7.428s] -- Up-to-date: /home/nmolla/ros2_ws/install/my_robot_interfaces/include/my_robot_interfaces/msg/detail
[7.430s] -- Installing: /home/nmolla/ros2_ws/install/my_robot_interfaces/include/my_robot_interfaces/msg/detail/dds_fastrtps
[7.430s] -- Installing: /home/nmolla/ros2_ws/install/my_robot_interfaces/include/my_robot_interfaces/msg/detail/hardware_status__rosidl_typesupport_fastrtps_cpp.hpp
[7.430s] -- Installing: /home/nmolla/ros2_ws/install/my_robot_interfaces/lib/libmy_robot_interfaces__rosidl_typesupport_fastrtps_cpp.so
[7.430s] -- Set runtime path of "/home/nmolla/ros2_ws/install/my_robot_interfaces/lib/libmy_robot_interfaces__rosidl_typesupport_fastrtps_cpp.so" to ""
[7.431s] -- Up-to-date: /home/nmolla/ros2_ws/install/my_robot_interfaces/include/my_robot_interfaces
[7.431s] -- Up-to-date: /home/nmolla/ros2_ws/install/my_robot_interfaces/include/my_robot_interfaces/msg
[7.431s] -- Up-to-date: /home/nmolla/ros2_ws/install/my_robot_interfaces/include/my_robot_interfaces/msg/detail
[7.431s] -- Installing: /home/nmolla/ros2_ws/install/my_robot_interfaces/include/my_robot_interfaces/msg/detail/hardware_status__rosidl_typesupport_introspection_c.h
[7.431s] -- Installing: /home/nmolla/ros2_ws/install/my_robot_interfaces/include/my_robot_interfaces/msg/detail/hardware_status__type_support.c
[7.431s] -- Installing: /home/nmolla/ros2_ws/install/my_robot_interfaces/include/my_robot_interfaces/msg/rosidl_typesupport_introspection_c__visibility_control.h
[7.431s] -- Installing: /home/nmolla/ros2_ws/install/my_robot_interfaces/lib/libmy_robot_interfaces__rosidl_typesupport_introspection_c.so
[7.431s] -- Set runtime path of "/home/nmolla/ros2_ws/install/my_robot_interfaces/lib/libmy_robot_interfaces__rosidl_typesupport_introspection_c.so" to ""
[7.432s] -- Installing: /home/nmolla/ros2_ws/install/my_robot_interfaces/lib/libmy_robot_interfaces__rosidl_typesupport_c.so
[7.432s] -- Set runtime path of "/home/nmolla/ros2_ws/install/my_robot_interfaces/lib/libmy_robot_interfaces__rosidl_typesupport_c.so" to ""
[7.432s] -- Up-to-date: /home/nmolla/ros2_ws/install/my_robot_interfaces/include/my_robot_interfaces
[7.433s] -- Up-to-date: /home/nmolla/ros2_ws/install/my_robot_interfaces/include/my_robot_interfaces/msg
[7.433s] -- Up-to-date: /home/nmolla/ros2_ws/install/my_robot_interfaces/include/my_robot_interfaces/msg/detail
[7.433s] -- Installing: /home/nmolla/ros2_ws/install/my_robot_interfaces/include/my_robot_interfaces/msg/detail/hardware_status__traits.hpp
[7.433s] -- Installing: /home/nmolla/ros2_ws/install/my_robot_interfaces/include/my_robot_interfaces/msg/detail/hardware_status__builder.hpp
[7.434s] -- Installing: /home/nmolla/ros2_ws/install/my_robot_interfaces/include/my_robot_interfaces/msg/detail/hardware_status__struct.hpp
[7.434s] -- Installing: /home/nmolla/ros2_ws/install/my_robot_interfaces/include/my_robot_interfaces/msg/hardware_status.hpp
[7.435s] -- Up-to-date: /home/nmolla/ros2_ws/install/my_robot_interfaces/include/my_robot_interfaces
[7.435s] -- Up-to-date: /home/nmolla/ros2_ws/install/my_robot_interfaces/include/my_robot_interfaces/msg
[7.436s] -- Up-to-date: /home/nmolla/ros2_ws/install/my_robot_interfaces/include/my_robot_interfaces/msg/detail
[7.437s] -- Installing: /home/nmolla/ros2_ws/install/my_robot_interfaces/include/my_robot_interfaces/msg/detail/hardware_status__rosidl_typesupport_introspection_cpp.hpp
[7.437s] -- Installing: /home/nmolla/ros2_ws/install/my_robot_interfaces/include/my_robot_interfaces/msg/detail/hardware_status__type_support.cpp
[7.437s] -- Installing: /home/nmolla/ros2_ws/install/my_robot_interfaces/lib/libmy_robot_interfaces__rosidl_typesupport_introspection_cpp.so
[7.438s] -- Set runtime path of "/home/nmolla/ros2_ws/install/my_robot_interfaces/lib/libmy_robot_interfaces__rosidl_typesupport_introspection_cpp.so" to ""
[7.438s] -- Installing: /home/nmolla/ros2_ws/install/my_robot_interfaces/lib/libmy_robot_interfaces__rosidl_typesupport_cpp.so
[7.439s] -- Set runtime path of "/home/nmolla/ros2_ws/install/my_robot_interfaces/lib/libmy_robot_interfaces__rosidl_typesupport_cpp.so" to ""
[7.440s] -- Installing: /home/nmolla/ros2_ws/install/my_robot_interfaces/share/my_robot_interfaces/environment/pythonpath.sh
[7.440s] -- Installing: /home/nmolla/ros2_ws/install/my_robot_interfaces/share/my_robot_interfaces/environment/pythonpath.dsv
[7.440s] -- Installing: /home/nmolla/ros2_ws/install/my_robot_interfaces/lib/python3.8/site-packages/my_robot_interfaces/__init__.py
[7.512s] Compiling '/home/nmolla/ros2_ws/install/my_robot_interfaces/lib/python3.8/site-packages/my_robot_interfaces/__init__.py'...
[7.521s] -- Installing: /home/nmolla/ros2_ws/install/my_robot_interfaces/lib/python3.8/site-packages/my_robot_interfaces/msg
[7.521s] -- Installing: /home/nmolla/ros2_ws/install/my_robot_interfaces/lib/python3.8/site-packages/my_robot_interfaces/msg/_hardware_status.py
[7.521s] -- Installing: /home/nmolla/ros2_ws/install/my_robot_interfaces/lib/python3.8/site-packages/my_robot_interfaces/msg/_hardware_status_s.c
[7.522s] -- Installing: /home/nmolla/ros2_ws/install/my_robot_interfaces/lib/python3.8/site-packages/my_robot_interfaces/msg/__init__.py
[7.522s] -- Installing: /home/nmolla/ros2_ws/install/my_robot_interfaces/lib/python3.8/site-packages/my_robot_interfaces/my_robot_interfaces_s__rosidl_typesupport_fastrtps_c.cpython-38-x86_64-linux-gnu.so
[7.523s] -- Set runtime path of "/home/nmolla/ros2_ws/install/my_robot_interfaces/lib/python3.8/site-packages/my_robot_interfaces/my_robot_interfaces_s__rosidl_typesupport_fastrtps_c.cpython-38-x86_64-linux-gnu.so" to ""
[7.523s] -- Installing: /home/nmolla/ros2_ws/install/my_robot_interfaces/lib/python3.8/site-packages/my_robot_interfaces/my_robot_interfaces_s__rosidl_typesupport_introspection_c.cpython-38-x86_64-linux-gnu.so
[7.524s] -- Set runtime path of "/home/nmolla/ros2_ws/install/my_robot_interfaces/lib/python3.8/site-packages/my_robot_interfaces/my_robot_interfaces_s__rosidl_typesupport_introspection_c.cpython-38-x86_64-linux-gnu.so" to ""
[7.525s] -- Installing: /home/nmolla/ros2_ws/install/my_robot_interfaces/lib/python3.8/site-packages/my_robot_interfaces/my_robot_interfaces_s__rosidl_typesupport_c.cpython-38-x86_64-linux-gnu.so
[7.526s] -- Set runtime path of "/home/nmolla/ros2_ws/install/my_robot_interfaces/lib/python3.8/site-packages/my_robot_interfaces/my_robot_interfaces_s__rosidl_typesupport_c.cpython-38-x86_64-linux-gnu.so" to ""
[7.526s] -- Installing: /home/nmolla/ros2_ws/install/my_robot_interfaces/lib/libmy_robot_interfaces__python.so
[7.527s] -- Set runtime path of "/home/nmolla/ros2_ws/install/my_robot_interfaces/lib/libmy_robot_interfaces__python.so" to ""
[7.528s] -- Installing: /home/nmolla/ros2_ws/install/my_robot_interfaces/share/my_robot_interfaces/msg/HardwareStatus.idl
[7.528s] -- Installing: /home/nmolla/ros2_ws/install/my_robot_interfaces/share/my_robot_interfaces/msg/HardwareStatus.msg
[7.528s] -- Installing: /home/nmolla/ros2_ws/install/my_robot_interfaces/share/ament_index/resource_index/package_run_dependencies/my_robot_interfaces
[7.528s] -- Installing: /home/nmolla/ros2_ws/install/my_robot_interfaces/share/ament_index/resource_index/parent_prefix_path/my_robot_interfaces
[7.528s] -- Installing: /home/nmolla/ros2_ws/install/my_robot_interfaces/share/my_robot_interfaces/environment/ament_prefix_path.sh
[7.529s] -- Installing: /home/nmolla/ros2_ws/install/my_robot_interfaces/share/my_robot_interfaces/environment/ament_prefix_path.dsv
[7.529s] -- Installing: /home/nmolla/ros2_ws/install/my_robot_interfaces/share/my_robot_interfaces/environment/path.sh
[7.529s] -- Installing: /home/nmolla/ros2_ws/install/my_robot_interfaces/share/my_robot_interfaces/environment/path.dsv
[7.529s] -- Installing: /home/nmolla/ros2_ws/install/my_robot_interfaces/share/my_robot_interfaces/local_setup.bash
[7.530s] -- Installing: /home/nmolla/ros2_ws/install/my_robot_interfaces/share/my_robot_interfaces/local_setup.sh
[7.530s] -- Installing: /home/nmolla/ros2_ws/install/my_robot_interfaces/share/my_robot_interfaces/local_setup.zsh
[7.530s] -- Installing: /home/nmolla/ros2_ws/install/my_robot_interfaces/share/my_robot_interfaces/local_setup.dsv
[7.531s] -- Installing: /home/nmolla/ros2_ws/install/my_robot_interfaces/share/my_robot_interfaces/package.dsv
[7.531s] -- Installing: /home/nmolla/ros2_ws/install/my_robot_interfaces/share/ament_index/resource_index/packages/my_robot_interfaces
[7.531s] -- Installing: /home/nmolla/ros2_ws/install/my_robot_interfaces/share/my_robot_interfaces/cmake/my_robot_interfaces__rosidl_generator_cExport.cmake
[7.532s] -- Installing: /home/nmolla/ros2_ws/install/my_robot_interfaces/share/my_robot_interfaces/cmake/my_robot_interfaces__rosidl_generator_cExport-noconfig.cmake
[7.533s] -- Installing: /home/nmolla/ros2_ws/install/my_robot_interfaces/share/my_robot_interfaces/cmake/my_robot_interfaces__rosidl_typesupport_introspection_cExport.cmake
[7.533s] -- Installing: /home/nmolla/ros2_ws/install/my_robot_interfaces/share/my_robot_interfaces/cmake/my_robot_interfaces__rosidl_typesupport_introspection_cExport-noconfig.cmake
[7.533s] -- Installing: /home/nmolla/ros2_ws/install/my_robot_interfaces/share/my_robot_interfaces/cmake/my_robot_interfaces__rosidl_typesupport_cExport.cmake
[7.533s] -- Installing: /home/nmolla/ros2_ws/install/my_robot_interfaces/share/my_robot_interfaces/cmake/my_robot_interfaces__rosidl_typesupport_cExport-noconfig.cmake
[7.534s] -- Installing: /home/nmolla/ros2_ws/install/my_robot_interfaces/share/my_robot_interfaces/cmake/my_robot_interfaces__rosidl_generator_cppExport.cmake
[7.534s] -- Installing: /home/nmolla/ros2_ws/install/my_robot_interfaces/share/my_robot_interfaces/cmake/my_robot_interfaces__rosidl_typesupport_introspection_cppExport.cmake
[7.535s] -- Installing: /home/nmolla/ros2_ws/install/my_robot_interfaces/share/my_robot_interfaces/cmake/my_robot_interfaces__rosidl_typesupport_introspection_cppExport-noconfig.cmake
[7.535s] -- Installing: /home/nmolla/ros2_ws/install/my_robot_interfaces/share/my_robot_interfaces/cmake/my_robot_interfaces__rosidl_typesupport_cppExport.cmake
[7.535s] -- Installing: /home/nmolla/ros2_ws/install/my_robot_interfaces/share/my_robot_interfaces/cmake/my_robot_interfaces__rosidl_typesupport_cppExport-noconfig.cmake
[7.536s] -- Installing: /home/nmolla/ros2_ws/install/my_robot_interfaces/share/my_robot_interfaces/cmake/rosidl_cmake-extras.cmake
[7.536s] -- Installing: /home/nmolla/ros2_ws/install/my_robot_interfaces/share/my_robot_interfaces/cmake/ament_cmake_export_dependencies-extras.cmake
[7.536s] -- Installing: /home/nmolla/ros2_ws/install/my_robot_interfaces/share/my_robot_interfaces/cmake/ament_cmake_export_libraries-extras.cmake
[7.536s] -- Installing: /home/nmolla/ros2_ws/install/my_robot_interfaces/share/my_robot_interfaces/cmake/ament_cmake_export_targets-extras.cmake
[7.537s] -- Installing: /home/nmolla/ros2_ws/install/my_robot_interfaces/share/my_robot_interfaces/cmake/ament_cmake_export_include_directories-extras.cmake
[7.537s] -- Installing: /home/nmolla/ros2_ws/install/my_robot_interfaces/share/my_robot_interfaces/cmake/rosidl_cmake_export_typesupport_libraries-extras.cmake
[7.537s] -- Installing: /home/nmolla/ros2_ws/install/my_robot_interfaces/share/my_robot_interfaces/cmake/rosidl_cmake_export_typesupport_targets-extras.cmake
[7.538s] -- Installing: /home/nmolla/ros2_ws/install/my_robot_interfaces/share/my_robot_interfaces/cmake/my_robot_interfacesConfig.cmake
[7.538s] -- Installing: /home/nmolla/ros2_ws/install/my_robot_interfaces/share/my_robot_interfaces/cmake/my_robot_interfacesConfig-version.cmake
[7.538s] -- Installing: /home/nmolla/ros2_ws/install/my_robot_interfaces/share/my_robot_interfaces/package.xml
[7.544s] Invoked command in '/home/nmolla/ros2_ws/build/my_robot_interfaces' returned '0': CMAKE_PREFIX_PATH=${CMAKE_PREFIX_PATH}:/opt/ros/galactic /usr/bin/cmake --install /home/nmolla/ros2_ws/build/my_robot_interfaces
