[0.262s] DEBUG:colcon:Command line arguments: ['/usr/bin/colcon', 'build']
[0.263s] DEBUG:colcon:Parsed command line arguments: Namespace(allow_overriding=[], ament_cmake_args=None, base_paths=['.'], build_base='build', catkin_cmake_args=None, catkin_skip_building_tests=False, cmake_args=None, cmake_clean_cache=False, cmake_clean_first=False, cmake_force_configure=False, cmake_target=None, cmake_target_skip_unavailable=False, continue_on_error=False, event_handlers=None, executor='parallel', ignore_user_meta=False, install_base='install', log_base=None, log_level=None, main=<bound method BuildVerb.main of <colcon_core.verb.build.BuildVerb object at 0x7fb074c58580>>, merge_install=False, metas=['./colcon.meta'], packages_above=None, packages_above_and_dependencies=None, packages_above_depth=None, packages_end=None, packages_ignore=None, packages_ignore_regex=None, packages_select=None, packages_select_build_failed=False, packages_select_by_dep=None, packages_select_regex=None, packages_select_test_failures=False, packages_skip=None, packages_skip_build_finished=False, packages_skip_by_dep=None, packages_skip_regex=None, packages_skip_test_passed=False, packages_skip_up_to=None, packages_start=None, packages_up_to=None, packages_up_to_regex=None, parallel_workers=4, paths=None, symlink_install=False, test_result_base=None, verb_extension=<colcon_core.verb.build.BuildVerb object at 0x7fb074c58580>, verb_name='build', verb_parser=<colcon_defaults.argument_parser.defaults.DefaultArgumentsDecorator object at 0x7fb074c58ac0>)
[0.298s] Level 1:colcon.colcon_core.package_discovery:discover_packages(colcon_meta) check parameters
[0.298s] Level 1:colcon.colcon_core.package_discovery:discover_packages(recursive) check parameters
[0.298s] Level 1:colcon.colcon_core.package_discovery:discover_packages(ignore) check parameters
[0.299s] Level 1:colcon.colcon_core.package_discovery:discover_packages(path) check parameters
[0.299s] Level 1:colcon.colcon_core.package_discovery:discover_packages(colcon_meta) discover
[0.299s] Level 1:colcon.colcon_core.package_discovery:discover_packages(recursive) discover
[0.299s] INFO:colcon.colcon_core.package_discovery:Crawling recursively for packages in '/home/nmolla/ros2_ws'
[0.299s] Level 1:colcon.colcon_core.package_identification:_identify(.) by extensions ['ignore', 'ignore_ament_install']
[0.299s] Level 1:colcon.colcon_core.package_identification:_identify(.) by extension 'ignore'
[0.299s] Level 1:colcon.colcon_core.package_identification:_identify(.) by extension 'ignore_ament_install'
[0.299s] Level 1:colcon.colcon_core.package_identification:_identify(.) by extensions ['colcon_pkg']
[0.299s] Level 1:colcon.colcon_core.package_identification:_identify(.) by extension 'colcon_pkg'
[0.299s] Level 1:colcon.colcon_core.package_identification:_identify(.) by extensions ['colcon_meta']
[0.299s] Level 1:colcon.colcon_core.package_identification:_identify(.) by extension 'colcon_meta'
[0.300s] Level 1:colcon.colcon_core.package_identification:_identify(.) by extensions ['ros']
[0.300s] Level 1:colcon.colcon_core.package_identification:_identify(.) by extension 'ros'
[0.317s] Level 1:colcon.colcon_core.package_identification:_identify(.) by extensions ['cmake', 'python']
[0.317s] Level 1:colcon.colcon_core.package_identification:_identify(.) by extension 'cmake'
[0.318s] Level 1:colcon.colcon_core.package_identification:_identify(.) by extension 'python'
[0.318s] Level 1:colcon.colcon_core.package_identification:_identify(.) by extensions ['python_setup_py']
[0.318s] Level 1:colcon.colcon_core.package_identification:_identify(.) by extension 'python_setup_py'
[0.318s] Level 1:colcon.colcon_core.package_identification:_identify(build) by extensions ['ignore', 'ignore_ament_install']
[0.318s] Level 1:colcon.colcon_core.package_identification:_identify(build) by extension 'ignore'
[0.318s] Level 1:colcon.colcon_core.package_identification:_identify(build) ignored
[0.319s] Level 1:colcon.colcon_core.package_identification:_identify(install) by extensions ['ignore', 'ignore_ament_install']
[0.319s] Level 1:colcon.colcon_core.package_identification:_identify(install) by extension 'ignore'
[0.319s] Level 1:colcon.colcon_core.package_identification:_identify(install) ignored
[0.320s] Level 1:colcon.colcon_core.package_identification:_identify(log) by extensions ['ignore', 'ignore_ament_install']
[0.320s] Level 1:colcon.colcon_core.package_identification:_identify(log) by extension 'ignore'
[0.320s] Level 1:colcon.colcon_core.package_identification:_identify(log) ignored
[0.320s] Level 1:colcon.colcon_core.package_identification:_identify(src) by extensions ['ignore', 'ignore_ament_install']
[0.320s] Level 1:colcon.colcon_core.package_identification:_identify(src) by extension 'ignore'
[0.321s] Level 1:colcon.colcon_core.package_identification:_identify(src) by extension 'ignore_ament_install'
[0.321s] Level 1:colcon.colcon_core.package_identification:_identify(src) by extensions ['colcon_pkg']
[0.321s] Level 1:colcon.colcon_core.package_identification:_identify(src) by extension 'colcon_pkg'
[0.321s] Level 1:colcon.colcon_core.package_identification:_identify(src) by extensions ['colcon_meta']
[0.321s] Level 1:colcon.colcon_core.package_identification:_identify(src) by extension 'colcon_meta'
[0.321s] Level 1:colcon.colcon_core.package_identification:_identify(src) by extensions ['ros']
[0.321s] Level 1:colcon.colcon_core.package_identification:_identify(src) by extension 'ros'
[0.321s] Level 1:colcon.colcon_core.package_identification:_identify(src) by extensions ['cmake', 'python']
[0.321s] Level 1:colcon.colcon_core.package_identification:_identify(src) by extension 'cmake'
[0.321s] Level 1:colcon.colcon_core.package_identification:_identify(src) by extension 'python'
[0.321s] Level 1:colcon.colcon_core.package_identification:_identify(src) by extensions ['python_setup_py']
[0.321s] Level 1:colcon.colcon_core.package_identification:_identify(src) by extension 'python_setup_py'
[0.322s] Level 1:colcon.colcon_core.package_identification:_identify(src/my_cpp_pkg) by extensions ['ignore', 'ignore_ament_install']
[0.322s] Level 1:colcon.colcon_core.package_identification:_identify(src/my_cpp_pkg) by extension 'ignore'
[0.322s] Level 1:colcon.colcon_core.package_identification:_identify(src/my_cpp_pkg) by extension 'ignore_ament_install'
[0.322s] Level 1:colcon.colcon_core.package_identification:_identify(src/my_cpp_pkg) by extensions ['colcon_pkg']
[0.322s] Level 1:colcon.colcon_core.package_identification:_identify(src/my_cpp_pkg) by extension 'colcon_pkg'
[0.322s] Level 1:colcon.colcon_core.package_identification:_identify(src/my_cpp_pkg) by extensions ['colcon_meta']
[0.322s] Level 1:colcon.colcon_core.package_identification:_identify(src/my_cpp_pkg) by extension 'colcon_meta'
[0.322s] Level 1:colcon.colcon_core.package_identification:_identify(src/my_cpp_pkg) by extensions ['ros']
[0.322s] Level 1:colcon.colcon_core.package_identification:_identify(src/my_cpp_pkg) by extension 'ros'
[0.328s] DEBUG:colcon.colcon_core.package_identification:Package 'src/my_cpp_pkg' with type 'ros.ament_cmake' and name 'my_cpp_pkg'
[0.328s] Level 1:colcon.colcon_core.package_discovery:discover_packages(recursive) using defaults
[0.328s] Level 1:colcon.colcon_core.package_discovery:discover_packages(ignore) discover
[0.328s] Level 1:colcon.colcon_core.package_discovery:discover_packages(ignore) using defaults
[0.328s] Level 1:colcon.colcon_core.package_discovery:discover_packages(path) discover
[0.328s] Level 1:colcon.colcon_core.package_discovery:discover_packages(path) using defaults
[0.373s] Level 1:colcon.colcon_core.package_discovery:discover_packages(prefix_path) check parameters
[0.373s] Level 1:colcon.colcon_core.package_discovery:discover_packages(prefix_path) discover
[0.376s] DEBUG:colcon.colcon_installed_package_information.package_discovery:Found 1 installed packages in /home/nmolla/ros2_ws/install
[0.379s] DEBUG:colcon.colcon_installed_package_information.package_discovery:Found 278 installed packages in /opt/ros/galactic
[0.381s] Level 1:colcon.colcon_core.package_discovery:discover_packages(prefix_path) using defaults
[0.507s] Level 5:colcon.colcon_core.verb:set package 'my_cpp_pkg' build argument 'cmake_args' from command line to 'None'
[0.507s] Level 5:colcon.colcon_core.verb:set package 'my_cpp_pkg' build argument 'cmake_target' from command line to 'None'
[0.507s] Level 5:colcon.colcon_core.verb:set package 'my_cpp_pkg' build argument 'cmake_target_skip_unavailable' from command line to 'False'
[0.507s] Level 5:colcon.colcon_core.verb:set package 'my_cpp_pkg' build argument 'cmake_clean_cache' from command line to 'False'
[0.507s] Level 5:colcon.colcon_core.verb:set package 'my_cpp_pkg' build argument 'cmake_clean_first' from command line to 'False'
[0.507s] Level 5:colcon.colcon_core.verb:set package 'my_cpp_pkg' build argument 'cmake_force_configure' from command line to 'False'
[0.507s] Level 5:colcon.colcon_core.verb:set package 'my_cpp_pkg' build argument 'ament_cmake_args' from command line to 'None'
[0.507s] Level 5:colcon.colcon_core.verb:set package 'my_cpp_pkg' build argument 'catkin_cmake_args' from command line to 'None'
[0.507s] Level 5:colcon.colcon_core.verb:set package 'my_cpp_pkg' build argument 'catkin_skip_building_tests' from command line to 'False'
[0.507s] DEBUG:colcon.colcon_core.verb:Building package 'my_cpp_pkg' with the following arguments: {'ament_cmake_args': None, 'build_base': '/home/nmolla/ros2_ws/build/my_cpp_pkg', 'catkin_cmake_args': None, 'catkin_skip_building_tests': False, 'cmake_args': None, 'cmake_clean_cache': False, 'cmake_clean_first': False, 'cmake_force_configure': False, 'cmake_target': None, 'cmake_target_skip_unavailable': False, 'install_base': '/home/nmolla/ros2_ws/install/my_cpp_pkg', 'merge_install': False, 'path': '/home/nmolla/ros2_ws/src/my_cpp_pkg', 'symlink_install': False, 'test_result_base': None}
[0.508s] INFO:colcon.colcon_core.executor:Executing jobs using 'parallel' executor
[0.513s] DEBUG:colcon.colcon_parallel_executor.executor.parallel:run_until_complete
[0.513s] INFO:colcon.colcon_ros.task.ament_cmake.build:Building ROS package in '/home/nmolla/ros2_ws/src/my_cpp_pkg' with build type 'ament_cmake'
[0.514s] INFO:colcon.colcon_cmake.task.cmake.build:Building CMake package in '/home/nmolla/ros2_ws/src/my_cpp_pkg'
[0.523s] INFO:colcon.colcon_core.plugin_system:Skipping extension 'colcon_core.shell.bat': Not used on non-Windows systems
[0.523s] INFO:colcon.colcon_core.shell:Skip shell extension 'powershell' for command environment: Not usable outside of PowerShell
[0.523s] DEBUG:colcon.colcon_core.shell:Skip shell extension 'dsv' for command environment
[0.546s] DEBUG:colcon.colcon_core.event_handler.log_command:Invoking command in '/home/nmolla/ros2_ws/build/my_cpp_pkg': CMAKE_PREFIX_PATH=${CMAKE_PREFIX_PATH}:/opt/ros/galactic /usr/bin/cmake --build /home/nmolla/ros2_ws/build/my_cpp_pkg -- -j4 -l4
[13.640s] DEBUG:colcon.colcon_core.event_handler.log_command:Invoked command in '/home/nmolla/ros2_ws/build/my_cpp_pkg' returned '0': CMAKE_PREFIX_PATH=${CMAKE_PREFIX_PATH}:/opt/ros/galactic /usr/bin/cmake --build /home/nmolla/ros2_ws/build/my_cpp_pkg -- -j4 -l4
[13.709s] DEBUG:colcon.colcon_core.event_handler.log_command:Invoking command in '/home/nmolla/ros2_ws/build/my_cpp_pkg': CMAKE_PREFIX_PATH=${CMAKE_PREFIX_PATH}:/opt/ros/galactic /usr/bin/cmake --install /home/nmolla/ros2_ws/build/my_cpp_pkg
[13.737s] Level 1:colcon.colcon_core.environment:create_environment_scripts_only(my_cpp_pkg)
[13.739s] DEBUG:colcon.colcon_core.event_handler.log_command:Invoked command in '/home/nmolla/ros2_ws/build/my_cpp_pkg' returned '0': CMAKE_PREFIX_PATH=${CMAKE_PREFIX_PATH}:/opt/ros/galactic /usr/bin/cmake --install /home/nmolla/ros2_ws/build/my_cpp_pkg
[13.747s] Level 1:colcon.colcon_core.environment:checking '/home/nmolla/ros2_ws/install/my_cpp_pkg' for CMake module files
[13.748s] Level 1:colcon.colcon_core.environment:checking '/home/nmolla/ros2_ws/install/my_cpp_pkg' for CMake config files
[13.748s] Level 1:colcon.colcon_core.shell:create_environment_hook('my_cpp_pkg', 'cmake_prefix_path')
[13.750s] INFO:colcon.colcon_core.shell:Creating environment hook '/home/nmolla/ros2_ws/install/my_cpp_pkg/share/my_cpp_pkg/hook/cmake_prefix_path.ps1'
[13.751s] INFO:colcon.colcon_core.shell:Creating environment descriptor '/home/nmolla/ros2_ws/install/my_cpp_pkg/share/my_cpp_pkg/hook/cmake_prefix_path.dsv'
[13.751s] INFO:colcon.colcon_core.shell:Creating environment hook '/home/nmolla/ros2_ws/install/my_cpp_pkg/share/my_cpp_pkg/hook/cmake_prefix_path.sh'
[13.754s] Level 1:colcon.colcon_core.environment:checking '/home/nmolla/ros2_ws/install/my_cpp_pkg/lib'
[13.754s] Level 1:colcon.colcon_core.environment:checking '/home/nmolla/ros2_ws/install/my_cpp_pkg/bin'
[13.754s] Level 1:colcon.colcon_core.environment:checking '/home/nmolla/ros2_ws/install/my_cpp_pkg/lib/pkgconfig/my_cpp_pkg.pc'
[13.754s] Level 1:colcon.colcon_core.environment:checking '/home/nmolla/ros2_ws/install/my_cpp_pkg/lib/python3.8/site-packages'
[13.755s] Level 1:colcon.colcon_core.environment:checking '/home/nmolla/ros2_ws/install/my_cpp_pkg/bin'
[13.757s] INFO:colcon.colcon_core.shell:Creating package script '/home/nmolla/ros2_ws/install/my_cpp_pkg/share/my_cpp_pkg/package.ps1'
[13.758s] INFO:colcon.colcon_core.shell:Creating package descriptor '/home/nmolla/ros2_ws/install/my_cpp_pkg/share/my_cpp_pkg/package.dsv'
[13.759s] INFO:colcon.colcon_core.shell:Creating package script '/home/nmolla/ros2_ws/install/my_cpp_pkg/share/my_cpp_pkg/package.sh'
[13.760s] INFO:colcon.colcon_core.shell:Creating package script '/home/nmolla/ros2_ws/install/my_cpp_pkg/share/my_cpp_pkg/package.bash'
[13.761s] INFO:colcon.colcon_core.shell:Creating package script '/home/nmolla/ros2_ws/install/my_cpp_pkg/share/my_cpp_pkg/package.zsh'
[13.761s] Level 1:colcon.colcon_core.environment:create_file_with_runtime_dependencies(/home/nmolla/ros2_ws/install/my_cpp_pkg/share/colcon-core/packages/my_cpp_pkg)
[13.815s] Level 1:colcon.colcon_core.environment:create_environment_scripts_only(my_cpp_pkg)
[13.818s] Level 1:colcon.colcon_core.environment:checking '/home/nmolla/ros2_ws/install/my_cpp_pkg' for CMake module files
[13.819s] Level 1:colcon.colcon_core.environment:checking '/home/nmolla/ros2_ws/install/my_cpp_pkg' for CMake config files
[13.819s] Level 1:colcon.colcon_core.shell:create_environment_hook('my_cpp_pkg', 'cmake_prefix_path')
[13.822s] INFO:colcon.colcon_core.shell:Creating environment hook '/home/nmolla/ros2_ws/install/my_cpp_pkg/share/my_cpp_pkg/hook/cmake_prefix_path.ps1'
[13.824s] INFO:colcon.colcon_core.shell:Creating environment descriptor '/home/nmolla/ros2_ws/install/my_cpp_pkg/share/my_cpp_pkg/hook/cmake_prefix_path.dsv'
[13.824s] INFO:colcon.colcon_core.shell:Creating environment hook '/home/nmolla/ros2_ws/install/my_cpp_pkg/share/my_cpp_pkg/hook/cmake_prefix_path.sh'
[13.825s] Level 1:colcon.colcon_core.environment:checking '/home/nmolla/ros2_ws/install/my_cpp_pkg/lib'
[13.825s] Level 1:colcon.colcon_core.environment:checking '/home/nmolla/ros2_ws/install/my_cpp_pkg/bin'
[13.825s] Level 1:colcon.colcon_core.environment:checking '/home/nmolla/ros2_ws/install/my_cpp_pkg/lib/pkgconfig/my_cpp_pkg.pc'
[13.826s] Level 1:colcon.colcon_core.environment:checking '/home/nmolla/ros2_ws/install/my_cpp_pkg/lib/python3.8/site-packages'
[13.826s] Level 1:colcon.colcon_core.environment:checking '/home/nmolla/ros2_ws/install/my_cpp_pkg/bin'
[13.829s] INFO:colcon.colcon_core.shell:Creating package script '/home/nmolla/ros2_ws/install/my_cpp_pkg/share/my_cpp_pkg/package.ps1'
[13.829s] INFO:colcon.colcon_core.shell:Creating package descriptor '/home/nmolla/ros2_ws/install/my_cpp_pkg/share/my_cpp_pkg/package.dsv'
[13.830s] INFO:colcon.colcon_core.shell:Creating package script '/home/nmolla/ros2_ws/install/my_cpp_pkg/share/my_cpp_pkg/package.sh'
[13.830s] INFO:colcon.colcon_core.shell:Creating package script '/home/nmolla/ros2_ws/install/my_cpp_pkg/share/my_cpp_pkg/package.bash'
[13.831s] INFO:colcon.colcon_core.shell:Creating package script '/home/nmolla/ros2_ws/install/my_cpp_pkg/share/my_cpp_pkg/package.zsh'
[13.831s] Level 1:colcon.colcon_core.environment:create_file_with_runtime_dependencies(/home/nmolla/ros2_ws/install/my_cpp_pkg/share/colcon-core/packages/my_cpp_pkg)
[13.832s] DEBUG:colcon.colcon_parallel_executor.executor.parallel:closing loop
[13.832s] DEBUG:colcon.colcon_parallel_executor.executor.parallel:loop closed
[13.833s] DEBUG:colcon.colcon_parallel_executor.executor.parallel:run_until_complete finished with '0'
[13.833s] DEBUG:colcon.colcon_core.event_reactor:joining thread
[13.845s] INFO:colcon.colcon_core.plugin_system:Skipping extension 'colcon_notification.desktop_notification.terminal_notifier': Not used on non-Darwin systems
[13.845s] INFO:colcon.colcon_core.plugin_system:Skipping extension 'colcon_notification.desktop_notification.win32': Not used on non-Windows systems
[13.845s] INFO:colcon.colcon_notification.desktop_notification:Sending desktop notification using 'notify2'
[13.885s] DEBUG:colcon.colcon_core.event_reactor:joined thread
[13.888s] INFO:colcon.colcon_core.shell:Creating prefix script '/home/nmolla/ros2_ws/install/local_setup.ps1'
[13.890s] INFO:colcon.colcon_core.shell:Creating prefix util module '/home/nmolla/ros2_ws/install/_local_setup_util_ps1.py'
[13.893s] INFO:colcon.colcon_core.shell:Creating prefix chain script '/home/nmolla/ros2_ws/install/setup.ps1'
[13.896s] INFO:colcon.colcon_core.shell:Creating prefix script '/home/nmolla/ros2_ws/install/local_setup.sh'
[13.897s] INFO:colcon.colcon_core.shell:Creating prefix util module '/home/nmolla/ros2_ws/install/_local_setup_util_sh.py'
[13.898s] INFO:colcon.colcon_core.shell:Creating prefix chain script '/home/nmolla/ros2_ws/install/setup.sh'
[13.902s] INFO:colcon.colcon_core.shell:Creating prefix script '/home/nmolla/ros2_ws/install/local_setup.bash'
[13.904s] INFO:colcon.colcon_core.shell:Creating prefix chain script '/home/nmolla/ros2_ws/install/setup.bash'
[13.907s] INFO:colcon.colcon_core.shell:Creating prefix script '/home/nmolla/ros2_ws/install/local_setup.zsh'
[13.909s] INFO:colcon.colcon_core.shell:Creating prefix chain script '/home/nmolla/ros2_ws/install/setup.zsh'
