[0.022s] Invoking command in '/home/nmolla/ros2_ws/build/my_robot_interfaces': CMAKE_PREFIX_PATH=${CMAKE_PREFIX_PATH}:/opt/ros/galactic /usr/bin/cmake --build /home/nmolla/ros2_ws/build/my_robot_interfaces -- -j4 -l4
[0.070s] -- Found ament_cmake: 1.1.6 (/opt/ros/galactic/share/ament_cmake/cmake)
[0.099s] -- Found PythonInterp: /usr/bin/python3 (found suitable version "3.8.10", minimum required is "3") 
[0.099s] -- Using PYTHON_EXECUTABLE: /usr/bin/python3
[0.190s] -- Found rosidl_default_generators: 1.1.1 (/opt/ros/galactic/share/rosidl_default_generators/cmake)
[0.193s] -- Using all available rosidl_typesupport_c: rosidl_typesupport_fastrtps_c;rosidl_typesupport_introspection_c
[0.198s] -- Found rosidl_adapter: 2.2.3 (/opt/ros/galactic/share/rosidl_adapter/cmake)
[0.372s] -- Using all available rosidl_typesupport_cpp: rosidl_typesupport_fastrtps_cpp;rosidl_typesupport_introspection_cpp
[0.403s] CMake Error at /opt/ros/galactic/share/rosidl_cmake/cmake/rosidl_generate_interfaces.cmake:93 (message):
[0.403s]   rosidl_generate_interfaces() the passed file
[0.403s]   'srv/ComputeReactangleArea.srv' doesn't exist relative to the
[0.403s]   CMAKE_CURRENT_SOURCE_DIR '/home/nmolla/ros2_ws/src/my_robot_interfaces'
[0.404s] Call Stack (most recent call first):
[0.404s]   CMakeLists.txt:15 (rosidl_generate_interfaces)
[0.404s] 
[0.404s] 
[0.405s] -- Configuring incomplete, errors occurred!
[0.405s] See also "/home/nmolla/ros2_ws/build/my_robot_interfaces/CMakeFiles/CMakeOutput.log".
[0.412s] make: *** [Makefile:748: cmake_check_build_system] Error 1
[0.415s] Invoked command in '/home/nmolla/ros2_ws/build/my_robot_interfaces' returned '2': CMAKE_PREFIX_PATH=${CMAKE_PREFIX_PATH}:/opt/ros/galactic /usr/bin/cmake --build /home/nmolla/ros2_ws/build/my_robot_interfaces -- -j4 -l4
